IQ-TREE multicore version 2.2.0.3 COVID-edition for Linux 64-bit built May 11 2022
Developed by Bui Quang Minh, James Barbetti, Nguyen Lam Tung,
Olga Chernomor, Heiko Schmidt, Dominik Schrempf, Michael Woodhams, Ly Trong Nhan.

Host:    H1 (AVX2, FMA3, 31 GB RAM)
Command: iqtree -s msa/AKR1.aln --prefix tree/AKR1
Seed:    735101 (Using SPRNG - Scalable Parallel Random Number Generator)
Time:    Sun Oct 29 20:12:50 2023
Kernel:  AVX+FMA - 1 threads (16 CPU cores detected)

HINT: Use -nt option to specify number of threads because your CPU has 16 cores!
HINT: -nt AUTO will automatically determine the best number of threads to use.

Reading alignment file msa/AKR1.aln ... Fasta format detected
Reading fasta file: done in 0.00237616 secs using 55.3% CPU
Alignment most likely contains protein sequences
Constructing alignment: done in 0.00202744 secs using 99.88% CPU
Alignment has 65 sequences with 624 columns, 423 distinct patterns
277 parsimony-informative, 78 singleton sites, 269 constant sites
                                                                    Gap/Ambiguity  Composition  p-value
Analyzing sequences: done in 0.000178406 secs using 99.21% CPU
   1  AKR1A1|NP_006057.1|Homo                                              47.92%    passed     83.69%
   2  AKR1A2|P50578.3|Sus                                                  47.92%    passed     71.98%
   3  AKR1A3|P51635.2|Rattus                                               47.92%    passed     76.02%
   4  AKR1A4|NP_067448.1|Mus                                               47.92%    passed     73.12%
   5  AKR1B1|NP_001619.1|Homo                                              49.36%    passed     99.98%
   6  AKR1B2|P15122.3|Oryctolagus|cuniculus|Animalia|Mammalia|Lagomorpha   49.36%    passed     99.92%
   7  AKR1B3|P45376.3|Mus                                                  49.36%    passed     99.38%
   8  AKR1B4|NP_036630.1|Rattus                                            49.36%    passed     99.69%
   9  AKR1B5|P16116.2|Bos                                                  49.52%    passed     99.47%
  10  AKR1B6|P80276.2|Sus                                                  49.36%    passed     99.84%
  11  AKR1B7|P21300.4|Mus                                                  49.36%    passed     98.74%
  12  AKR1B8|NP_032038.1|Mus                                               49.36%    passed     96.78%
  13  AKR1B9|AAC53199.1|Cricetulus                                         49.36%    passed     98.51%
  14  AKR1B10|NP_064695.3|Homo                                             49.36%    passed     98.14%
  15  AKR1B12|CAC40811.1|Gallus                                            49.20%    passed     80.57%
  16  AKR1B13|CAC80649.1|Rattus                                            49.36%    passed     96.85%
  17  AKR1B14|NP_446233.2|Rattus                                           49.36%    passed     96.98%
  18  AKR1B15|EAL24068.1|Homo                                              41.99%    passed     70.65%
  19  AKR1B18|NP_001013102.1|Rattus                                        49.36%    passed     98.72%
  20  AKR1B19|NP_001254517.1|Oryctolagus                                   49.36%    passed     93.04%
  21  AKR1C1|NP_001344.2|Homo                                              48.24%    passed     99.82%
  22  AKR1C2|NP_001345.1|Homo                                              48.24%    passed     99.84%
  23  AKR1C3|NP_003730.4|Homo                                              48.24%    passed     99.75%
  24  AKR1C4|P17516.3|Homo                                                 48.24%    passed     99.04%
  25  AKR1C5|P80508.1|Oryctolagus                                          48.24%    passed     99.88%
  26  AKR1C6|NP_085114.1|Mus                                               48.24%    passed     99.28%
  27  AKR1C7|P05980.3|Bos                                                  48.24%    passed     98.87%
  28  AKR1C8|P51652.1|Rattus                                               48.24%    passed     81.61%
  29  AKR1C9|P23457.1|Rattus                                               48.40%    passed     97.79%
  30  AKR1C10a|P02532.3|Rana                                               48.08%    passed     90.58%
  31  AKR1C10b|P17264.2|Rana                                               48.08%    passed     88.36%
  32  AKR1C11|BAA13690.1|Bos                                               48.24%    passed     99.92%
  33  AKR1C12|NP_038805.2|Mus                                              48.24%    passed     93.13%
  34  AKR1C13|NP_038806.2|Mus                                              48.24%    passed     96.17%
  35  AKR1C14|NP_598833.1|Mus                                              48.24%    passed     99.62%
  36  AKR1C15|2008147B|Rattus                                              48.24%    passed     99.99%
  37  AKR1C16|2008147A|Rattus                                              49.04%    passed     99.45%
  38  AKR1C17|2008147C|Rattus                                              48.56%    passed     99.16%
  39  AKR1C18|NP_001333464.1|Mus                                           52.40%    passed     86.98%
  40  AKR1C19|NP_001013807.2|Mus                                           48.24%    passed     99.96%
  41  AKR1C20|NP_473421.1|Mus                                              58.01%    passed     96.28%
  42  AKR1C21|NP_084177.2|Mus                                              48.24%    passed     99.96%
  43  AKR1C22|BAD02825.1|Mus                                               48.24%    passed     93.72%
  44  AKR1C23|AAY16444.1|Equus                                             48.40%    passed    100.00%
  45  AKR1C24|BAE75957.1|Rattus                                            48.24%    passed     97.91%
  46  AKR1C25|BAB63209.2|Macaca                                            48.24%    passed     94.63%
  47  AKR1C26|BAM37087.1|Oryctolagus                                       48.24%    passed     99.98%
  48  AKR1C27|BAM37088.1|Oryctolagus                                       48.24%    passed     99.55%
  49  AKR1C28|BAM37089.1|Oryctolagus                                       48.24%    passed     99.37%
  50  AKR1C29|BAN20006.1|Oryctolagus                                       48.24%    passed     99.93%
  51  AKR1C30|BAN84250.1|Oryctolagus                                       48.24%    passed     99.96%
  52  AKR1C31|BAN84251.1|Oryctolagus                                       48.24%    passed    100.00%
  53  AKR1C32|BAN84252.1|Oryctolagus                                       48.24%    passed     99.84%
  54  AKR1C33|BAN84253.1|Oryctolagus                                       48.40%    passed     99.77%
  55  AKR1C34|BAP76082.1|Mesocricetus                                      48.24%    passed     99.82%
  56  AKR1C35|BAP76083.1|Mesocricetus                                      48.24%    passed     98.51%
  57  AKR1D1|NP_005980.1|Homo                                              47.76%    passed     99.06%
  58  AKR1D2|NP_620239.2|Rattus                                            47.92%    passed     96.72%
  59  AKR1D3|BAA82867.1|Oryctolagus                                        47.76%    passed     90.87%
  60  AKR1D4|NP_663397.1|Mus                                               19.07%    failed      0.00%
  61  AKR1E1|AAB37274.1|Mus                                                51.76%    passed     75.82%
  62  AKR1E2|Q96JD6.2|Homo                                                 48.72%    passed     72.31%
  63  AKR1G1|NP_509242.1|Caenorhabditis                                    49.20%    passed     37.34%
  64  AKR1H1|AFV36370.1|Reticulitermes                                     46.31%    passed     60.58%
  65  AKR1I1|5KET_A|Coptotermes                                            45.51%    passed     81.83%
WARNING: 3 sequences contain more than 50% gaps/ambiguity
****  TOTAL                                                                48.15%  1 sequences failed composition chi2 test (p-value<5%; df=19)
Checking for duplicate sequences: done in 0.000390882 secs using 99.77% CPU


Create initial parsimony tree by phylogenetic likelihood library (PLL)... 0.007 seconds
Perform fast likelihood tree search using LG+I+G model...
Estimate model parameters (epsilon = 5.000)
Perform nearest neighbor interchange...
Optimizing NNI: done in 0.422995 secs using 100% CPU
Estimate model parameters (epsilon = 1.000)
1. Initial log-likelihood: -16508.177
Optimal log-likelihood: -16507.305
Proportion of invariable sites: 0.019
Gamma shape alpha: 1.107
Parameters optimization took 1 rounds (0.138 sec)
Time for fast ML tree search: 1.287 seconds

NOTE: ModelFinder requires 44 MB RAM!
ModelFinder will test up to 1232 protein models (sample size: 624) ...
 No. Model         -LnL         df  AIC          AICc         BIC
  1  LG            17130.457    127 34514.914    34580.462    35078.305
  2  LG+I          17085.537    128 34427.074    34493.789    34994.901
  3  LG+G4         16507.038    128 33270.076    33336.791    33837.903
  4  LG+I+G4       16506.640    129 33271.279    33339.174    33843.542
  5  LG+R2         16608.780    129 33475.561    33543.456    34047.824
  6  LG+R3         16509.332    131 33280.664    33350.957    33861.800
  7  LG+R4         16487.322    133 33240.645    33313.388    33830.653
  8  LG+R5         16478.821    135 33227.642    33302.888    33826.522
  9  LG+R6         16478.008    137 33230.016    33307.819    33837.769
 14  LG+I+I+R2     16595.028    130 33450.056    33519.143    34026.755
 15  LG+I+I+R3     16504.140    132 33272.280    33343.791    33857.851
 16  LG+I+I+R4     16485.772    134 33239.543    33313.531    33833.987
 17  LG+I+I+R5     16478.873    136 33229.745    33306.263    33833.062
 18  LG+I+I+R6     16478.337    138 33232.675    33311.776    33844.864
 29  LG+F+R4       16472.578    152 33249.156    33347.908    33923.451
 30  LG+F+R5       16464.014    154 33236.028    33337.819    33919.195
 38  LG+F+I+I+R4   16470.399    153 33246.797    33347.061    33925.528
 39  LG+F+I+I+R5   16464.009    155 33238.018    33341.352    33925.621
 51  WAG+R4        16503.778    133 33273.556    33346.299    33863.564
 52  WAG+R5        16499.723    135 33269.445    33344.691    33868.326
 60  WAG+I+I+R4    16502.983    134 33273.966    33347.954    33868.410
 61  WAG+I+I+R5    16502.030    136 33276.059    33352.576    33879.375
 73  WAG+F+R4      16516.458    152 33336.917    33435.668    34011.211
 74  WAG+F+R5      16511.635    154 33331.270    33433.061    34014.437
 82  WAG+F+I+I+R4  16515.271    153 33336.543    33436.807    34015.274
 83  WAG+F+I+I+R5  16514.251    155 33338.501    33441.835    34026.105
 95  JTT+R4        16490.852    133 33247.704    33320.447    33837.712
 96  JTT+R5        16485.107    135 33240.214    33315.459    33839.094
104  JTT+I+I+R4    16490.848    134 33249.697    33323.684    33844.141
105  JTT+I+I+R5    16485.608    136 33243.216    33319.734    33846.533
117  JTT+F+R4      16468.982    152 33241.964    33340.715    33916.259
118  JTT+F+R5      16463.127    154 33234.255    33336.046    33917.422
126  JTT+F+I+I+R4  16468.688    153 33243.375    33343.639    33922.106
127  JTT+F+I+I+R5  16464.126    155 33238.252    33341.585    33925.855
WARNING: Normalizing state frequencies so that sum of them equals to 1
139  Q.pfam+R4     16492.739    133 33251.479    33324.222    33841.487
WARNING: Normalizing state frequencies so that sum of them equals to 1
140  Q.pfam+R5     16486.606    135 33243.213    33318.459    33842.093
WARNING: Normalizing state frequencies so that sum of them equals to 1
148  Q.pfam+I+I+R4 16491.613    134 33251.225    33325.213    33845.669
WARNING: Normalizing state frequencies so that sum of them equals to 1
149  Q.pfam+I+I+R5 16487.107    136 33246.214    33322.732    33849.531
WARNING: Normalizing state frequencies so that sum of them equals to 1
161  Q.pfam+F+R4   16467.530    152 33239.060    33337.812    33913.355
WARNING: Normalizing state frequencies so that sum of them equals to 1
162  Q.pfam+F+R5   16461.623    154 33231.246    33333.037    33914.413
WARNING: Normalizing state frequencies so that sum of them equals to 1
170  Q.pfam+F+I+I+R4 16466.383    153 33238.765    33339.029    33917.496
WARNING: Normalizing state frequencies so that sum of them equals to 1
171  Q.pfam+F+I+I+R5 16462.043    155 33234.086    33337.419    33921.689
WARNING: Normalizing state frequencies so that sum of them equals to 1
183  Q.bird+R4     16661.132    133 33588.263    33661.006    34178.271
WARNING: Normalizing state frequencies so that sum of them equals to 1
184  Q.bird+R5     16651.723    135 33573.445    33648.691    34172.326
WARNING: Normalizing state frequencies so that sum of them equals to 1
192  Q.bird+I+I+R4 16661.045    134 33590.089    33664.077    34184.534
WARNING: Normalizing state frequencies so that sum of them equals to 1
193  Q.bird+I+I+R5 16652.696    136 33577.392    33653.909    34180.708
WARNING: Normalizing state frequencies so that sum of them equals to 1
205  Q.bird+F+R4   16616.441    152 33536.882    33635.634    34211.177
WARNING: Normalizing state frequencies so that sum of them equals to 1
206  Q.bird+F+R5   16607.486    154 33522.972    33624.763    34206.139
WARNING: Normalizing state frequencies so that sum of them equals to 1
214  Q.bird+F+I+I+R4 16616.405    153 33538.810    33639.074    34217.541
WARNING: Normalizing state frequencies so that sum of them equals to 1
215  Q.bird+F+I+I+R5 16608.632    155 33527.264    33630.597    34214.867
WARNING: Normalizing state frequencies so that sum of them equals to 1
227  Q.mammal+R4   16598.345    133 33462.689    33535.432    34052.697
WARNING: Normalizing state frequencies so that sum of them equals to 1
228  Q.mammal+R5   16589.064    135 33448.128    33523.374    34047.008
WARNING: Normalizing state frequencies so that sum of them equals to 1
236  Q.mammal+I+I+R4 16598.124    134 33464.247    33538.235    34058.691
WARNING: Normalizing state frequencies so that sum of them equals to 1
237  Q.mammal+I+I+R5 16589.679    136 33451.359    33527.876    34054.675
WARNING: Normalizing state frequencies so that sum of them equals to 1
249  Q.mammal+F+R4 16546.771    152 33397.542    33496.293    34071.837
WARNING: Normalizing state frequencies so that sum of them equals to 1
250  Q.mammal+F+R5 16537.943    154 33383.887    33485.678    34067.054
WARNING: Normalizing state frequencies so that sum of them equals to 1
258  Q.mammal+F+I+I+R4 16546.681    153 33399.361    33499.625    34078.092
WARNING: Normalizing state frequencies so that sum of them equals to 1
259  Q.mammal+F+I+I+R5 16538.788    155 33387.576    33490.909    34075.179
271  Q.insect+R4   16517.876    133 33301.753    33374.496    33891.761
272  Q.insect+R5   16509.537    135 33289.074    33364.320    33887.954
280  Q.insect+I+I+R4 16517.582    134 33303.164    33377.152    33897.608
281  Q.insect+I+I+R5 16510.285    136 33292.570    33369.088    33895.887
293  Q.insect+F+R4 16504.980    152 33313.961    33412.712    33988.255
294  Q.insect+F+R5 16495.402    154 33298.804    33400.595    33981.971
302  Q.insect+F+I+I+R4 16504.933    153 33315.866    33416.129    33994.597
303  Q.insect+F+I+I+R5 16496.152    155 33302.305    33405.638    33989.908
WARNING: Normalizing state frequencies so that sum of them equals to 1
315  Q.plant+R4    16463.909    133 33193.818    33266.561    33783.826
WARNING: Normalizing state frequencies so that sum of them equals to 1
316  Q.plant+R5    16456.316    135 33182.632    33257.878    33781.512
WARNING: Normalizing state frequencies so that sum of them equals to 1
324  Q.plant+I+I+R4 16462.748    134 33193.496    33267.484    33787.940
WARNING: Normalizing state frequencies so that sum of them equals to 1
325  Q.plant+I+I+R5 16457.130    136 33186.261    33262.778    33789.577
WARNING: Normalizing state frequencies so that sum of them equals to 1
337  Q.plant+F+R4  16448.059    152 33200.117    33298.869    33874.412
WARNING: Normalizing state frequencies so that sum of them equals to 1
338  Q.plant+F+R5  16438.881    154 33185.762    33287.553    33868.929
WARNING: Normalizing state frequencies so that sum of them equals to 1
346  Q.plant+F+I+I+R4 16446.317    153 33198.635    33298.899    33877.366
WARNING: Normalizing state frequencies so that sum of them equals to 1
347  Q.plant+F+I+I+R5 16440.034    155 33190.068    33293.401    33877.671
WARNING: Normalizing state frequencies so that sum of them equals to 1
359  Q.yeast+R4    16547.887    133 33361.774    33434.517    33951.782
WARNING: Normalizing state frequencies so that sum of them equals to 1
360  Q.yeast+R5    16540.726    135 33351.452    33426.698    33950.332
WARNING: Normalizing state frequencies so that sum of them equals to 1
368  Q.yeast+I+I+R4 16547.809    134 33363.618    33437.606    33958.062
WARNING: Normalizing state frequencies so that sum of them equals to 1
369  Q.yeast+I+I+R5 16541.779    136 33355.557    33432.075    33958.874
WARNING: Normalizing state frequencies so that sum of them equals to 1
381  Q.yeast+F+R4  16496.643    152 33297.286    33396.038    33971.581
WARNING: Normalizing state frequencies so that sum of them equals to 1
382  Q.yeast+F+R5  16489.248    154 33286.495    33388.286    33969.662
WARNING: Normalizing state frequencies so that sum of them equals to 1
390  Q.yeast+F+I+I+R4 16496.372    153 33298.743    33399.007    33977.474
WARNING: Normalizing state frequencies so that sum of them equals to 1
391  Q.yeast+F+I+I+R5 16489.957    155 33289.914    33393.247    33977.517
403  JTTDCMut+R4   16491.935    133 33249.869    33322.612    33839.877
404  JTTDCMut+R5   16486.858    135 33243.716    33318.962    33842.596
412  JTTDCMut+I+I+R4 16492.345    134 33252.689    33326.677    33847.133
413  JTTDCMut+I+I+R5 16487.521    136 33247.042    33323.559    33850.358
425  JTTDCMut+F+R4 16472.846    152 33249.693    33348.444    33923.988
426  JTTDCMut+F+R5 16467.600    154 33243.201    33344.992    33926.368
434  JTTDCMut+F+I+I+R4 16472.908    153 33251.816    33352.079    33930.547
435  JTTDCMut+F+I+I+R5 16468.658    155 33247.316    33350.649    33934.919
447  DCMut+R4      16684.968    133 33635.936    33708.679    34225.944
448  DCMut+R5      16681.551    135 33633.102    33708.348    34231.982
456  DCMut+I+I+R4  16684.775    134 33637.551    33711.538    34231.995
457  DCMut+I+I+R5  16681.434    136 33634.868    33711.386    34238.185
469  DCMut+F+R4    16666.862    152 33637.723    33736.475    34312.018
470  DCMut+F+R5    16663.169    154 33634.337    33736.128    34317.504
478  DCMut+F+I+I+R4 16665.014    153 33636.028    33736.292    34314.759
479  DCMut+F+I+I+R5 16661.883    155 33633.766    33737.099    34321.369
491  VT+R4         16569.017    133 33404.034    33476.777    33994.042
492  VT+R5         16564.512    135 33399.025    33474.271    33997.905
500  VT+I+I+R4     16568.696    134 33405.392    33479.379    33999.836
501  VT+I+I+R5     16564.697    136 33401.394    33477.912    34004.711
513  VT+F+R4       16570.990    152 33445.980    33544.731    34120.274
514  VT+F+R5       16566.082    154 33440.164    33541.955    34123.331
522  VT+F+I+I+R4   16570.333    153 33446.667    33546.931    34125.398
523  VT+F+I+I+R5   16567.543    155 33445.086    33548.420    34132.690
535  PMB+R4        16747.543    133 33761.087    33833.830    34351.095
536  PMB+R5        16744.717    135 33759.434    33834.680    34358.314
544  PMB+I+I+R4    16746.690    134 33761.380    33835.368    34355.824
545  PMB+I+I+R5    16744.881    136 33761.761    33838.279    34365.078
557  PMB+F+R4      16765.434    152 33834.868    33933.620    34509.163
558  PMB+F+R5      16762.629    154 33833.257    33935.049    34516.425
566  PMB+F+I+I+R4  16764.397    153 33834.794    33935.058    34513.525
567  PMB+F+I+I+R5  16763.221    155 33836.443    33939.776    34524.046
579  Blosum62+R4   16729.028    133 33724.055    33796.798    34314.063
580  Blosum62+R5   16725.905    135 33721.811    33797.057    34320.691
588  Blosum62+I+I+R4 16728.540    134 33725.079    33799.067    34319.524
589  Blosum62+I+I+R5 16728.024    136 33728.049    33804.566    34331.365
601  Blosum62+F+R4 16756.787    152 33817.574    33916.326    34491.869
602  Blosum62+F+R5 16753.536    154 33815.072    33916.863    34498.239
610  Blosum62+F+I+I+R4 16756.391    153 33818.782    33919.046    34497.513
611  Blosum62+F+I+I+R5 16755.817    155 33821.634    33924.967    34509.237
623  Dayhoff+R4    16683.958    133 33633.916    33706.659    34223.924
624  Dayhoff+R5    16680.454    135 33630.908    33706.154    34229.789
632  Dayhoff+I+I+R4 16683.779    134 33635.558    33709.546    34230.002
633  Dayhoff+I+I+R5 16680.388    136 33632.775    33709.292    34236.091
645  Dayhoff+F+R4  16665.914    152 33635.829    33734.580    34310.123
646  Dayhoff+F+R5  16662.180    154 33632.359    33734.150    34315.526
654  Dayhoff+F+I+I+R4 16664.069    153 33634.138    33734.402    34312.869
655  Dayhoff+F+I+I+R5 16660.892    155 33631.784    33735.117    34319.387
667  mtREV+R4      17241.248    133 34748.497    34821.240    35338.505
668  mtREV+R5      17237.359    135 34744.718    34819.963    35343.598
676  mtREV+I+I+R4  17241.561    134 34751.122    34825.110    35345.566
677  mtREV+I+I+R5  17239.325    136 34750.650    34827.167    35353.966
689  mtREV+F+R4    16694.161    152 33692.321    33791.073    34366.616
690  mtREV+F+R5    16683.702    154 33675.403    33777.194    34358.570
698  mtREV+F+I+I+R4 16689.936    153 33685.873    33786.136    34364.604
699  mtREV+F+I+I+R5 16682.201    155 33674.402    33777.735    34362.005
711  mtART+R4      17502.329    133 35270.659    35343.402    35860.667
712  mtART+R5      17486.876    135 35243.752    35318.997    35842.632
720  mtART+I+I+R4  17501.997    134 35271.994    35345.982    35866.438
721  mtART+I+I+R5  17492.484    136 35256.968    35333.485    35860.284
733  mtART+F+R4    16941.298    152 34186.596    34285.348    34860.891
734  mtART+F+R5    16927.754    154 34163.507    34265.298    34846.674
742  mtART+F+I+I+R4 16939.288    153 34184.576    34284.840    34863.307
743  mtART+F+I+I+R5 16931.277    155 34172.553    34275.887    34860.157
755  mtZOA+R4      17091.015    133 34448.030    34520.772    35038.038
756  mtZOA+R5      17083.294    135 34436.588    34511.834    35035.468
764  mtZOA+I+I+R4  17091.500    134 34451.001    34524.989    35045.445
765  mtZOA+I+I+R5  17086.564    136 34445.128    34521.645    35048.444
777  mtZOA+F+R4    16692.887    152 33689.775    33788.526    34364.070
778  mtZOA+F+R5    16684.405    154 33676.809    33778.600    34359.976
786  mtZOA+F+I+I+R4 16691.079    153 33688.158    33788.421    34366.889
787  mtZOA+F+I+I+R5 16685.404    155 33680.808    33784.142    34368.412
799  mtMet+R4      17191.125    133 34648.250    34720.993    35238.258
800  mtMet+R5      17183.438    135 34636.877    34712.123    35235.757
808  mtMet+I+I+R4  17191.558    134 34651.116    34725.104    35245.560
809  mtMet+I+I+R5  17187.664    136 34647.328    34723.846    35250.645
821  mtMet+F+R4    16616.822    152 33537.644    33636.395    34211.939
822  mtMet+F+R5    16610.523    154 33529.045    33630.836    34212.212
830  mtMet+F+I+I+R4 16615.214    153 33536.427    33636.691    34215.158
831  mtMet+F+I+I+R5 16610.555    155 33531.109    33634.443    34218.713
843  mtVer+R4      17299.896    133 34865.791    34938.534    35455.799
844  mtVer+R5      17291.818    135 34853.635    34928.881    35452.515
852  mtVer+I+I+R4  17300.654    134 34869.309    34943.297    35463.753
853  mtVer+I+I+R5  17294.672    136 34861.343    34937.861    35464.660
865  mtVer+F+R4    16778.404    152 33860.808    33959.559    34535.103
866  mtVer+F+R5    16765.797    154 33839.594    33941.385    34522.761
874  mtVer+F+I+I+R4 16774.162    153 33854.324    33954.588    34533.055
875  mtVer+F+I+I+R5 16767.322    155 33844.644    33947.977    34532.247
887  mtInv+R4      17322.081    133 34910.162    34982.905    35500.170
888  mtInv+R5      17315.440    135 34900.881    34976.127    35499.761
896  mtInv+I+I+R4  17322.369    134 34912.738    34986.726    35507.183
897  mtInv+I+I+R5  17316.624    136 34905.248    34981.765    35508.564
909  mtInv+F+R4    16592.030    152 33488.060    33586.812    34162.355
910  mtInv+F+R5    16585.805    154 33479.610    33581.401    34162.777
918  mtInv+F+I+I+R4 16590.242    153 33486.483    33586.747    34165.214
919  mtInv+F+I+I+R5 16585.569    155 33481.137    33584.471    34168.741
931  mtMAM+R4      17559.199    133 35384.397    35457.140    35974.405
932  mtMAM+R5      17543.142    135 35356.283    35431.529    35955.164
940  mtMAM+I+I+R4  17561.213    134 35390.426    35464.414    35984.870
941  mtMAM+I+I+R5  17548.729    136 35369.459    35445.976    35972.775
953  mtMAM+F+R4    16995.720    152 34295.439    34394.191    34969.734
954  mtMAM+F+R5    16979.202    154 34266.404    34368.195    34949.571
962  mtMAM+F+I+I+R4 16995.684    153 34297.368    34397.632    34976.099
963  mtMAM+F+I+I+R5 16985.385    155 34280.770    34384.103    34968.373
WARNING: Normalizing state frequencies so that sum of them equals to 1
975  FLAVI+R4      17076.556    133 34419.113    34491.856    35009.121
WARNING: Normalizing state frequencies so that sum of them equals to 1
976  FLAVI+R5      17067.074    135 34404.148    34479.394    35003.029
WARNING: Normalizing state frequencies so that sum of them equals to 1
984  FLAVI+I+I+R4  17076.578    134 34421.156    34495.143    35015.600
WARNING: Normalizing state frequencies so that sum of them equals to 1
985  FLAVI+I+I+R5  17069.919    136 34411.837    34488.355    35015.154
WARNING: Normalizing state frequencies so that sum of them equals to 1
997  FLAVI+F+R4    16987.078    152 34278.157    34376.908    34952.451
WARNING: Normalizing state frequencies so that sum of them equals to 1
998  FLAVI+F+R5    16973.574    154 34255.147    34356.938    34938.314
WARNING: Normalizing state frequencies so that sum of them equals to 1
1006  FLAVI+F+I+I+R4 16986.106    153 34278.211    34378.475    34956.942
WARNING: Normalizing state frequencies so that sum of them equals to 1
1007  FLAVI+F+I+I+R5 16977.993    155 34265.986    34369.319    34953.589
1019  HIVb+R4       16772.434    133 33810.868    33883.611    34400.876
1020  HIVb+R5       16761.844    135 33793.687    33868.933    34392.568
1028  HIVb+I+I+R4   16768.193    134 33804.387    33878.374    34398.831
1029  HIVb+I+I+R5   16761.691    136 33795.382    33871.899    34398.698
1041  HIVb+F+R4     16663.582    152 33631.164    33729.915    34305.458
1042  HIVb+F+R5     16653.322    154 33614.643    33716.434    34297.810
1050  HIVb+F+I+I+R4 16660.179    153 33626.357    33726.621    34305.088
1051  HIVb+F+I+I+R5 16653.957    155 33617.915    33721.248    34305.518
1063  HIVw+R4       17373.905    133 35013.810    35086.553    35603.818
1064  HIVw+R5       17363.180    135 34996.360    35071.606    35595.241
1072  HIVw+I+I+R4   17370.132    134 35008.264    35082.252    35602.708
1073  HIVw+I+I+R5   17361.829    136 34995.659    35072.176    35598.975
1085  HIVw+F+R4     17111.761    152 34527.523    34626.274    35201.818
1086  HIVw+F+R5     17099.926    154 34507.852    34609.643    35191.019
1094  HIVw+F+I+I+R4 17108.714    153 34523.428    34623.692    35202.159
1095  HIVw+F+I+I+R5 17100.916    155 34511.832    34615.165    35199.435
1107  FLU+R4        16823.254    133 33912.508    33985.251    34502.516
1108  FLU+R5        16814.023    135 33898.046    33973.292    34496.926
1116  FLU+I+I+R4    16820.301    134 33908.603    33982.591    34503.047
1117  FLU+I+I+R5    16813.429    136 33898.857    33975.375    34502.174
1129  FLU+F+R4      16710.374    152 33724.747    33823.499    34399.042
1130  FLU+F+R5      16699.226    154 33706.452    33808.243    34389.620
1138  FLU+F+I+I+R4  16709.144    153 33724.289    33824.552    34403.020
1139  FLU+F+I+I+R5  16700.804    155 33711.608    33814.941    34399.211
1151  rtREV+R4      16730.781    133 33727.562    33800.305    34317.570
1152  rtREV+R5      16725.588    135 33721.175    33796.421    34320.056
1160  rtREV+I+I+R4  16730.418    134 33728.835    33802.823    34323.279
1161  rtREV+I+I+R5  16727.793    136 33727.585    33804.103    34330.902
1173  rtREV+F+R4    16636.342    152 33576.683    33675.435    34250.978
1174  rtREV+F+R5    16630.567    154 33569.135    33670.926    34252.302
1182  rtREV+F+I+I+R4 16635.646    153 33577.293    33677.556    34256.024
1183  rtREV+F+I+I+R5 16630.552    155 33571.104    33674.437    34258.707
1195  cpREV+R4      16613.374    133 33492.747    33565.490    34082.755
1196  cpREV+R5      16610.549    135 33491.098    33566.343    34089.978
1204  cpREV+I+I+R4  16609.701    134 33487.401    33561.389    34081.846
1205  cpREV+I+I+R5  16607.803    136 33487.605    33564.123    34090.922
1217  cpREV+F+R4    16615.997    152 33535.993    33634.745    34210.288
1218  cpREV+F+R5    16611.649    154 33531.297    33633.088    34214.464
1226  cpREV+F+I+I+R4 16612.733    153 33531.465    33631.729    34210.196
1227  cpREV+F+I+I+R5 16609.649    155 33529.297    33632.631    34216.901
Akaike Information Criterion:           Q.plant+R5
Corrected Akaike Information Criterion: Q.plant+R5
Bayesian Information Criterion:         Q.plant+R5
Best-fit model: Q.plant+R5 chosen according to BIC

All model information printed to tree/AKR1.model.gz
CPU time for ModelFinder: 776.262 seconds (0h:12m:56s)
Wall-clock time for ModelFinder: 776.935 seconds (0h:12m:56s)
WARNING: Normalizing state frequencies so that sum of them equals to 1

NOTE: 22 MB RAM (0 GB) is required!
Estimate model parameters (epsilon = 0.100)
1. Initial log-likelihood: -16456.316
Optimal log-likelihood: -16456.258
Site proportion and rates:  (0.230,0.155) (0.334,0.493) (0.268,1.165) (0.131,2.308) (0.036,5.064)
Parameters optimization took 1 rounds (0.597 sec)
Wrote distance file to... 
Computing ML distances based on estimated model parameters...
Calculating distance matrix: done in 0.348256 secs using 99.71% CPU
Computing ML distances took 0.348382 sec (of wall-clock time) 0.347360 sec (of CPU time)
Setting up auxiliary I and S matrices: done in 8.6696e-05 secs using 99.2% CPU
Constructing RapidNJ tree: done in 0.000210275 secs using 99.87% CPU
Computing RapidNJ tree took 0.000338 sec (of wall-clock time) 0.000338 sec (of CPU time)
Log-likelihood of RapidNJ tree: -16477.418
--------------------------------------------------------------------
|             INITIALIZING CANDIDATE TREE SET                      |
--------------------------------------------------------------------
Generating 98 parsimony trees... 0.708 second
Computing log-likelihood of 98 initial trees ... 5.610 seconds
Current best score: -16456.258

Do NNI search on 20 best initial trees
Optimizing NNI: done in 0.5963 secs using 99.91% CPU
Estimate model parameters (epsilon = 0.100)
BETTER TREE FOUND at iteration 1: -16449.213
Optimizing NNI: done in 0.755154 secs using 99.93% CPU
Estimate model parameters (epsilon = 0.100)
BETTER TREE FOUND at iteration 2: -16447.838
Optimizing NNI: done in 0.737745 secs using 99.93% CPU
Optimizing NNI: done in 0.7825 secs using 99.91% CPU
Optimizing NNI: done in 0.750444 secs using 99.96% CPU
Optimizing NNI: done in 1.01158 secs using 99.09% CPU
Optimizing NNI: done in 1.00777 secs using 99.96% CPU
Optimizing NNI: done in 0.898556 secs using 99.91% CPU
Estimate model parameters (epsilon = 0.100)
BETTER TREE FOUND at iteration 8: -16445.736
Optimizing NNI: done in 0.864481 secs using 99.47% CPU
Optimizing NNI: done in 0.96273 secs using 99.94% CPU
Iteration 10 / LogL: -16449.374 / Time: 0h:0m:20s
Optimizing NNI: done in 1.04814 secs using 99.53% CPU
Estimate model parameters (epsilon = 0.100)
BETTER TREE FOUND at iteration 11: -16443.802
Optimizing NNI: done in 0.995093 secs using 99.88% CPU
Optimizing NNI: done in 0.926278 secs using 99.94% CPU
Optimizing NNI: done in 0.798953 secs using 99.91% CPU
Optimizing NNI: done in 0.959762 secs using 99.53% CPU
Optimizing NNI: done in 0.945644 secs using 99.91% CPU
Optimizing NNI: done in 0.803375 secs using 99.95% CPU
Optimizing NNI: done in 0.997189 secs using 99.59% CPU
Optimizing NNI: done in 1.05231 secs using 99.99% CPU
Optimizing NNI: done in 0.977383 secs using 99.99% CPU
Iteration 20 / LogL: -16446.747 / Time: 0h:0m:31s
Finish initializing candidate tree set (8)
Current best tree score: -16443.802 / CPU time: 29.105
Number of iterations: 20
--------------------------------------------------------------------
|               OPTIMIZING CANDIDATE TREE SET                      |
--------------------------------------------------------------------
Optimizing NNI: done in 1.20336 secs using 99.95% CPU
Optimizing NNI: done in 1.58213 secs using 99.95% CPU
Optimizing NNI: done in 1.14115 secs using 99.95% CPU
Estimate model parameters (epsilon = 0.100)
BETTER TREE FOUND at iteration 23: -16442.849
Optimizing NNI: done in 1.06449 secs using 99.94% CPU
Optimizing NNI: done in 1.24596 secs using 99.95% CPU
Optimizing NNI: done in 1.27027 secs using 99.94% CPU
Optimizing NNI: done in 1.17685 secs using 99.95% CPU
Optimizing NNI: done in 1.14098 secs using 99.95% CPU
Estimate model parameters (epsilon = 0.100)
BETTER TREE FOUND at iteration 28: -16442.407
Optimizing NNI: done in 1.30688 secs using 99.94% CPU
Optimizing NNI: done in 1.08965 secs using 99.94% CPU
Iteration 30 / LogL: -16445.219 / Time: 0h:0m:45s (0h:2m:35s left)
Optimizing NNI: done in 1.20238 secs using 99.63% CPU
Optimizing NNI: done in 1.00443 secs using 99.95% CPU
Optimizing NNI: done in 1.24334 secs using 99.63% CPU
Optimizing NNI: done in 1.06249 secs using 99.96% CPU
Optimizing NNI: done in 1.44228 secs using 99.89% CPU
Optimizing NNI: done in 1.19273 secs using 99.85% CPU
Optimizing NNI: done in 1.13946 secs using 99.86% CPU
Optimizing NNI: done in 1.37288 secs using 99.93% CPU
Optimizing NNI: done in 1.04502 secs using 99.93% CPU
Optimizing NNI: done in 1.06122 secs using 99.92% CPU
Iteration 40 / LogL: -16445.104 / Time: 0h:0m:57s (0h:2m:10s left)
Optimizing NNI: done in 1.16658 secs using 99.92% CPU
Optimizing NNI: done in 1.01502 secs using 99.92% CPU
Optimizing NNI: done in 1.15035 secs using 99.94% CPU
Optimizing NNI: done in 1.39548 secs using 99.67% CPU
Optimizing NNI: done in 1.40085 secs using 99.64% CPU
Optimizing NNI: done in 1.2597 secs using 99.6% CPU
Optimizing NNI: done in 0.859047 secs using 99.94% CPU
Optimizing NNI: done in 1.36179 secs using 99.95% CPU
UPDATE BEST LOG-LIKELIHOOD: -16442.402
Optimizing NNI: done in 0.964985 secs using 99.94% CPU
Optimizing NNI: done in 0.896285 secs using 99.95% CPU
Iteration 50 / LogL: -16442.580 / Time: 0h:1m:9s (0h:1m:50s left)
Optimizing NNI: done in 1.40424 secs using 99.92% CPU
Optimizing NNI: done in 1.0397 secs using 99.94% CPU
Optimizing NNI: done in 1.23562 secs using 99.93% CPU
Optimizing NNI: done in 1.09694 secs using 99.96% CPU
Optimizing NNI: done in 1.462 secs using 99.41% CPU
Optimizing NNI: done in 1.41606 secs using 99.68% CPU
Optimizing NNI: done in 1.38311 secs using 99.96% CPU
Optimizing NNI: done in 1.21606 secs using 99.61% CPU
Optimizing NNI: done in 1.25337 secs using 99.96% CPU
Optimizing NNI: done in 0.955368 secs using 99.53% CPU
Iteration 60 / LogL: -16442.420 / Time: 0h:1m:21s (0h:1m:34s left)
Optimizing NNI: done in 1.23368 secs using 99.95% CPU
Optimizing NNI: done in 1.19418 secs using 99.96% CPU
Optimizing NNI: done in 1.23309 secs using 99.63% CPU
Optimizing NNI: done in 1.12174 secs using 99.95% CPU
Optimizing NNI: done in 1.1547 secs using 99.62% CPU
Optimizing NNI: done in 1.30106 secs using 99.97% CPU
Optimizing NNI: done in 1.39175 secs using 99.96% CPU
Optimizing NNI: done in 1.07684 secs using 99.96% CPU
Optimizing NNI: done in 1.08483 secs using 99.6% CPU
Optimizing NNI: done in 1.19458 secs using 99.99% CPU
Iteration 70 / LogL: -16442.884 / Time: 0h:1m:34s (0h:1m:19s left)
Optimizing NNI: done in 1.20368 secs using 99.98% CPU
Optimizing NNI: done in 1.17518 secs using 99.98% CPU
Optimizing NNI: done in 1.17468 secs using 99.99% CPU
Optimizing NNI: done in 1.12502 secs using 99.63% CPU
Optimizing NNI: done in 1.0158 secs using 99.99% CPU
Optimizing NNI: done in 1.22374 secs using 99.66% CPU
Optimizing NNI: done in 1.19634 secs using 99.98% CPU
Optimizing NNI: done in 1.03281 secs using 99.99% CPU
Optimizing NNI: done in 0.987171 secs using 99.98% CPU
Optimizing NNI: done in 1.47417 secs using 99.71% CPU
Iteration 80 / LogL: -16442.770 / Time: 0h:1m:45s (0h:1m:4s left)
Optimizing NNI: done in 1.06923 secs using 99.99% CPU
Optimizing NNI: done in 1.44195 secs using 99.98% CPU
Optimizing NNI: done in 1.161 secs using 99.99% CPU
Optimizing NNI: done in 1.28845 secs using 99.36% CPU
Optimizing NNI: done in 0.988081 secs using 99.99% CPU
Optimizing NNI: done in 1.33044 secs using 99.68% CPU
Optimizing NNI: done in 1.03949 secs using 99.98% CPU
Optimizing NNI: done in 1.11593 secs using 99.99% CPU
Optimizing NNI: done in 1.05958 secs using 99.98% CPU
Optimizing NNI: done in 1.40037 secs using 100% CPU
Iteration 90 / LogL: -16445.293 / Time: 0h:1m:57s (0h:0m:50s left)
Optimizing NNI: done in 1.08043 secs using 99.98% CPU
Optimizing NNI: done in 1.17843 secs using 99.31% CPU
Estimate model parameters (epsilon = 0.100)
UPDATE BEST LOG-LIKELIHOOD: -16442.318
Optimizing NNI: done in 1.24871 secs using 99.99% CPU
Optimizing NNI: done in 1.52975 secs using 99.72% CPU
Optimizing NNI: done in 1.17775 secs using 99.98% CPU
Optimizing NNI: done in 0.939206 secs using 99.99% CPU
Optimizing NNI: done in 1.44796 secs using 99.71% CPU
Optimizing NNI: done in 0.971569 secs using 99.98% CPU
Optimizing NNI: done in 1.25001 secs using 99.67% CPU
Optimizing NNI: done in 1.14029 secs using 99.64% CPU
Iteration 100 / LogL: -16443.133 / Time: 0h:2m:10s (0h:0m:36s left)
Optimizing NNI: done in 1.16804 secs using 99.99% CPU
Optimizing NNI: done in 1.06632 secs using 99.98% CPU
Optimizing NNI: done in 1.15821 secs using 99.99% CPU
Optimizing NNI: done in 1.28183 secs using 99.98% CPU
Optimizing NNI: done in 0.891736 secs using 99.98% CPU
Optimizing NNI: done in 0.964676 secs using 99.99% CPU
Optimizing NNI: done in 1.42093 secs using 99.98% CPU
Optimizing NNI: done in 1.05519 secs using 99.99% CPU
Optimizing NNI: done in 1.03241 secs using 99.99% CPU
Optimizing NNI: done in 1.16591 secs using 99.99% CPU
Iteration 110 / LogL: -16443.894 / Time: 0h:2m:21s (0h:0m:23s left)
Optimizing NNI: done in 1.25212 secs using 99.99% CPU
Optimizing NNI: done in 1.16324 secs using 99.99% CPU
Optimizing NNI: done in 0.98617 secs using 99.99% CPU
Optimizing NNI: done in 1.23393 secs using 99.66% CPU
Optimizing NNI: done in 1.48353 secs using 99.95% CPU
Optimizing NNI: done in 1.25921 secs using 99.63% CPU
Optimizing NNI: done in 1.47853 secs using 99.96% CPU
Optimizing NNI: done in 1.26397 secs using 99.95% CPU
Optimizing NNI: done in 1.05547 secs using 99.96% CPU
Optimizing NNI: done in 1.04705 secs using 99.96% CPU
Iteration 120 / LogL: -16446.659 / Time: 0h:2m:34s (0h:0m:10s left)
Optimizing NNI: done in 1.02506 secs using 99.93% CPU
Optimizing NNI: done in 1.25425 secs using 99.97% CPU
Optimizing NNI: done in 1.26875 secs using 99.61% CPU
Optimizing NNI: done in 1.49828 secs using 99.92% CPU
Optimizing NNI: done in 1.46225 secs using 99.67% CPU
Optimizing NNI: done in 1.12376 secs using 99.91% CPU
Optimizing NNI: done in 1.0302 secs using 99.55% CPU
Optimizing NNI: done in 1.22513 secs using 99.95% CPU
Optimizing NNI: done in 1.64124 secs using 99.93% CPU
TREE SEARCH COMPLETED AFTER 129 ITERATIONS / Time: 0h:2m:45s

--------------------------------------------------------------------
|                    FINALIZING TREE SEARCH                        |
--------------------------------------------------------------------
Performs final model parameters optimization
Estimate model parameters (epsilon = 0.010)
1. Initial log-likelihood: -16442.318
2. Current log-likelihood: -16442.292
3. Current log-likelihood: -16442.270
4. Current log-likelihood: -16442.251
5. Current log-likelihood: -16442.235
6. Current log-likelihood: -16442.221
7. Current log-likelihood: -16442.210
Optimal log-likelihood: -16442.199
Site proportion and rates:  (0.246,0.160) (0.365,0.546) (0.243,1.284) (0.111,2.407) (0.035,5.211)
Parameters optimization took 7 rounds (4.011 sec)
BEST SCORE FOUND : -16442.199
Total tree length: 19.038

Total number of iterations: 129
CPU time used for tree search: 163.463 sec (0h:2m:43s)
Wall-clock time used for tree search: 163.703 sec (0h:2m:43s)
Total CPU time used: 169.669 sec (0h:2m:49s)
Total wall-clock time used: 169.910 sec (0h:2m:49s)

Analysis results written to: 
  IQ-TREE report:                tree/AKR1.iqtree
  Maximum-likelihood tree:       tree/AKR1.treefile
  Likelihood distances:          tree/AKR1.mldist
  Screen log file:               tree/AKR1.log

ALISIM COMMAND
--------------
--alisim simulated_MSA -t tree/AKR1.treefile -m "Q.plant+R5{0.245699,0.160058,0.36502,0.545799,0.243151,1.28367,0.111321,2.40697,0.0348092,5.21052}" --length 624

Date and Time: Sun Oct 29 20:28:37 2023
