IQ-TREE multicore version 2.2.5 COVID-edition for Linux 64-bit built Sep 15 2023
Developed by Bui Quang Minh, James Barbetti, Nguyen Lam Tung,
Olga Chernomor, Heiko Schmidt, Dominik Schrempf, Michael Woodhams, Ly Trong Nhan.

Host:    ceb-khas-002 (AVX2, FMA3, 15 GB RAM)
Command: iqtree -s msa/AKR2.aln --prefix tree/AKR2
Seed:    959701 (Using SPRNG - Scalable Parallel Random Number Generator)
Time:    Tue Dec 19 09:46:09 2023
Kernel:  AVX+FMA - 1 threads (16 CPU cores detected)

HINT: Use -nt option to specify number of threads because your CPU has 16 cores!
HINT: -nt AUTO will automatically determine the best number of threads to use.

Reading alignment file msa/AKR2.aln ... Fasta format detected
Reading fasta file: done in 0.0001461 secs using 99.93% CPU
Alignment most likely contains protein sequences
Constructing alignment: done in 0.000280499 secs using 99.82% CPU
Alignment has 22 sequences with 421 columns, 395 distinct patterns
264 parsimony-informative, 78 singleton sites, 79 constant sites
                                  Gap/Ambiguity  Composition  p-value
Analyzing sequences: done in 5.37e-05 secs using 98.7% CPU
   1  AKR2A1|P28475.1|Malus              26.37%    passed     63.42%
   2  AKR2A2|AAB97617.1|Apium            26.60%    passed     83.27%
   3  AKR2A3|QLF98851.1|Oryza            22.57%    failed      4.73%
   4  AKR2B1|P31867.1|Scheffersomyces    24.47%    passed     99.93%
   5  AKR2B2|P49378.1|Kluyveromyces      21.85%    passed     99.98%
   6  AKR2B3|P78736.1|Pachysolen         24.47%    passed     96.91%
   7  AKR2B4|BAA19477.1|Candida          23.04%    passed     95.70%
   8  AKR2B5|AAC25601.1|Yamadazyma       23.52%    passed     97.92%
   9  AKR2B6|NP_011972.1|Saccharomyces   22.33%    passed     97.01%
  10  AKR2B7|BAA19476.1|Candida          23.04%    passed     95.53%
  11  AKR2B8|AAD09330.1|Meyerozyma       24.70%    passed     90.85%
  12  AKR2B9|XP_460932.1|Debaryomyces    24.70%    passed     97.71%
  13  AKR2B10|ALD19729.1|Debaryomyces    23.99%    passed     98.42%
  14  AKR2C1|CAA98021.1|Mucor            23.75%    passed     99.83%
  15  AKR2C2|AHG97682.1|Rhizopus         23.99%    passed     94.46%
  16  AKR2D1|AAF61912.1|Aspergillus      24.23%    passed     99.60%
  17  AKR2E1|CAB41997.1|Spodoptera       18.05%    passed     12.71%
  18  AKR2E2|AAL73387.1|Trichoplusia     26.84%    passed     92.15%
  19  AKR2E4|BAL70378.1|Bombyx           26.84%    passed     13.43%
  20  AKR2E5|BAR91212.1|Bombyx           16.15%    passed     74.86%
  21  AKR2E6|BBD35022.1|Bombyx           19.24%    passed     91.28%
  22  AKR2E8|BCN86447.1|Bombyx           21.38%    passed     92.84%
****  TOTAL                              23.28%  1 sequences failed composition chi2 test (p-value<5%; df=19)
Checking for duplicate sequences: done in 5.04e-05 secs using 99.21% CPU


Create initial parsimony tree by phylogenetic likelihood library (PLL)... 0.001 seconds
Perform fast likelihood tree search using LG+I+G model...
Estimate model parameters (epsilon = 5.000)
Perform nearest neighbor interchange...
Optimizing NNI: done in 0.179881 secs using 100% CPU
Estimate model parameters (epsilon = 1.000)
1. Initial log-likelihood: -9792.791
Optimal log-likelihood: -9792.638
Proportion of invariable sites: 0.039
Gamma shape alpha: 1.452
Parameters optimization took 1 rounds (0.059 sec)
Time for fast ML tree search: 0.452 seconds

NOTE: ModelFinder requires 14 MB RAM!
ModelFinder will test up to 1232 protein models (sample size: 421) ...
 No. Model         -LnL         df  AIC          AICc         BIC
  1  LG            10081.133    41  20244.266    20253.353    20410.014
  2  LG+I          9996.671     42  20077.341    20086.897    20247.132
  3  LG+G4         9794.452     42  19672.905    19682.460    19842.695
  4  LG+I+G4       9792.603     43  19671.206    19681.243    19845.039
  5  LG+R2         9827.351     43  19740.702    19750.739    19914.536
  6  LG+R3         9789.773     45  19669.547    19680.587    19851.465
  7  LG+R4         9788.956     47  19671.911    19684.008    19861.915
 14  LG+I+R2       9811.726     44  19711.452    19721.984    19889.328
 15  LG+I+R3       9789.937     46  19671.873    19683.435    19857.834
 16  LG+I+R4       9789.290     48  19674.579    19687.225    19868.626
 25  LG+F+G4       9775.656     61  19673.311    19694.381    19919.912
 26  LG+F+I+G4     9773.754     62  19671.508    19693.329    19922.151
 28  LG+F+R3       9770.088     64  19668.177    19691.548    19926.905
 47  WAG+G4        9830.950     42  19745.900    19755.455    19915.690
 48  WAG+I+G4      9826.219     43  19738.439    19748.476    19912.272
 50  WAG+R3        9822.805     45  19735.611    19746.651    19917.529
 69  WAG+F+G4      9819.451     61  19760.903    19781.973    20007.504
 70  WAG+F+I+G4    9815.148     62  19754.297    19776.118    20004.940
 72  WAG+F+R3      9810.490     64  19748.981    19772.352    20007.709
 91  JTT+G4        9943.732     42  19971.463    19981.019    20141.254
 92  JTT+I+G4      9940.303     43  19966.606    19976.643    20140.439
 94  JTT+R3        9937.363     45  19964.725    19975.765    20146.644
113  JTT+F+G4      9907.200     61  19936.400    19957.470    20183.001
114  JTT+F+I+G4    9904.101     62  19932.203    19954.024    20182.846
116  JTT+F+R3      9900.081     64  19928.162    19951.533    20186.891
WARNING: Normalizing state frequencies so that sum of them equals to 1
135  Q.pfam+G4     9806.762     42  19697.523    19707.079    19867.314
WARNING: Normalizing state frequencies so that sum of them equals to 1
136  Q.pfam+I+G4   9804.639     43  19695.278    19705.315    19869.111
WARNING: Normalizing state frequencies so that sum of them equals to 1
138  Q.pfam+R3     9801.909     45  19693.817    19704.857    19875.736
WARNING: Normalizing state frequencies so that sum of them equals to 1
157  Q.pfam+F+G4   9784.021     61  19690.042    19711.112    19936.643
WARNING: Normalizing state frequencies so that sum of them equals to 1
158  Q.pfam+F+I+G4 9782.150     62  19688.299    19710.120    19938.942
WARNING: Normalizing state frequencies so that sum of them equals to 1
160  Q.pfam+F+R3   9778.727     64  19685.454    19708.824    19944.182
WARNING: Normalizing state frequencies so that sum of them equals to 1
179  Q.bird+G4     10180.347    42  20444.694    20454.250    20614.485
WARNING: Normalizing state frequencies so that sum of them equals to 1
180  Q.bird+I+G4   10177.925    43  20441.849    20451.886    20615.682
WARNING: Normalizing state frequencies so that sum of them equals to 1
182  Q.bird+R3     10179.354    45  20448.709    20459.749    20630.627
WARNING: Normalizing state frequencies so that sum of them equals to 1
201  Q.bird+F+G4   10110.551    61  20343.102    20364.172    20589.703
WARNING: Normalizing state frequencies so that sum of them equals to 1
202  Q.bird+F+I+G4 10108.801    62  20341.601    20363.422    20592.244
WARNING: Normalizing state frequencies so that sum of them equals to 1
204  Q.bird+F+R3   10109.987    64  20347.975    20371.345    20606.703
WARNING: Normalizing state frequencies so that sum of them equals to 1
223  Q.mammal+G4   10119.546    42  20323.092    20332.648    20492.883
WARNING: Normalizing state frequencies so that sum of them equals to 1
224  Q.mammal+I+G4 10117.062    43  20320.125    20330.162    20493.958
WARNING: Normalizing state frequencies so that sum of them equals to 1
226  Q.mammal+R3   10117.344    45  20324.687    20335.727    20506.606
WARNING: Normalizing state frequencies so that sum of them equals to 1
245  Q.mammal+F+G4 10044.398    61  20210.795    20231.865    20457.396
WARNING: Normalizing state frequencies so that sum of them equals to 1
246  Q.mammal+F+I+G4 10042.713    62  20209.426    20231.247    20460.069
WARNING: Normalizing state frequencies so that sum of them equals to 1
248  Q.mammal+F+R3 10042.109    64  20212.219    20235.589    20470.947
267  Q.insect+G4   9864.714     42  19813.427    19822.983    19983.218
268  Q.insect+I+G4 9862.453     43  19810.906    19820.943    19984.739
270  Q.insect+R3   9859.864     45  19809.727    19820.767    19991.646
289  Q.insect+F+G4 9847.285     61  19816.570    19837.640    20063.171
290  Q.insect+F+I+G4 9844.885     62  19813.770    19835.591    20064.413
292  Q.insect+F+R3 9842.507     64  19813.015    19836.385    20071.743
WARNING: Normalizing state frequencies so that sum of them equals to 1
311  Q.plant+G4    9959.234     42  20002.468    20012.024    20172.259
WARNING: Normalizing state frequencies so that sum of them equals to 1
312  Q.plant+I+G4  9957.543     43  20001.086    20011.123    20174.919
WARNING: Normalizing state frequencies so that sum of them equals to 1
314  Q.plant+R3    9957.340     45  20004.681    20015.721    20186.599
WARNING: Normalizing state frequencies so that sum of them equals to 1
333  Q.plant+F+G4  9928.205     61  19978.410    19999.479    20225.010
WARNING: Normalizing state frequencies so that sum of them equals to 1
334  Q.plant+F+I+G4 9926.387     62  19976.774    19998.595    20227.417
WARNING: Normalizing state frequencies so that sum of them equals to 1
336  Q.plant+F+R3  9925.363     64  19978.726    20002.096    20237.454
WARNING: Normalizing state frequencies so that sum of them equals to 1
355  Q.yeast+G4    9824.528     42  19733.056    19742.612    19902.847
WARNING: Normalizing state frequencies so that sum of them equals to 1
356  Q.yeast+I+G4  9821.532     43  19729.063    19739.101    19902.897
WARNING: Normalizing state frequencies so that sum of them equals to 1
358  Q.yeast+R3    9819.794     45  19729.589    19740.629    19911.507
WARNING: Normalizing state frequencies so that sum of them equals to 1
377  Q.yeast+F+G4  9802.231     61  19726.463    19747.533    19973.063
WARNING: Normalizing state frequencies so that sum of them equals to 1
378  Q.yeast+F+I+G4 9799.335     62  19722.669    19744.490    19973.312
WARNING: Normalizing state frequencies so that sum of them equals to 1
380  Q.yeast+F+R3  9797.579     64  19723.158    19746.529    19981.886
399  JTTDCMut+G4   9941.239     42  19966.478    19976.034    20136.269
400  JTTDCMut+I+G4 9937.857     43  19961.714    19971.752    20135.548
402  JTTDCMut+R3   9934.903     45  19959.806    19970.846    20141.724
421  JTTDCMut+F+G4 9906.625     61  19935.250    19956.320    20181.850
422  JTTDCMut+F+I+G4 9903.568     62  19931.136    19952.958    20181.780
424  JTTDCMut+F+R3 9899.619     64  19927.239    19950.610    20185.967
443  DCMut+G4      9959.595     42  20003.190    20012.746    20172.981
444  DCMut+I+G4    9954.057     43  19994.114    20004.151    20167.947
446  DCMut+R3      9953.789     45  19997.578    20008.618    20179.496
465  DCMut+F+G4    9922.858     61  19967.716    19988.786    20214.317
466  DCMut+F+I+G4  9917.787     62  19959.573    19981.394    20210.216
468  DCMut+F+R3    9917.460     64  19962.920    19986.291    20221.648
487  VT+G4         9855.386     42  19794.772    19804.328    19964.563
488  VT+I+G4       9850.941     43  19787.883    19797.920    19961.716
490  VT+R3         9845.247     45  19780.495    19791.535    19962.413
509  VT+F+G4       9842.284     61  19806.568    19827.637    20053.168
510  VT+F+I+G4     9838.141     62  19800.281    19822.102    20050.924
512  VT+F+R3       9832.164     64  19792.328    19815.699    20051.056
531  PMB+G4        9928.907     42  19941.814    19951.370    20111.605
532  PMB+I+G4      9925.659     43  19937.317    19947.354    20111.150
534  PMB+R3        9919.056     45  19928.112    19939.152    20110.031
553  PMB+F+G4      9889.605     61  19901.210    19922.280    20147.811
554  PMB+F+I+G4    9886.434     62  19896.868    19918.690    20147.512
556  PMB+F+R3      9879.857     64  19887.713    19911.084    20146.442
575  Blosum62+G4   9891.301     42  19866.601    19876.157    20036.392
576  Blosum62+I+G4 9888.059     43  19862.118    19872.155    20035.951
578  Blosum62+R3   9882.033     45  19854.066    19865.106    20035.984
597  Blosum62+F+G4 9866.430     61  19854.860    19875.930    20101.460
598  Blosum62+F+I+G4 9863.045     62  19850.089    19871.910    20100.732
600  Blosum62+F+R3 9856.626     64  19841.252    19864.623    20099.981
619  Dayhoff+G4    9959.680     42  20003.361    20012.916    20173.151
620  Dayhoff+I+G4  9954.147     43  19994.294    20004.331    20168.127
622  Dayhoff+R3    9953.927     45  19997.854    20008.894    20179.773
641  Dayhoff+F+G4  9922.922     61  19967.844    19988.913    20214.444
642  Dayhoff+F+I+G4 9917.848     62  19959.697    19981.518    20210.340
644  Dayhoff+F+R3  9917.567     64  19963.133    19986.504    20221.862
663  mtREV+G4      10410.292    42  20904.585    20914.140    21074.375
664  mtREV+I+G4    10410.263    43  20906.525    20916.563    21080.359
666  mtREV+R3      10409.864    45  20909.728    20920.768    21091.647
685  mtREV+F+G4    9979.841     61  20081.683    20102.753    20328.284
686  mtREV+F+I+G4  9977.200     62  20078.400    20100.221    20329.043
688  mtREV+F+R3    9974.218     64  20076.437    20099.808    20335.165
707  mtART+G4      10480.656    42  21045.311    21054.867    21215.102
708  mtART+I+G4    10480.881    43  21047.761    21057.798    21221.594
710  mtART+R3      10491.289    45  21072.577    21083.617    21254.496
729  mtART+F+G4    10011.567    61  20145.134    20166.203    20391.734
730  mtART+F+I+G4  10011.611    62  20147.222    20169.043    20397.865
732  mtART+F+R3    10016.654    64  20161.309    20184.679    20420.037
751  mtZOA+G4      10285.554    42  20655.108    20664.664    20824.899
752  mtZOA+I+G4    10285.528    43  20657.056    20667.093    20830.890
754  mtZOA+R3      10293.196    45  20676.391    20687.431    20858.310
773  mtZOA+F+G4    9915.064     61  19952.129    19973.198    20198.729
774  mtZOA+F+I+G4  9914.551     62  19953.103    19974.924    20203.746
776  mtZOA+F+R3    9916.349     64  19960.698    19984.068    20219.426
795  mtMet+G4      10430.122    42  20944.244    20953.799    21114.034
796  mtMet+I+G4    10429.619    43  20945.237    20955.274    21119.071
798  mtMet+R3      10433.805    45  20957.609    20968.649    21139.528
817  mtMet+F+G4    9994.361     61  20110.722    20131.792    20357.323
818  mtMet+F+I+G4  9993.015     62  20110.031    20131.852    20360.674
820  mtMet+F+R3    9993.961     64  20115.922    20139.293    20374.651
839  mtVer+G4      10539.670    42  21163.341    21172.897    21333.132
840  mtVer+I+G4    10538.385    43  21162.769    21172.806    21336.602
842  mtVer+R3      10544.289    45  21178.578    21189.618    21360.496
861  mtVer+F+G4    10146.832    61  20415.664    20436.734    20662.264
862  mtVer+F+I+G4  10144.665    62  20413.331    20435.152    20663.974
864  mtVer+F+R3    10146.222    64  20420.444    20443.815    20679.173
883  mtInv+G4      10466.273    42  21016.545    21026.101    21186.336
884  mtInv+I+G4    10466.074    43  21018.147    21028.184    21191.980
886  mtInv+R3      10466.372    45  21022.744    21033.784    21204.663
905  mtInv+F+G4    9912.493     61  19946.986    19968.056    20193.587
906  mtInv+F+I+G4  9911.005     62  19946.010    19967.831    20196.653
908  mtInv+F+R3    9910.026     64  19948.052    19971.423    20206.781
927  mtMAM+G4      10639.833    42  21363.665    21373.221    21533.456
928  mtMAM+I+G4    10637.895    43  21361.789    21371.827    21535.623
930  mtMAM+R3      10646.866    45  21383.732    21394.772    21565.651
949  mtMAM+F+G4    10206.385    61  20534.771    20555.840    20781.371
950  mtMAM+F+I+G4  10205.607    62  20535.215    20557.036    20785.858
952  mtMAM+F+R3    10209.215    64  20546.431    20569.801    20805.159
WARNING: Normalizing state frequencies so that sum of them equals to 1
971  FLAVI+G4      10404.392    42  20892.784    20902.340    21062.575
WARNING: Normalizing state frequencies so that sum of them equals to 1
972  FLAVI+I+G4    10404.188    43  20894.376    20904.414    21068.210
WARNING: Normalizing state frequencies so that sum of them equals to 1
974  FLAVI+R3      10411.754    45  20913.507    20924.547    21095.426
WARNING: Normalizing state frequencies so that sum of them equals to 1
993  FLAVI+F+G4    10308.752    61  20739.505    20760.575    20986.105
WARNING: Normalizing state frequencies so that sum of them equals to 1
994  FLAVI+F+I+G4  10308.119    62  20740.238    20762.059    20990.881
WARNING: Normalizing state frequencies so that sum of them equals to 1
996  FLAVI+F+R3    10307.052    64  20742.104    20765.475    21000.832
1015  HIVb+G4       10175.682    42  20435.364    20444.919    20605.154
1016  HIVb+I+G4     10173.389    43  20432.779    20442.816    20606.612
1018  HIVb+R3       10169.779    45  20429.558    20440.598    20611.477
1037  HIVb+F+G4     10107.779    61  20337.559    20358.628    20584.159
1038  HIVb+F+I+G4   10105.996    62  20335.992    20357.813    20586.635
1040  HIVb+F+R3     10102.371    64  20332.742    20356.113    20591.471
1059  HIVw+G4       10590.704    42  21265.408    21274.964    21435.199
1060  HIVw+I+G4     10585.114    43  21256.227    21266.264    21430.060
1062  HIVw+R3       10585.312    45  21260.623    21271.663    21442.542
1081  HIVw+F+G4     10392.858    61  20907.715    20928.785    21154.316
1082  HIVw+F+I+G4   10388.249    62  20900.498    20922.319    21151.141
1084  HIVw+F+R3     10384.178    64  20896.355    20919.726    21155.084
1103  FLU+G4        10131.066    42  20346.132    20355.688    20515.923
1104  FLU+I+G4      10128.362    43  20342.724    20352.761    20516.557
1106  FLU+R3        10126.785    45  20343.570    20354.610    20525.489
1125  FLU+F+G4      10048.240    61  20218.479    20239.549    20465.080
1126  FLU+F+I+G4    10046.940    62  20217.880    20239.701    20468.523
1128  FLU+F+R3      10043.858    64  20215.716    20239.087    20474.445
1147  rtREV+G4      9877.281     42  19838.563    19848.119    20008.354
1148  rtREV+I+G4    9875.882     43  19837.763    19847.801    20011.597
1150  rtREV+R3      9872.879     45  19835.758    19846.798    20017.676
1169  rtREV+F+G4    9819.658     61  19761.317    19782.387    20007.917
1170  rtREV+F+I+G4  9818.358     62  19760.716    19782.537    20011.359
1172  rtREV+F+R3    9815.864     64  19759.729    19783.099    20018.457
1191  cpREV+G4      9903.520     42  19891.040    19900.595    20060.830
1192  cpREV+I+G4    9899.008     43  19884.016    19894.053    20057.849
1194  cpREV+R3      9896.986     45  19883.973    19895.013    20065.891
1213  cpREV+F+G4    9864.832     61  19851.664    19872.733    20098.264
1214  cpREV+F+I+G4  9860.275     62  19844.550    19866.371    20095.193
1216  cpREV+F+R3    9857.509     64  19843.018    19866.389    20101.747
Akaike Information Criterion:           LG+F+R3
Corrected Akaike Information Criterion: LG+R3
Bayesian Information Criterion:         LG+G4
Best-fit model: LG+G4 chosen according to BIC

All model information printed to tree/AKR2.model.gz
CPU time for ModelFinder: 59.762 seconds (0h:0m:59s)
Wall-clock time for ModelFinder: 59.787 seconds (0h:0m:59s)

NOTE: 5 MB RAM (0 GB) is required!
Estimate model parameters (epsilon = 0.100)
1. Initial log-likelihood: -9794.452
Optimal log-likelihood: -9794.452
Gamma shape alpha: 1.194
Parameters optimization took 1 rounds (0.050 sec)
Wrote distance file to... 
Computing ML distances based on estimated model parameters...
Calculating distance matrix: done in 0.0376199 secs using 100% CPU
Computing ML distances took 0.037683 sec (of wall-clock time) 0.037685 sec (of CPU time)
Setting up auxiliary I and S matrices: done in 5.41e-05 secs using 99.82% CPU
Constructing RapidNJ tree: done in 7.92e-05 secs using 99.75% CPU
Computing RapidNJ tree took 0.000200 sec (of wall-clock time) 0.000200 sec (of CPU time)
Log-likelihood of RapidNJ tree: -9796.315
--------------------------------------------------------------------
|             INITIALIZING CANDIDATE TREE SET                      |
--------------------------------------------------------------------
Generating 98 parsimony trees... 0.208 second
Computing log-likelihood of 98 initial trees ... 1.732 seconds
Current best score: -9794.452

Do NNI search on 20 best initial trees
Optimizing NNI: done in 0.0728978 secs using 99.99% CPU
Estimate model parameters (epsilon = 0.100)
BETTER TREE FOUND at iteration 1: -9794.452
Optimizing NNI: done in 0.129307 secs using 100% CPU
Optimizing NNI: done in 0.150543 secs using 100% CPU
Optimizing NNI: done in 0.196147 secs using 100% CPU
Optimizing NNI: done in 0.213787 secs using 100% CPU
Optimizing NNI: done in 0.222187 secs using 100% CPU
Optimizing NNI: done in 0.228458 secs using 100% CPU
Optimizing NNI: done in 0.183035 secs using 100% CPU
Optimizing NNI: done in 0.260528 secs using 100% CPU
Optimizing NNI: done in 0.225033 secs using 100% CPU
Iteration 10 / LogL: -9794.936 / Time: 0h:0m:4s
Optimizing NNI: done in 0.283277 secs using 97.9% CPU
Optimizing NNI: done in 0.284502 secs using 100% CPU
Optimizing NNI: done in 0.321503 secs using 100% CPU
Optimizing NNI: done in 0.230142 secs using 100% CPU
Optimizing NNI: done in 0.2132 secs using 100% CPU
Optimizing NNI: done in 0.337579 secs using 100% CPU
Optimizing NNI: done in 0.219761 secs using 100% CPU
Optimizing NNI: done in 0.375353 secs using 97.34% CPU
Optimizing NNI: done in 0.253266 secs using 100% CPU
Optimizing NNI: done in 0.274779 secs using 100% CPU
Iteration 20 / LogL: -9794.552 / Time: 0h:0m:6s
Finish initializing candidate tree set (1)
Current best tree score: -9794.452 / CPU time: 6.746
Number of iterations: 20
--------------------------------------------------------------------
|               OPTIMIZING CANDIDATE TREE SET                      |
--------------------------------------------------------------------
Optimizing NNI: done in 0.517152 secs using 100% CPU
Optimizing NNI: done in 0.30364 secs using 100% CPU
Optimizing NNI: done in 0.267683 secs using 100% CPU
Optimizing NNI: done in 0.286446 secs using 100% CPU
Optimizing NNI: done in 0.2528 secs using 99.99% CPU
Optimizing NNI: done in 0.292306 secs using 100% CPU
Optimizing NNI: done in 0.411969 secs using 100% CPU
Optimizing NNI: done in 0.327881 secs using 100% CPU
Optimizing NNI: done in 0.215307 secs using 100% CPU
Optimizing NNI: done in 0.32581 secs using 100% CPU
Iteration 30 / LogL: -9794.510 / Time: 0h:0m:10s (0h:0m:24s left)
Optimizing NNI: done in 0.358325 secs using 100% CPU
Optimizing NNI: done in 0.268738 secs using 100% CPU
Optimizing NNI: done in 0.259555 secs using 100% CPU
Optimizing NNI: done in 0.219694 secs using 100% CPU
Optimizing NNI: done in 0.290659 secs using 100% CPU
Optimizing NNI: done in 0.280209 secs using 100% CPU
Optimizing NNI: done in 0.28895 secs using 100% CPU
Optimizing NNI: done in 0.245938 secs using 100% CPU
Optimizing NNI: done in 0.328204 secs using 96.95% CPU
Optimizing NNI: done in 0.270556 secs using 100% CPU
Iteration 40 / LogL: -9794.501 / Time: 0h:0m:13s (0h:0m:20s left)
Optimizing NNI: done in 0.220722 secs using 100% CPU
Optimizing NNI: done in 0.226119 secs using 100% CPU
Optimizing NNI: done in 0.237097 secs using 100% CPU
Optimizing NNI: done in 0.354611 secs using 100% CPU
Optimizing NNI: done in 0.283271 secs using 100% CPU
Optimizing NNI: done in 0.248915 secs using 100% CPU
Optimizing NNI: done in 0.313017 secs using 100% CPU
Optimizing NNI: done in 0.205193 secs using 100% CPU
Optimizing NNI: done in 0.232966 secs using 100% CPU
Optimizing NNI: done in 0.300377 secs using 100% CPU
Iteration 50 / LogL: -9815.005 / Time: 0h:0m:15s (0h:0m:16s left)
Optimizing NNI: done in 0.337149 secs using 100% CPU
Optimizing NNI: done in 0.401767 secs using 100% CPU
Optimizing NNI: done in 0.304052 secs using 100% CPU
Optimizing NNI: done in 0.23956 secs using 100% CPU
Optimizing NNI: done in 0.24697 secs using 100% CPU
Optimizing NNI: done in 0.251301 secs using 100% CPU
Optimizing NNI: done in 0.278103 secs using 100% CPU
Optimizing NNI: done in 0.230829 secs using 100% CPU
Optimizing NNI: done in 0.294638 secs using 100% CPU
Optimizing NNI: done in 0.278775 secs using 100% CPU
Iteration 60 / LogL: -9815.000 / Time: 0h:0m:18s (0h:0m:12s left)
Optimizing NNI: done in 0.256682 secs using 99.63% CPU
Optimizing NNI: done in 0.215346 secs using 100% CPU
Optimizing NNI: done in 0.302219 secs using 100% CPU
Optimizing NNI: done in 0.202118 secs using 100% CPU
Optimizing NNI: done in 0.349952 secs using 100% CPU
Optimizing NNI: done in 0.266289 secs using 100% CPU
Optimizing NNI: done in 0.429708 secs using 100% CPU
Optimizing NNI: done in 0.22732 secs using 100% CPU
Optimizing NNI: done in 0.408889 secs using 100% CPU
Optimizing NNI: done in 0.281586 secs using 100% CPU
Iteration 70 / LogL: -9796.100 / Time: 0h:0m:21s (0h:0m:9s left)
Optimizing NNI: done in 0.25829 secs using 100% CPU
Optimizing NNI: done in 0.247494 secs using 100% CPU
Optimizing NNI: done in 0.260459 secs using 100% CPU
Optimizing NNI: done in 0.216191 secs using 100% CPU
Optimizing NNI: done in 0.277403 secs using 100% CPU
Optimizing NNI: done in 0.257623 secs using 100% CPU
Optimizing NNI: done in 0.323951 secs using 100% CPU
Optimizing NNI: done in 0.232847 secs using 100% CPU
Optimizing NNI: done in 0.296091 secs using 100% CPU
Optimizing NNI: done in 0.419545 secs using 100% CPU
Iteration 80 / LogL: -9795.255 / Time: 0h:0m:24s (0h:0m:6s left)
Optimizing NNI: done in 0.21221 secs using 100% CPU
Optimizing NNI: done in 0.234201 secs using 100% CPU
Optimizing NNI: done in 0.28858 secs using 100% CPU
Optimizing NNI: done in 0.311137 secs using 100% CPU
Optimizing NNI: done in 0.281846 secs using 100% CPU
Optimizing NNI: done in 0.286595 secs using 100% CPU
Optimizing NNI: done in 0.297597 secs using 100% CPU
Optimizing NNI: done in 0.284742 secs using 100% CPU
Optimizing NNI: done in 0.217457 secs using 100% CPU
Optimizing NNI: done in 0.2171 secs using 100% CPU
Iteration 90 / LogL: -9815.377 / Time: 0h:0m:27s (0h:0m:3s left)
Optimizing NNI: done in 0.217865 secs using 100% CPU
Optimizing NNI: done in 0.26614 secs using 100% CPU
Optimizing NNI: done in 0.264931 secs using 100% CPU
Optimizing NNI: done in 0.360878 secs using 100% CPU
Optimizing NNI: done in 0.197949 secs using 100% CPU
Optimizing NNI: done in 0.232486 secs using 100% CPU
Optimizing NNI: done in 0.240988 secs using 100% CPU
Optimizing NNI: done in 0.24432 secs using 99.54% CPU
Optimizing NNI: done in 0.236717 secs using 100% CPU
Optimizing NNI: done in 0.243482 secs using 100% CPU
Iteration 100 / LogL: -9815.210 / Time: 0h:0m:29s (0h:0m:0s left)
Optimizing NNI: done in 0.279696 secs using 100% CPU
Optimizing NNI: done in 0.308545 secs using 100% CPU
TREE SEARCH COMPLETED AFTER 102 ITERATIONS / Time: 0h:0m:30s

--------------------------------------------------------------------
|                    FINALIZING TREE SEARCH                        |
--------------------------------------------------------------------
Performs final model parameters optimization
Estimate model parameters (epsilon = 0.010)
1. Initial log-likelihood: -9794.452
Optimal log-likelihood: -9794.452
Gamma shape alpha: 1.194
Parameters optimization took 1 rounds (0.067 sec)
BEST SCORE FOUND : -9794.452
Total tree length: 9.905

Total number of iterations: 102
CPU time used for tree search: 29.995 sec (0h:0m:29s)
Wall-clock time used for tree search: 30.047 sec (0h:0m:30s)
Total CPU time used: 30.233 sec (0h:0m:30s)
Total wall-clock time used: 30.282 sec (0h:0m:30s)

Analysis results written to: 
  IQ-TREE report:                tree/AKR2.iqtree
  Maximum-likelihood tree:       tree/AKR2.treefile
  Likelihood distances:          tree/AKR2.mldist
  Screen log file:               tree/AKR2.log

Date and Time: Tue Dec 19 09:47:40 2023
