IQ-TREE multicore version 2.2.0.3 COVID-edition for Linux 64-bit built May 11 2022
Developed by Bui Quang Minh, James Barbetti, Nguyen Lam Tung,
Olga Chernomor, Heiko Schmidt, Dominik Schrempf, Michael Woodhams, Ly Trong Nhan.

Host:    H1 (AVX2, FMA3, 31 GB RAM)
Command: iqtree -s msa/AKR7.aln --prefix tree/AKR7
Seed:    474760 (Using SPRNG - Scalable Parallel Random Number Generator)
Time:    Sun Oct 29 20:33:46 2023
Kernel:  AVX+FMA - 1 threads (16 CPU cores detected)

HINT: Use -nt option to specify number of threads because your CPU has 16 cores!
HINT: -nt AUTO will automatically determine the best number of threads to use.

Reading alignment file msa/AKR7.aln ... Fasta format detected
Reading fasta file: done in 3.2482e-05 secs using 95.44% CPU
Alignment most likely contains protein sequences
Constructing alignment: done in 0.000105738 secs using 99.3% CPU
Alignment has 5 sequences with 372 columns, 145 distinct patterns
32 parsimony-informative, 81 singleton sites, 259 constant sites
                          Gap/Ambiguity  Composition  p-value
Analyzing sequences: done in 3.212e-06 secs using 93.4% CPU
   1  AKR7A1|P38918.2|Rattus     12.10%    passed     99.61%
   2  AKR7A2|NP_003680.2|Homo     3.49%    passed     99.98%
   3  AKR7A3|NP_036199.2|Homo    11.02%    passed    100.00%
   4  AKR7A4|BAA90396.1|Rattus    9.14%    passed    100.00%
   5  AKR7A5|BAB23073.1|Mus       1.61%    passed    100.00%
****  TOTAL                       7.47%  0 sequences failed composition chi2 test (p-value<5%; df=19)
Checking for duplicate sequences: done in 6.219e-06 secs using 96.48% CPU


Create initial parsimony tree by phylogenetic likelihood library (PLL)... 0.000 seconds
Perform fast likelihood tree search using LG+I+G model...
Estimate model parameters (epsilon = 5.000)
Perform nearest neighbor interchange...
Optimizing NNI: done in 0.00176204 secs using 99.94% CPU
Estimate model parameters (epsilon = 1.000)
1. Initial log-likelihood: -1987.300
Optimal log-likelihood: -1987.291
Proportion of invariable sites: 0.355
Gamma shape alpha: 1.490
Parameters optimization took 1 rounds (0.002 sec)
Time for fast ML tree search: 0.011 seconds

NOTE: ModelFinder requires 1 MB RAM!
ModelFinder will test up to 1232 protein models (sample size: 372) ...
 No. Model         -LnL         df  AIC          AICc         BIC
  1  LG            2008.051     7   4030.102     4030.410     4057.534
  2  LG+I          1986.509     8   3989.017     3989.414     4020.368
  3  LG+G4         1987.697     8   3991.394     3991.791     4022.745
  4  LG+I+G4       1987.283     9   3992.566     3993.063     4027.836
  5  LG+R2         1986.726     9   3991.451     3991.948     4026.721
  6  LG+R3         1986.775     11  3995.551     3996.284     4038.659
 14  LG+I+I+R2     1987.124     10  3994.248     3994.858     4033.437
 15  LG+I+I+R3     1986.974     12  3997.948     3998.817     4044.974
 24  LG+F+I        1964.653     27  3983.305     3987.700     4089.115
 25  LG+F+G4       1965.477     27  3984.954     3989.349     4090.764
 26  LG+F+I+G4     1965.077     28  3986.154     3990.888     4095.883
 27  LG+F+R2       1964.793     28  3985.586     3990.321     4095.315
 46  WAG+I         1978.972     8   3973.943     3974.340     4005.294
 47  WAG+G4        1980.051     8   3976.101     3976.498     4007.453
 48  WAG+I+G4      1979.651     9   3977.301     3977.799     4012.571
 49  WAG+R2        1979.175     9   3976.349     3976.846     4011.619
 68  WAG+F+I       1961.448     27  3976.896     3981.291     4082.706
 69  WAG+F+G4      1962.324     27  3978.648     3983.043     4084.458
 70  WAG+F+I+G4    1961.961     28  3979.922     3984.657     4089.651
 71  WAG+F+R2      1961.598     28  3979.197     3983.931     4088.926
 90  JTT+I         1961.024     8   3938.048     3938.445     3969.400
 91  JTT+G4        1962.667     8   3941.335     3941.731     3972.686
 92  JTT+I+G4      1961.968     9   3941.936     3942.433     3977.206
 93  JTT+R2        1961.387     9   3940.774     3941.271     3976.044
112  JTT+F+I       1945.944     27  3945.888     3950.283     4051.698
113  JTT+F+G4      1947.421     27  3948.842     3953.237     4054.652
114  JTT+F+I+G4    1946.736     28  3949.472     3954.207     4059.201
115  JTT+F+R2      1946.286     28  3948.573     3953.308     4058.302
WARNING: Normalizing state frequencies so that sum of them equals to 1
134  Q.pfam+I      1982.641     8   3981.282     3981.679     4012.633
WARNING: Normalizing state frequencies so that sum of them equals to 1
135  Q.pfam+G4     1983.937     8   3983.873     3984.270     4015.224
WARNING: Normalizing state frequencies so that sum of them equals to 1
136  Q.pfam+I+G4   1983.489     9   3984.977     3985.474     4020.247
WARNING: Normalizing state frequencies so that sum of them equals to 1
137  Q.pfam+R2     1982.878     9   3983.755     3984.253     4019.025
WARNING: Normalizing state frequencies so that sum of them equals to 1
156  Q.pfam+F+I    1965.684     27  3985.367     3989.763     4091.178
WARNING: Normalizing state frequencies so that sum of them equals to 1
157  Q.pfam+F+G4   1966.735     27  3987.470     3991.866     4093.281
WARNING: Normalizing state frequencies so that sum of them equals to 1
158  Q.pfam+F+I+G4 1966.306     28  3988.612     3993.347     4098.341
WARNING: Normalizing state frequencies so that sum of them equals to 1
159  Q.pfam+F+R2   1965.884     28  3987.767     3992.502     4097.496
WARNING: Normalizing state frequencies so that sum of them equals to 1
178  Q.bird+I      1963.571     8   3943.141     3943.538     3974.492
WARNING: Normalizing state frequencies so that sum of them equals to 1
179  Q.bird+G4     1965.608     8   3947.215     3947.612     3978.566
WARNING: Normalizing state frequencies so that sum of them equals to 1
180  Q.bird+I+G4   1964.975     9   3947.950     3948.448     3983.220
WARNING: Normalizing state frequencies so that sum of them equals to 1
181  Q.bird+R2     1963.885     9   3945.770     3946.267     3981.040
WARNING: Normalizing state frequencies so that sum of them equals to 1
200  Q.bird+F+I    1949.710     27  3953.420     3957.816     4059.230
WARNING: Normalizing state frequencies so that sum of them equals to 1
201  Q.bird+F+G4   1951.676     27  3957.352     3961.747     4063.162
WARNING: Normalizing state frequencies so that sum of them equals to 1
202  Q.bird+F+I+G4 1950.943     28  3957.886     3962.620     4067.615
WARNING: Normalizing state frequencies so that sum of them equals to 1
203  Q.bird+F+R2   1950.053     28  3956.107     3960.841     4065.836
WARNING: Normalizing state frequencies so that sum of them equals to 1
222  Q.mammal+I    1962.805     8   3941.610     3942.006     3972.961
WARNING: Normalizing state frequencies so that sum of them equals to 1
223  Q.mammal+G4   1964.704     8   3945.409     3945.805     3976.760
WARNING: Normalizing state frequencies so that sum of them equals to 1
224  Q.mammal+I+G4 1964.152     9   3946.304     3946.801     3981.574
WARNING: Normalizing state frequencies so that sum of them equals to 1
225  Q.mammal+R2   1963.113     9   3944.226     3944.723     3979.496
WARNING: Normalizing state frequencies so that sum of them equals to 1
244  Q.mammal+F+I  1949.111     27  3952.221     3956.617     4058.031
WARNING: Normalizing state frequencies so that sum of them equals to 1
245  Q.mammal+F+G4 1950.955     27  3955.909     3960.305     4061.720
WARNING: Normalizing state frequencies so that sum of them equals to 1
246  Q.mammal+F+I+G4 1950.336     28  3956.671     3961.406     4066.400
WARNING: Normalizing state frequencies so that sum of them equals to 1
247  Q.mammal+F+R2 1949.443     28  3954.887     3959.621     4064.616
266  Q.insect+I    2000.042     8   4016.085     4016.481     4047.436
267  Q.insect+G4   2001.696     8   4019.391     4019.788     4050.743
268  Q.insect+I+G4 2001.159     9   4020.317     4020.814     4055.587
269  Q.insect+R2   2000.355     9   4018.709     4019.206     4053.979
288  Q.insect+F+I  1960.390     27  3974.780     3979.175     4080.590
289  Q.insect+F+G4 1961.680     27  3977.360     3981.755     4083.170
290  Q.insect+F+I+G4 1961.123     28  3978.246     3982.980     4087.975
291  Q.insect+F+R2 1960.663     28  3977.326     3982.060     4087.055
WARNING: Normalizing state frequencies so that sum of them equals to 1
310  Q.plant+I     1976.162     8   3968.323     3968.720     3999.675
WARNING: Normalizing state frequencies so that sum of them equals to 1
311  Q.plant+G4    1977.843     8   3971.686     3972.083     4003.038
WARNING: Normalizing state frequencies so that sum of them equals to 1
312  Q.plant+I+G4  1977.239     9   3972.477     3972.975     4007.747
WARNING: Normalizing state frequencies so that sum of them equals to 1
313  Q.plant+R2    1976.461     9   3970.922     3971.419     4006.192
WARNING: Normalizing state frequencies so that sum of them equals to 1
332  Q.plant+F+I   1951.141     27  3956.283     3960.678     4062.093
WARNING: Normalizing state frequencies so that sum of them equals to 1
333  Q.plant+F+G4  1952.434     27  3958.869     3963.264     4064.679
WARNING: Normalizing state frequencies so that sum of them equals to 1
334  Q.plant+F+I+G4 1951.851     28  3959.703     3964.437     4069.432
WARNING: Normalizing state frequencies so that sum of them equals to 1
335  Q.plant+F+R2  1951.399     28  3958.798     3963.532     4068.527
WARNING: Normalizing state frequencies so that sum of them equals to 1
354  Q.yeast+I     2014.326     8   4044.651     4045.048     4076.003
WARNING: Normalizing state frequencies so that sum of them equals to 1
355  Q.yeast+G4    2015.685     8   4047.369     4047.766     4078.720
WARNING: Normalizing state frequencies so that sum of them equals to 1
356  Q.yeast+I+G4  2015.159     9   4048.317     4048.814     4083.587
WARNING: Normalizing state frequencies so that sum of them equals to 1
357  Q.yeast+R2    2014.592     9   4047.185     4047.682     4082.455
WARNING: Normalizing state frequencies so that sum of them equals to 1
376  Q.yeast+F+I   1965.520     27  3985.040     3989.435     4090.850
WARNING: Normalizing state frequencies so that sum of them equals to 1
377  Q.yeast+F+G4  1966.473     27  3986.946     3991.341     4092.756
WARNING: Normalizing state frequencies so that sum of them equals to 1
378  Q.yeast+F+I+G4 1965.982     28  3987.965     3992.700     4097.694
WARNING: Normalizing state frequencies so that sum of them equals to 1
379  Q.yeast+F+R2  1965.718     28  3987.436     3992.170     4097.165
398  JTTDCMut+I    1961.332     8   3938.663     3939.060     3970.014
399  JTTDCMut+G4   1962.967     8   3941.934     3942.330     3973.285
400  JTTDCMut+I+G4 1962.269     9   3942.539     3943.036     3977.809
401  JTTDCMut+R2   1961.692     9   3941.385     3941.882     3976.655
420  JTTDCMut+F+I  1946.045     27  3946.091     3950.486     4051.901
421  JTTDCMut+F+G4 1947.514     27  3949.028     3953.424     4054.838
422  JTTDCMut+F+I+G4 1946.835     28  3949.669     3954.404     4059.399
423  JTTDCMut+F+R2 1946.385     28  3948.769     3953.504     4058.498
442  DCMut+I       1982.703     8   3981.405     3981.802     4012.756
443  DCMut+G4      1983.285     8   3982.569     3982.966     4013.920
444  DCMut+I+G4    1982.809     9   3983.618     3984.115     4018.888
445  DCMut+R2      1982.801     9   3983.602     3984.099     4018.872
464  DCMut+F+I     1959.655     27  3973.311     3977.706     4079.121
465  DCMut+F+G4    1960.069     27  3974.139     3978.534     4079.949
466  DCMut+F+I+G4  1959.668     28  3975.336     3980.070     4085.065
467  DCMut+F+R2    1959.695     28  3975.389     3980.124     4085.118
486  VT+I          1984.203     8   3984.406     3984.802     4015.757
487  VT+G4         1985.622     8   3987.245     3987.641     4018.596
488  VT+I+G4       1985.067     9   3988.134     3988.631     4023.404
489  VT+R2         1984.515     9   3987.031     3987.528     4022.301
508  VT+F+I        1965.518     27  3985.035     3989.431     4090.846
509  VT+F+G4       1966.777     27  3987.553     3991.949     4093.363
510  VT+F+I+G4     1966.238     28  3988.475     3993.210     4098.204
511  VT+F+R2       1965.802     28  3987.605     3992.339     4097.334
530  PMB+I         1998.026     8   4012.052     4012.449     4043.403
531  PMB+G4        1999.350     8   4014.700     4015.097     4046.051
532  PMB+I+G4      1999.005     9   4016.010     4016.507     4051.280
533  PMB+R2        1998.266     9   4014.532     4015.029     4049.802
552  PMB+F+I       1981.297     27  4016.594     4020.989     4122.404
553  PMB+F+G4      1982.416     27  4018.833     4023.228     4124.643
554  PMB+F+I+G4    1982.065     28  4020.130     4024.865     4129.859
555  PMB+F+R2      1981.501     28  4019.002     4023.737     4128.731
574  Blosum62+I    2007.883     8   4031.767     4032.163     4063.118
575  Blosum62+G4   2009.027     8   4034.055     4034.451     4065.406
576  Blosum62+I+G4 2008.722     9   4035.444     4035.942     4070.714
577  Blosum62+R2   2008.077     9   4034.153     4034.651     4069.423
596  Blosum62+F+I  1982.883     27  4019.767     4024.162     4125.577
597  Blosum62+F+G4 1983.729     27  4021.457     4025.852     4127.267
598  Blosum62+F+I+G4 1983.442     28  4022.883     4027.618     4132.612
599  Blosum62+F+R2 1983.010     28  4022.019     4026.754     4131.748
618  Dayhoff+I     1982.576     8   3981.152     3981.549     4012.503
619  Dayhoff+G4    1983.153     8   3982.305     3982.702     4013.656
620  Dayhoff+I+G4  1982.677     9   3983.353     3983.851     4018.623
621  Dayhoff+R2    1982.672     9   3983.345     3983.842     4018.615
640  Dayhoff+F+I   1959.536     27  3973.073     3977.468     4078.883
641  Dayhoff+F+G4  1959.943     27  3973.885     3978.280     4079.695
642  Dayhoff+F+I+G4 1959.541     28  3975.083     3979.817     4084.812
643  Dayhoff+F+R2  1959.573     28  3975.145     3979.880     4084.874
662  mtREV+I       2062.892     8   4141.783     4142.180     4173.134
663  mtREV+G4      2063.463     8   4142.926     4143.323     4174.278
664  mtREV+I+G4    2062.398     9   4142.795     4143.292     4178.065
665  mtREV+R2      2062.923     9   4143.847     4144.344     4179.117
684  mtREV+F+I     1969.091     27  3992.182     3996.577     4097.992
685  mtREV+F+G4    1969.668     27  3993.336     3997.731     4099.146
686  mtREV+F+I+G4  1968.778     28  3993.557     3998.291     4103.286
687  mtREV+F+R2    1969.285     28  3994.571     3999.306     4104.300
706  mtART+I       2115.325     8   4246.650     4247.047     4278.001
707  mtART+G4      2112.402     8   4240.805     4241.201     4272.156
708  mtART+I+G4    2110.252     9   4238.505     4239.002     4273.775
709  mtART+R2      2113.692     9   4245.384     4245.882     4280.654
728  mtART+F+I     2006.655     27  4067.310     4071.705     4173.120
729  mtART+F+G4    2003.727     27  4061.455     4065.850     4167.265
730  mtART+F+I+G4  2002.594     28  4061.188     4065.923     4170.917
731  mtART+F+R2    2005.013     28  4066.026     4070.761     4175.755
750  mtZOA+I       2065.493     8   4146.985     4147.382     4178.337
751  mtZOA+G4      2065.385     8   4146.771     4147.167     4178.122
752  mtZOA+I+G4    2064.361     9   4146.723     4147.220     4181.993
753  mtZOA+R2      2065.284     9   4148.568     4149.065     4183.838
772  mtZOA+F+I     1981.742     27  4017.484     4021.880     4123.294
773  mtZOA+F+G4    1981.526     27  4017.051     4021.447     4122.861
774  mtZOA+F+I+G4  1980.917     28  4017.833     4022.568     4127.562
775  mtZOA+F+R2    1981.598     28  4019.197     4023.932     4128.926
794  mtMet+I       2088.210     8   4192.420     4192.817     4223.772
795  mtMet+G4      2089.339     8   4194.678     4195.075     4226.029
796  mtMet+I+G4    2088.374     9   4194.748     4195.245     4230.018
797  mtMet+R2      2088.461     9   4194.922     4195.419     4230.192
816  mtMet+F+I     1960.641     27  3975.281     3979.677     4081.091
817  mtMet+F+G4    1961.659     27  3977.318     3981.714     4083.129
818  mtMet+F+I+G4  1960.819     28  3977.638     3982.372     4087.367
819  mtMet+F+R2    1960.926     28  3977.852     3982.587     4087.581
838  mtVer+I       2073.956     8   4163.912     4164.308     4195.263
839  mtVer+G4      2074.420     8   4164.840     4165.237     4196.191
840  mtVer+I+G4    2073.355     9   4164.710     4165.207     4199.980
841  mtVer+R2      2074.030     9   4166.060     4166.557     4201.330
860  mtVer+F+I     1968.865     27  3991.731     3996.126     4097.541
861  mtVer+F+G4    1969.828     27  3993.656     3998.052     4099.466
862  mtVer+F+I+G4  1968.996     28  3993.992     3998.727     4103.721
863  mtVer+F+R2    1969.102     28  3994.204     3998.938     4103.933
882  mtInv+I       2132.105     8   4280.209     4280.606     4311.560
883  mtInv+G4      2133.602     8   4283.204     4283.600     4314.555
884  mtInv+I+G4    2132.850     9   4283.700     4284.197     4318.970
885  mtInv+R2      2132.366     9   4282.732     4283.229     4318.002
904  mtInv+F+I     1962.579     27  3979.158     3983.553     4084.968
905  mtInv+F+G4    1963.444     27  3980.888     3985.283     4086.698
906  mtInv+F+I+G4  1962.835     28  3981.671     3986.405     4091.400
907  mtInv+F+R2    1962.769     28  3981.538     3986.272     4091.267
926  mtMAM+I       2072.564     8   4161.127     4161.524     4192.479
927  mtMAM+G4      2070.684     8   4157.369     4157.766     4188.720
928  mtMAM+I+G4    2068.993     9   4155.986     4156.483     4191.256
929  mtMAM+R2      2071.796     9   4161.591     4162.089     4196.862
948  mtMAM+F+I     1971.711     27  3997.423     4001.818     4103.233
949  mtMAM+F+G4    1971.647     27  3997.293     4001.689     4103.103
950  mtMAM+F+I+G4  1970.314     28  3996.628     4001.363     4106.357
951  mtMAM+F+R2    1971.646     28  3999.292     4004.027     4109.021
WARNING: Normalizing state frequencies so that sum of them equals to 1
970  FLAVI+I       1995.714     8   4007.428     4007.825     4038.779
WARNING: Normalizing state frequencies so that sum of them equals to 1
971  FLAVI+G4      1997.628     8   4011.256     4011.653     4042.607
WARNING: Normalizing state frequencies so that sum of them equals to 1
972  FLAVI+I+G4    1997.001     9   4012.002     4012.500     4047.272
WARNING: Normalizing state frequencies so that sum of them equals to 1
973  FLAVI+R2      1995.977     9   4009.954     4010.451     4045.224
WARNING: Normalizing state frequencies so that sum of them equals to 1
992  FLAVI+F+I     1965.814     27  3985.629     3990.024     4091.439
WARNING: Normalizing state frequencies so that sum of them equals to 1
993  FLAVI+F+G4    1966.966     27  3987.933     3992.328     4093.743
WARNING: Normalizing state frequencies so that sum of them equals to 1
994  FLAVI+F+I+G4  1966.446     28  3988.893     3993.628     4098.622
WARNING: Normalizing state frequencies so that sum of them equals to 1
995  FLAVI+F+R2    1965.930     28  3987.859     3992.594     4097.588
1014  HIVb+I        1986.464     8   3988.928     3989.324     4020.279
1015  HIVb+G4       1987.297     8   3990.595     3990.991     4021.946
1016  HIVb+I+G4     1986.616     9   3991.232     3991.730     4026.502
1017  HIVb+R2       1986.610     9   3991.221     3991.718     4026.491
1036  HIVb+F+I      1955.024     27  3964.048     3968.443     4069.858
1037  HIVb+F+G4     1955.631     27  3965.261     3969.656     4071.071
1038  HIVb+F+I+G4   1954.901     28  3965.801     3970.536     4075.530
1039  HIVb+F+R2     1955.141     28  3966.281     3971.016     4076.010
1058  HIVw+I        2050.851     8   4117.702     4118.098     4149.053
1059  HIVw+G4       2051.591     8   4119.181     4119.578     4150.532
1060  HIVw+I+G4     2051.308     9   4120.616     4121.113     4155.886
1061  HIVw+R2       2050.796     9   4119.593     4120.090     4154.863
1080  HIVw+F+I      1972.921     27  3999.841     4004.236     4105.651
1081  HIVw+F+G4     1974.234     27  4002.469     4006.864     4108.279
1082  HIVw+F+I+G4   1973.856     28  4003.711     4008.446     4113.440
1083  HIVw+F+R2     1973.033     28  4002.065     4006.800     4111.794
1102  FLU+I         2002.856     8   4021.711     4022.108     4053.063
1103  FLU+G4        2003.707     8   4023.414     4023.811     4054.765
1104  FLU+I+G4      2003.507     9   4025.013     4025.511     4060.283
1105  FLU+R2        2002.836     9   4023.672     4024.169     4058.942
1124  FLU+F+I       1955.879     27  3965.759     3970.154     4071.569
1125  FLU+F+G4      1956.237     27  3966.474     3970.870     4072.285
1126  FLU+F+I+G4    1956.095     28  3968.190     3972.925     4077.919
1127  FLU+F+R2      1955.671     28  3967.343     3972.077     4077.072
1146  rtREV+I       2005.306     8   4026.613     4027.009     4057.964
1147  rtREV+G4      2006.265     8   4028.531     4028.927     4059.882
1148  rtREV+I+G4    2005.875     9   4029.750     4030.247     4065.020
1149  rtREV+R2      2005.432     9   4028.865     4029.362     4064.135
1168  rtREV+F+I     1971.282     27  3996.563     4000.958     4102.373
1169  rtREV+F+G4    1972.109     27  3998.218     4002.613     4104.028
1170  rtREV+F+I+G4  1971.693     28  3999.386     4004.121     4109.115
1171  rtREV+F+R2    1971.396     28  3998.791     4003.526     4108.520
1190  cpREV+I       1994.509     8   4005.018     4005.414     4036.369
1191  cpREV+G4      1994.582     8   4005.164     4005.561     4036.516
1192  cpREV+I+G4    1994.376     9   4006.753     4007.250     4042.023
1193  cpREV+R2      1994.344     9   4006.687     4007.184     4041.957
1212  cpREV+F+I     1968.180     27  3990.359     3994.755     4096.170
1213  cpREV+F+G4    1967.758     27  3989.516     3993.911     4095.326
1214  cpREV+F+I+G4  1967.609     28  3991.218     3995.953     4100.947
1215  cpREV+F+R2    1967.768     28  3991.535     3996.270     4101.264
Akaike Information Criterion:           JTT+I
Corrected Akaike Information Criterion: JTT+I
Bayesian Information Criterion:         JTT+I
Best-fit model: JTT+I chosen according to BIC

All model information printed to tree/AKR7.model.gz
CPU time for ModelFinder: 1.722 seconds (0h:0m:1s)
Wall-clock time for ModelFinder: 1.724 seconds (0h:0m:1s)

NOTE: 0 MB RAM (0 GB) is required!
Estimate model parameters (epsilon = 0.100)
1. Initial log-likelihood: -1961.024
Optimal log-likelihood: -1961.024
Proportion of invariable sites: 0.510
Parameters optimization took 1 rounds (0.001 sec)
Wrote distance file to... 
Computing ML distances based on estimated model parameters...
Calculating distance matrix: done in 0.000401976 secs using 100% CPU
Computing ML distances took 0.000419 sec (of wall-clock time) 0.000420 sec (of CPU time)
Setting up auxiliary I and S matrices: done in 2.0137e-05 secs using 99.32% CPU
Constructing RapidNJ tree: done in 1.1693e-05 secs using 94.07% CPU
Computing RapidNJ tree took 0.000055 sec (of wall-clock time) 0.000055 sec (of CPU time)
Log-likelihood of RapidNJ tree: -1961.024
--------------------------------------------------------------------
|             INITIALIZING CANDIDATE TREE SET                      |
--------------------------------------------------------------------
Generating 99 parsimony trees... 0.006 second
Computing log-likelihood of 4 initial trees ... 0.001 seconds
Current best score: -1961.024

Do NNI search on 5 best initial trees
Optimizing NNI: done in 0.000488283 secs using 99.94% CPU
Optimizing NNI: done in 0.00112252 secs using 99.95% CPU
Optimizing NNI: done in 0.0011035 secs using 99.95% CPU
Optimizing NNI: done in 0.00110173 secs using 369.6% CPU
Optimizing NNI: done in 0.00111663 secs using 99.94% CPU
Finish initializing candidate tree set (5)
Current best tree score: -1961.024 / CPU time: 0.012
Number of iterations: 5
--------------------------------------------------------------------
|               OPTIMIZING CANDIDATE TREE SET                      |
--------------------------------------------------------------------
Optimizing NNI: done in 0.00111958 secs using 99.95% CPU
Optimizing NNI: done in 0.00112092 secs using 100% CPU
Optimizing NNI: done in 0.00111392 secs using 100% CPU
Optimizing NNI: done in 0.00173753 secs using 99.97% CPU
Optimizing NNI: done in 0.00177031 secs using 99.98% CPU
Iteration 10 / LogL: -1961.036 / Time: 0h:0m:0s
Optimizing NNI: done in 0.00172352 secs using 99.97% CPU
Optimizing NNI: done in 0.00175141 secs using 99.98% CPU
Optimizing NNI: done in 0.00175337 secs using 99.98% CPU
Optimizing NNI: done in 0.00176394 secs using 99.95% CPU
Optimizing NNI: done in 0.00175469 secs using 99.96% CPU
Optimizing NNI: done in 0.00175291 secs using 99.95% CPU
Optimizing NNI: done in 0.00172895 secs using 100% CPU
Optimizing NNI: done in 0.00108397 secs using 99.91% CPU
UPDATE BEST LOG-LIKELIHOOD: -1961.024
Optimizing NNI: done in 0.00176988 secs using 100% CPU
Optimizing NNI: done in 0.00110622 secs using 99.98% CPU
Iteration 20 / LogL: -1961.049 / Time: 0h:0m:0s
Optimizing NNI: done in 0.00175408 secs using 100% CPU
Optimizing NNI: done in 0.00177543 secs using 100% CPU
Optimizing NNI: done in 0.0017147 secs using 100% CPU
Optimizing NNI: done in 0.0017549 secs using 100% CPU
Optimizing NNI: done in 0.00171437 secs using 99.98% CPU
Optimizing NNI: done in 0.00116993 secs using 100% CPU
Optimizing NNI: done in 0.00111652 secs using 99.95% CPU
Optimizing NNI: done in 0.00172291 secs using 99.95% CPU
Optimizing NNI: done in 0.00112565 secs using 100% CPU
Optimizing NNI: done in 0.00177828 secs using 99.98% CPU
Iteration 30 / LogL: -1961.133 / Time: 0h:0m:0s (0h:0m:0s left)
Optimizing NNI: done in 0.000467665 secs using 100.1% CPU
Optimizing NNI: done in 0.000474845 secs using 100% CPU
Optimizing NNI: done in 0.00111754 secs using 99.95% CPU
Optimizing NNI: done in 0.00111338 secs using 99.97% CPU
Optimizing NNI: done in 0.00174767 secs using 99.96% CPU
Optimizing NNI: done in 0.00173477 secs using 100% CPU
Optimizing NNI: done in 0.00171429 secs using 99.98% CPU
Optimizing NNI: done in 0.00111411 secs using 99.99% CPU
Optimizing NNI: done in 0.00174213 secs using 99.99% CPU
Optimizing NNI: done in 0.000471159 secs using 99.75% CPU
Iteration 40 / LogL: -1977.699 / Time: 0h:0m:0s (0h:0m:0s left)
Optimizing NNI: done in 0.000470654 secs using 100.1% CPU
Optimizing NNI: done in 0.00111929 secs using 99.97% CPU
Optimizing NNI: done in 0.00176812 secs using 99.99% CPU
Optimizing NNI: done in 0.000470979 secs using 99.79% CPU
Optimizing NNI: done in 0.00181701 secs using 96.75% CPU
Optimizing NNI: done in 0.00111742 secs using 99.96% CPU
Optimizing NNI: done in 0.00172831 secs using 99.98% CPU
Optimizing NNI: done in 0.00172135 secs using 99.98% CPU
Optimizing NNI: done in 0.00111184 secs using 100% CPU
Optimizing NNI: done in 0.00171825 secs using 99.99% CPU
Iteration 50 / LogL: -1961.164 / Time: 0h:0m:0s (0h:0m:0s left)
Optimizing NNI: done in 0.00107638 secs using 99.96% CPU
UPDATE BEST LOG-LIKELIHOOD: -1961.024
Optimizing NNI: done in 0.00112516 secs using 99.9% CPU
Optimizing NNI: done in 0.00111619 secs using 99.98% CPU
Optimizing NNI: done in 0.00111217 secs using 99.98% CPU
Optimizing NNI: done in 0.00170658 secs using 99.97% CPU
Optimizing NNI: done in 0.00175175 secs using 99.96% CPU
Optimizing NNI: done in 0.00171838 secs using 99.98% CPU
Optimizing NNI: done in 0.000470312 secs using 99.93% CPU
Optimizing NNI: done in 0.00111612 secs using 99.99% CPU
Optimizing NNI: done in 0.00112196 secs using 100% CPU
Iteration 60 / LogL: -1961.197 / Time: 0h:0m:0s (0h:0m:0s left)
Optimizing NNI: done in 0.00110937 secs using 99.97% CPU
Optimizing NNI: done in 0.00111031 secs using 99.97% CPU
Optimizing NNI: done in 0.00110848 secs using 99.96% CPU
Optimizing NNI: done in 0.00112607 secs using 99.91% CPU
Optimizing NNI: done in 0.00173456 secs using 100% CPU
Optimizing NNI: done in 0.000467742 secs using 100.1% CPU
Optimizing NNI: done in 0.00171451 secs using 99.97% CPU
Optimizing NNI: done in 0.00174493 secs using 99.95% CPU
Optimizing NNI: done in 0.00111879 secs using 100% CPU
Optimizing NNI: done in 0.000471745 secs using 100.1% CPU
Iteration 70 / LogL: -1977.699 / Time: 0h:0m:0s (0h:0m:0s left)
Optimizing NNI: done in 0.000468857 secs using 100% CPU
Optimizing NNI: done in 0.00172207 secs using 100% CPU
Optimizing NNI: done in 0.00109682 secs using 99.92% CPU
Optimizing NNI: done in 0.00172625 secs using 99.99% CPU
Optimizing NNI: done in 0.001102 secs using 100% CPU
Optimizing NNI: done in 0.00110718 secs using 99.98% CPU
Optimizing NNI: done in 0.00106779 secs using 100% CPU
Optimizing NNI: done in 0.00111686 secs using 100% CPU
Optimizing NNI: done in 0.00109902 secs using 99.91% CPU
Optimizing NNI: done in 0.00170936 secs using 99.98% CPU
Iteration 80 / LogL: -1961.043 / Time: 0h:0m:0s (0h:0m:0s left)
Optimizing NNI: done in 0.00111997 secs using 99.91% CPU
Optimizing NNI: done in 0.00169259 secs using 100% CPU
Optimizing NNI: done in 0.00172769 secs using 99.96% CPU
Optimizing NNI: done in 0.0017107 secs using 99.96% CPU
Optimizing NNI: done in 0.000466605 secs using 99.87% CPU
Optimizing NNI: done in 0.00172348 secs using 100% CPU
Optimizing NNI: done in 0.00171336 secs using 99.98% CPU
Optimizing NNI: done in 0.00174716 secs using 99.99% CPU
Optimizing NNI: done in 0.00111894 secs using 100% CPU
Optimizing NNI: done in 0.00111822 secs using 99.98% CPU
Iteration 90 / LogL: -1961.045 / Time: 0h:0m:0s (0h:0m:0s left)
Optimizing NNI: done in 0.00110414 secs using 99.9% CPU
Optimizing NNI: done in 0.00173672 secs using 100% CPU
Optimizing NNI: done in 0.00174077 secs using 99.96% CPU
Optimizing NNI: done in 0.00111375 secs using 100% CPU
Optimizing NNI: done in 0.00169024 secs using 99.99% CPU
Optimizing NNI: done in 0.00114944 secs using 96.57% CPU
Optimizing NNI: done in 0.00112501 secs using 100% CPU
Optimizing NNI: done in 0.000481721 secs using 97.98% CPU
Optimizing NNI: done in 0.00172433 secs using 99.52% CPU
Optimizing NNI: done in 0.00175593 secs using 99.55% CPU
Iteration 100 / LogL: -1961.035 / Time: 0h:0m:0s (0h:0m:0s left)
Optimizing NNI: done in 0.00173189 secs using 99.54% CPU
TREE SEARCH COMPLETED AFTER 101 ITERATIONS / Time: 0h:0m:0s

--------------------------------------------------------------------
|                    FINALIZING TREE SEARCH                        |
--------------------------------------------------------------------
Performs final model parameters optimization
Estimate model parameters (epsilon = 0.010)
1. Initial log-likelihood: -1961.024
Optimal log-likelihood: -1961.024
Proportion of invariable sites: 0.510
Parameters optimization took 1 rounds (0.001 sec)
BEST SCORE FOUND : -1961.024
Total tree length: 0.602

Total number of iterations: 101
CPU time used for tree search: 0.161 sec (0h:0m:0s)
Wall-clock time used for tree search: 0.151 sec (0h:0m:0s)
Total CPU time used: 0.168 sec (0h:0m:0s)
Total wall-clock time used: 0.156 sec (0h:0m:0s)

Analysis results written to: 
  IQ-TREE report:                tree/AKR7.iqtree
  Maximum-likelihood tree:       tree/AKR7.treefile
  Likelihood distances:          tree/AKR7.mldist
  Screen log file:               tree/AKR7.log

ALISIM COMMAND
--------------
--alisim simulated_MSA -t tree/AKR7.treefile -m "JTT+I{0.510224}" --length 372

Date and Time: Sun Oct 29 20:33:48 2023
