IQ-TREE multicore version 2.2.0.3 COVID-edition for Linux 64-bit built May 11 2022
Developed by Bui Quang Minh, James Barbetti, Nguyen Lam Tung,
Olga Chernomor, Heiko Schmidt, Dominik Schrempf, Michael Woodhams, Ly Trong Nhan.

Host:    H1 (AVX2, FMA3, 31 GB RAM)
Command: iqtree -s msa/All_AKRs.aln --prefix tree/All_AKRs
Seed:    39803 (Using SPRNG - Scalable Parallel Random Number Generator)
Time:    Sun Oct 29 20:34:02 2023
Kernel:  AVX+FMA - 1 threads (16 CPU cores detected)

HINT: Use -nt option to specify number of threads because your CPU has 16 cores!
HINT: -nt AUTO will automatically determine the best number of threads to use.

Reading alignment file msa/All_AKRs.aln ... Fasta format detected
Reading fasta file: done in 0.00189339 secs
Alignment most likely contains protein sequences
Constructing alignment: done in 0.00124705 secs
Alignment has 205 sequences with 956 columns, 783 distinct patterns
497 parsimony-informative, 150 singleton sites, 309 constant sites
                                                                     Gap/Ambiguity  Composition  p-value
Analyzing sequences: done in 0.000208019 secs using 99.99% CPU
   1  AKR1A1|NP_006057.1|Homo                                               66.00%    passed     92.01%
   2  AKR1A2|P50578.3|Sus                                                   66.00%    passed     87.69%
   3  AKR1A3|P51635.2|Rattus                                                66.00%    passed     95.02%
   4  AKR1A4|NP_067448.1|Mus                                                66.00%    passed     92.58%
   5  AKR1B1|NP_001619.1|Homo                                               66.95%    passed     99.47%
   6  AKR1B2|P15122.3|Oryctolagus|cuniculus|Animalia|Mammalia|Lagomorpha    66.95%    passed     98.64%
   7  AKR1B3|P45376.3|Mus                                                   66.95%    passed     94.66%
   8  AKR1B4|NP_036630.1|Rattus                                             66.95%    passed     93.71%
   9  AKR1B5|P16116.2|Bos                                                   67.05%    passed     77.38%
  10  AKR1B6|P80276.2|Sus                                                   66.95%    passed     95.05%
  11  AKR1B7|P21300.4|Mus                                                   66.95%    passed     87.13%
  12  AKR1B8|NP_032038.1|Mus                                                66.95%    passed     82.06%
  13  AKR1B9|AAC53199.1|Cricetulus                                          66.95%    passed     90.16%
  14  AKR1B10|NP_064695.3|Homo                                              66.95%    passed     82.77%
  15  AKR1B12|CAC40811.1|Gallus                                             66.84%    passed     41.73%
  16  AKR1B13|CAC80649.1|Rattus                                             66.95%    passed     77.66%
  17  AKR1B14|NP_446233.2|Rattus                                            66.95%    passed     75.19%
  18  AKR1B15|EAL24068.1|Homo                                               62.13%    passed     24.24%
  19  AKR1B18|NP_001013102.1|Rattus                                         66.95%    passed     79.01%
  20  AKR1B19|NP_001254517.1|Oryctolagus                                    66.95%    passed     70.51%
  21  AKR1C1|NP_001344.2|Homo                                               66.21%    passed     74.77%
  22  AKR1C2|NP_001345.1|Homo                                               66.21%    passed     75.09%
  23  AKR1C3|NP_003730.4|Homo                                               66.21%    passed     81.64%
  24  AKR1C4|P17516.3|Homo                                                  66.21%    passed     51.78%
  25  AKR1C5|P80508.1|Oryctolagus                                           66.21%    passed     95.51%
  26  AKR1C6|NP_085114.1|Mus                                                66.21%    passed     76.72%
  27  AKR1C7|P05980.3|Bos                                                   66.21%    passed     44.41%
  28  AKR1C8|P51652.1|Rattus                                                66.21%    passed     33.52%
  29  AKR1C9|P23457.1|Rattus                                                66.32%    passed     50.29%
  30  AKR1C10a|P02532.3|Rana                                                66.11%    passed     79.66%
  31  AKR1C10b|P17264.2|Rana                                                66.11%    passed     76.73%
  32  AKR1C11|BAA13690.1|Bos                                                66.21%    passed     83.22%
  33  AKR1C12|NP_038805.2|Mus                                               66.21%    passed     15.33%
  34  AKR1C13|NP_038806.2|Mus                                               66.21%    passed     16.86%
  35  AKR1C14|NP_598833.1|Mus                                               66.21%    passed     68.72%
  36  AKR1C15|2008147B|Rattus                                               66.21%    passed     87.82%
  37  AKR1C16|2008147A|Rattus                                               66.74%    passed     33.92%
  38  AKR1C17|2008147C|Rattus                                               66.42%    passed     34.34%
  39  AKR1C18|NP_001333464.1|Mus                                            68.93%    passed     29.95%
  40  AKR1C19|NP_001013807.2|Mus                                            66.21%    passed     67.32%
  41  AKR1C20|NP_473421.1|Mus                                               72.59%    passed     66.87%
  42  AKR1C21|NP_084177.2|Mus                                               66.21%    passed     91.29%
  43  AKR1C22|BAD02825.1|Mus                                                66.21%    passed     13.19%
  44  AKR1C23|AAY16444.1|Equus                                              66.32%    passed     98.56%
  45  AKR1C24|BAE75957.1|Rattus                                             66.21%    passed     24.21%
  46  AKR1C25|BAB63209.2|Macaca                                             66.21%    passed     35.74%
  47  AKR1C26|BAM37087.1|Oryctolagus                                        66.21%    passed     93.08%
  48  AKR1C27|BAM37088.1|Oryctolagus                                        66.21%    passed     78.87%
  49  AKR1C28|BAM37089.1|Oryctolagus                                        66.21%    passed     79.80%
  50  AKR1C29|BAN20006.1|Oryctolagus                                        66.21%    passed     94.47%
  51  AKR1C30|BAN84250.1|Oryctolagus                                        66.21%    passed     98.74%
  52  AKR1C31|BAN84251.1|Oryctolagus                                        66.21%    passed     97.68%
  53  AKR1C32|BAN84252.1|Oryctolagus                                        66.21%    passed     96.38%
  54  AKR1C33|BAN84253.1|Oryctolagus                                        66.32%    passed     83.33%
  55  AKR1C34|BAP76082.1|Mesocricetus                                       66.21%    passed     60.45%
  56  AKR1C35|BAP76083.1|Mesocricetus                                       66.21%    passed     31.51%
  57  AKR1D1|NP_005980.1|Homo                                               65.90%    passed     98.12%
  58  AKR1D2|NP_620239.2|Rattus                                             66.00%    passed     82.02%
  59  AKR1D3|BAA82867.1|Oryctolagus                                         65.90%    passed     64.62%
  60  AKR1D4|NP_663397.1|Mus                                                47.18%    failed      1.21%
  61  AKR1E1|AAB37274.1|Mus                                                 68.51%    passed     65.27%
  62  AKR1E2|Q96JD6.2|Homo                                                  66.53%    passed     48.81%
  63  AKR1G1|NP_509242.1|Caenorhabditis                                     66.84%    passed     86.86%
  64  AKR1H1|AFV36370.1|Reticulitermes                                      64.96%    passed     54.47%
  65  AKR1I1|5KET_A|Coptotermes                                             64.44%    passed     98.09%
  66  AKR2A1|P28475.1|Malus                                                 67.57%    passed     90.88%
  67  AKR2A2|AAB97617.1|Apium                                               67.68%    passed     81.49%
  68  AKR2A3|QLF98851.1|Oryza                                               65.90%    passed     41.34%
  69  AKR2B1|P31867.1|Scheffersomyces                                       66.74%    passed     68.05%
  70  AKR2B2|P49378.1|Kluyveromyces                                         65.59%    passed     86.03%
  71  AKR2B3|P78736.1|Pachysolen                                            66.74%    passed     38.60%
  72  AKR2B4|BAA19477.1|Candida                                             66.11%    passed     10.50%
  73  AKR2B5|AAC25601.1|Yamadazyma                                          66.32%    passed     48.92%
  74  AKR2B6|NP_011972.1|Saccharomyces                                      65.79%    passed     85.42%
  75  AKR2B7|BAA19476.1|Candida                                             66.11%    passed     10.57%
  76  AKR2B8|AAD09330.1|Meyerozyma                                          66.84%    passed     17.01%
  77  AKR2B9|XP_460932.1|Debaryomyces                                       66.84%    passed     32.73%
  78  AKR2B10|ALD19729.1|Debaryomyces                                       66.53%    passed     34.08%
  79  AKR2C1|CAA98021.1|Mucor                                               66.42%    passed     94.67%
  80  AKR2C2|AHG97682.1|Rhizopus                                            66.53%    passed     90.93%
  81  AKR2D1|AAF61912.1|Aspergillus                                         66.63%    passed     99.85%
  82  AKR2E1|CAB41997.1|Spodoptera                                          63.91%    passed     36.63%
  83  AKR2E2|AAL73387.1|Trichoplusia                                        67.78%    passed     64.97%
  84  AKR2E3|AAD38635.1|Drosophila                                          66.95%    passed     17.31%
  85  AKR2E4|BAL70378.1|Bombyx                                              67.78%    failed      2.71%
  86  AKR2E5|BAR91212.1|Bombyx                                              63.08%    passed     44.81%
  87  AKR2E6|BBD35022.1|Bombyx                                              64.44%    passed     51.88%
  88  AKR2E7|BCN86447.1|Bombyx                                              65.38%    passed     57.14%
  89  AKR3A1|P14065.1|Saccharomyces                                         67.36%    passed     56.85%
  90  AKR3A2|NP_010656.1|Saccharomyces                                      67.36%    passed     67.76%
  91  AKR3B1|AAB17362.1|Sporidiobolus                                       66.21%    passed     64.77%
  92  AKR3B2a|BAD90687.1|Moniliella                                         65.69%    passed     32.72%
  93  AKR3B2b|BAD90688.1|Moniliella                                         65.69%    passed     36.50%
  94  AKR3B3|BAD90689.1|Moniliella                                          65.48%    passed     22.05%
  95  AKR3C1|CAA85107.1|Saccharomyces                                       64.02%    passed     79.13%
  96  AKR3C2|O13848.1|Saccharomyces                                         70.29%    passed     80.03%
  97  AKR3C3|BAD01653.1|Candida                                             67.89%    passed     27.79%
  98  AKR3D1|AAK55762.1|Pyricularia                                         67.36%    passed     90.92%
  99  AKR3E1|CAD43580.1|Pencillium                                          66.00%    passed     74.53%
 100  AKR3F1|Q9X265|Thermotoga                                              71.34%    passed      5.24%
 101  AKR3F2|P30863.2|Escherichia                                           72.07%    passed     22.42%
 102  AKR3G1|P74308.1|Synechocystis|Bacteria|Cyanophyceae|Synechococcales   65.79%    passed     22.61%
 103  AKR4A1|P26690.1|Glycine                                               67.05%    passed     85.16%
 104  AKR4A2|Q40333|Medicago                                                67.36%    passed     93.25%
 105  AKR4A3|BAA12084.1|Glycyrrhiza                                         66.63%    passed     96.10%
 106  AKR4A4|BAA13113.1|Glycyrrhiza                                         66.95%    passed     98.04%
 107  AKR4B1|CAA11226.1|Sesbania                                            66.32%    passed     89.48%
 108  AKR4B2|AAF13739.1|Papaver                                             66.42%    passed     54.38%
 109  AKR4B3|AAF13736.1|Papaver                                             66.42%    passed     54.46%
 110  AKR4B4|AAB97005.1|Fragaria                                            66.63%    passed     75.66%
 111  AKR4B5|BAF03164.1|Zea                                                 67.15%    passed     18.10%
 112  AKR4B6|BAF03161.1|Oryza                                               66.74%    passed      7.48%
 113  AKR4B7|BAF03162.1|Hordeum                                             67.15%    passed     10.30%
 114  AKR4B8|BAF03163.1|Triticum                                            67.15%    failed      4.71%
 115  AKR4B10|ADK94763.1|Erythroxylum                                       65.79%    passed     96.99%
 116  AKR4C1|P23901.1|Hordeum                                               66.53%    passed     53.99%
 117  AKR4C2|AAA21751.1|Bromus                                              66.53%    passed     66.11%
 118  AKR4C3|Q43320|Avena                                                   66.63%    passed     90.60%
 119  AKR4C4|AAD22264.1|Xerophyta                                           66.63%    passed     99.54%
 120  AKR4C5|CAC32834.1|Digitalis                                           67.05%    passed     63.55%
 121  AKR4C6|CAC32835.1|Digitalis                                           67.05%    passed     67.40%
 122  AKR4C7|ABF61890.1|Zea                                                 67.57%    passed     98.70%
 123  AKR4C8|ABH07514.1|Arabidopsis                                         67.47%    passed     96.34%
 124  AKR4C9|ABH07515.1|Arabidopsis                                         67.05%    passed     99.10%
 125  AKR4C10|ABH07516.1|Arabidopsis                                        67.15%    passed     88.95%
 126  AKR4C11|ABH07517.1|Arabidopsis                                        67.05%    passed     87.13%
 127  AKR4C12|ABL61257.1|Aloe                                               67.89%    passed     96.36%
 128  AKR4C13|ADU32868.1|Zea                                                66.63%    passed     48.81%
 129  AKR4C14|ACS92968.1|Oryza                                              67.47%    passed     94.81%
 130  AKR4C15|ALN39070.1|Oryza                                              67.36%    passed     80.20%
 131  AKR4C16|QFG75509.1|Echinochloa                                        67.57%    passed     98.93%
 132  AKR5C17|QFG75510.1|Echinochloa                                        67.57%    passed     99.08%
 133  AKR5A1|P22045.3|Leishmania                                            70.29%    passed     99.90%
 134  AKR5A2|BAB17681.1|Trypanosoma                                         71.13%    passed     85.23%
 135  AKR5B1|Q02198.3|Pseudomonas                                           69.04%    passed      8.84%
 136  AKR5C1|AAA83534.1|Corynebacterium                                     70.92%    failed      0.11%
 137  AKR5C2|Q46857.3|Escherichia                                           71.23%    passed     45.24%
 138  AKR5C3|AAW60421.1|Gluconobacter                                       70.82%    passed     69.80%
 139  AKR5D1|P15339.3|Corynebacterium                                       71.03%    failed      0.73%
 140  AKR5E1|AAD42404.1|Zymomonas                                           70.50%    passed     64.61%
 141  AKR5F1|ABB80491.1|Klebsiella                                          70.40%    passed     15.37%
 142  AKR5G1|NP_391220.1|Bacillus                                           71.13%    passed     61.83%
 143  AKR5G2|NP_390783.1|Bacillus                                           70.71%    passed     60.57%
 144  AKR5G3|ALM30349.1|Priestia                                            70.82%    passed     23.37%
 145  AKR5G4|WP_003252716.1|Parageobacillus                                 71.23%    passed     84.65%
 146  AKR5H1|A0QV09.1|Mycobacterium                                         70.40%    failed      0.06%
 147  AKR6A1|Q27955.1|Bos                                                   61.61%    passed      9.76%
 148  AKR6A2|CAA54142.1|Rattus                                              61.61%    passed     16.19%
 149  AKR6A3||S66503|Homo                                                   58.05%    passed     11.72%
 150  AKR6A4|AAA75174.1|Mus                                                 61.61%    passed     22.05%
 151  AKR6A5|AAB99859.1|Homo                                                63.08%    passed     21.71%
 152  AKR6A6|AAF65463.2|Oryctolagus                                         63.08%    passed     16.56%
 153  AKR6A7|AAD37853.1|Oryctolagus                                         58.05%    passed     12.03%
 154  AKR6A8|NP_034727.3|Mus                                                58.05%    passed     12.03%
 155  AKR6A9|NP_004723.2|Homo                                               57.74%    failed      0.20%
 156  AKR6A10a|AAC48462.1|Mustela                                           57.32%    passed     18.71%
 157  AKR6A10b|AAD37854.1|Oryctolagus                                       57.32%    passed     11.48%
 158  AKR6A11|AAD56313.1|Xenopus                                            58.05%    passed     15.73%
 159  AKR6A12|Q63494.1|Rattus                                               57.74%    failed      0.22%
 160  AKR6A13|P63144.1|Rattus                                               58.05%    passed     11.72%
 161  AKR6A14|NP_034729.3|Mus                                               57.74%    failed      0.21%
 162  AKR6B1|AAC46631.1|Drosophila                                          42.89%    failed      0.00%
 163  AKR6C1|AAA87294.1|Arabidopsis                                         65.69%    passed     96.55%
 164  AKR6C2|CAA12646.1|Egeria                                              65.69%    passed     95.82%
 165  AKR6D1|WP_013401030.1|Geobacillus                                     67.05%    passed     30.99%
 166  AKR7A1|P38918.2|Rattus                                                65.79%    passed     42.87%
 167  AKR7A2|NP_003680.2|Homo                                               62.45%    failed      0.76%
 168  AKR7A3|NP_036199.2|Homo                                               65.38%    passed      7.11%
 169  AKR7A4|BAA90396.1|Rattus                                              64.64%    passed      8.39%
 170  AKR7A5|BAB23073.1|Mus                                                 61.72%    failed      0.44%
 171  AKR8A1|O14295.1|Schizosaccharomyces                                   65.17%    passed      7.06%
 172  AKR8A2|O94521.1|Schizosaccharomyces                                   65.17%    passed     17.97%
 173  AKR9A1|Q00727.2|Aspergillus                                           59.52%    passed     54.98%
 174  AKR9A2|Q00049.2|Aspergillus                                           59.41%    passed     17.52%
 175  AKR9A3|Q01752.1|Phanerochaete                                         59.73%    passed     81.27%
 176  AKR9B1|NP_014068.1|Saccharomyces                                      60.67%    passed     79.36%
 177  AKR9B2|NP_010032.1|Saccharomyces                                      62.03%    passed      6.74%
 178  AKR9B3|NP_010038.1|Saccharomyces                                      65.59%    passed     62.18%
 179  AKR9B4|NP_012689.1|Saccharomyces                                      69.87%    passed     58.36%
 180  AKR9C1|AAB71807.1|Haloferax                                           64.85%    failed      0.00%
 181  AKR10A1|AAD28516.1|Streptomyces                                       66.74%    failed      0.00%
 182  AKR10A2|CAA07384.1|Streptomyces                                       66.63%    failed      0.00%
 183  AKR11A1|P46336.1|Bacillus                                             67.57%    failed      3.80%
 184  AKR11B1|P80874.2|Bacillus                                             65.38%    passed     15.70%
 185  AKR11B2|P77256.1|Escherichia                                          65.90%    passed     28.09%
 186  AKR11B3|ABC69170.1|Synechococcus                                      65.69%    failed      0.00%
 187  AKR11B4|WP_011253139.1|Gluconobacter                                  65.27%    passed      7.89%
 188  AKR11C1|Q9KE47|Bacillus                                               68.93%    passed     44.19%
 189  AKR11D1|ALM30350.1|Bacillus                                           67.57%    passed     10.39%
 190  AKR11E1|NP_249818.1|Pseudomonas                                       65.59%    failed      0.00%
 191  AKR12A1|AAD41821.1|Streptomyces                                       65.59%    failed      0.00%
 192  AKR12B1|AAB84068.1|Saccharopolyspora                                  65.17%    failed      0.00%
 193  AKR12C1|BAA84599.1|Streptomyces                                       63.70%    failed      0.00%
 194  AKR12D1|AAK90112.1|Agrobacterium                                      68.93%    failed      1.22%
 195  AKR13A1|Q09923.1|Schizosaccharomyces                                  64.44%    passed     16.20%
 196  AKR13B1|AAF84538.1|Xylella                                            69.56%    failed      2.76%
 197  AKR13C1|O25804|Helicobacter                                           65.59%    passed     44.11%
 198  AKR13C2|AAD36088.1|Thermotoga                                         65.17%    failed      1.76%
 199  AKR13D1|AAX11684.1|Rauvolfia                                          64.75%    passed     52.04%
 200  AKR13D2|Gh_A08G1908|NBI-AD1_v1.1|Gossypium                            64.64%    passed     36.91%
 201  AKR14A1|AAA69168.1|Escherichia                                        63.81%    failed      2.03%
 202  AKR14A2|NP_461347.1|Salmonella                                        65.27%    passed     31.31%
 203  AKR15A1|BAC97800.1|Microbacterium                                     64.23%    failed      1.85%
 204  AKR16A1|AAF96757.1|Vibrio                                             67.89%    passed      8.42%
 205  AKR17A1|BAB74015.1|Nostoc                                             70.29%    passed     39.56%
WARNING: 203 sequences contain more than 50% gaps/ambiguity
****  TOTAL                                                                 65.86%  26 sequences failed composition chi2 test (p-value<5%; df=19)
NOTE: AKR6A13|P63144.1|Rattus is identical to AKR6A3||S66503|Homo but kept for subsequent analysis
NOTE: AKR6A8|NP_034727.3|Mus is identical to AKR6A7|AAD37853.1|Oryctolagus but kept for subsequent analysis
Checking for duplicate sequences: done in 0.000342027 secs using 99.99% CPU


Create initial parsimony tree by phylogenetic likelihood library (PLL)... 0.055 seconds
Perform fast likelihood tree search using LG+I+G model...
Estimate model parameters (epsilon = 5.000)
Perform nearest neighbor interchange...
Optimizing NNI: done in 3.84044 secs using 99.88% CPU
Estimate model parameters (epsilon = 1.000)
1. Initial log-likelihood: -75904.629
2. Current log-likelihood: -75903.457
Optimal log-likelihood: -75903.189
Proportion of invariable sites: 0.002
Gamma shape alpha: 1.345
Parameters optimization took 2 rounds (2.280 sec)
Time for fast ML tree search: 11.547 seconds

NOTE: ModelFinder requires 254 MB RAM!
ModelFinder will test up to 1232 protein models (sample size: 956) ...
 No. Model         -LnL         df  AIC          AICc         BIC
  1  LG            78267.328    407 157348.656   157954.700   159327.798
  2  LG+I          78207.833    408 157231.667   157841.802   159215.672
  3  LG+G4         75914.148    408 152644.295   153254.430   154628.300
  4  LG+I+G4       75903.136    409 152624.272   153238.522   154613.140
  5  LG+R2         76307.933    409 153433.867   154048.116   155422.735
  6  LG+R3         76026.104    411 152874.209   153496.753   154872.802
  7  LG+R4         75811.872    413 152449.744   153080.674   154458.063
  8  LG+R5         75770.198    415 152370.396   153009.804   154388.441
  9  LG+R6         75734.594    417 152303.187   152951.165   154330.957
 10  LG+R7         75725.167    419 152288.334   152944.976   154325.830
 11  LG+R8         75718.548    421 152279.096   152944.497   154326.317
 14  LG+I+I+R2     76280.270    410 153380.540   153998.925   155374.271
 15  LG+I+I+R3     76029.389    412 152882.778   153509.504   154886.234
 16  LG+I+I+R4     75806.020    414 152440.040   153075.197   154453.222
 17  LG+I+I+R5     75764.119    416 152360.238   153003.919   154383.145
 18  LG+I+I+R6     75732.216    418 152300.431   152952.729   154333.064
 19  LG+I+I+R7     75727.305    420 152294.610   152955.619   154336.968
 31  LG+F+R6       75697.751    436 152267.502   153001.729   154387.664
 32  LG+F+R7       75687.737    438 152251.474   152995.312   154381.362
 33  LG+F+R8       75681.635    440 152243.270   152996.824   154382.884
 40  LG+F+I+I+R6   75695.647    437 152265.294   153004.313   154390.319
 53  WAG+R6        75874.033    417 152582.067   153230.044   154609.837
 54  WAG+R7        75870.869    419 152579.739   153236.381   154617.235
 62  WAG+I+I+R6    75871.061    418 152578.122   153230.420   154610.755
 75  WAG+F+R6      75922.940    436 152717.880   153452.107   154838.042
 76  WAG+F+R7      75913.535    438 152703.070   153446.907   154832.958
 77  WAG+F+R8      75911.188    440 152702.377   153455.930   154841.990
 84  WAG+F+I+I+R6  75919.673    437 152713.347   153452.366   154838.372
 97  JTT+R6        76393.463    417 153620.926   154268.904   155648.697
 98  JTT+R7        76384.442    419 153606.883   154263.525   155644.379
 99  JTT+R8        76379.285    421 153600.571   154265.971   155647.792
106  JTT+I+I+R6    76392.285    418 153620.571   154272.869   155653.204
119  JTT+F+R6      76331.670    436 153535.339   154269.567   155655.502
120  JTT+F+R7      76323.278    438 153522.556   154266.394   155652.444
121  JTT+F+R8      76318.024    440 153516.048   154269.602   155655.662
128  JTT+F+I+I+R6  76330.035    437 153534.070   154273.090   155659.096
WARNING: Normalizing state frequencies so that sum of them equals to 1
141  Q.pfam+R6     75681.862    417 152197.725   152845.702   154225.495
WARNING: Normalizing state frequencies so that sum of them equals to 1
142  Q.pfam+R7     75669.683    419 152177.365   152834.007   154214.861
WARNING: Normalizing state frequencies so that sum of them equals to 1
143  Q.pfam+R8     75663.653    421 152169.307   152834.707   154216.528
WARNING: Normalizing state frequencies so that sum of them equals to 1
150  Q.pfam+I+I+R6 75680.111    418 152196.223   152848.521   154228.855
WARNING: Normalizing state frequencies so that sum of them equals to 1
163  Q.pfam+F+R6   75658.426    436 152188.853   152923.080   154309.015
WARNING: Normalizing state frequencies so that sum of them equals to 1
164  Q.pfam+F+R7   75645.734    438 152167.469   152911.306   154297.357
WARNING: Normalizing state frequencies so that sum of them equals to 1
165  Q.pfam+F+R8   75640.366    440 152160.732   152914.285   154300.345
WARNING: Normalizing state frequencies so that sum of them equals to 1
172  Q.pfam+F+I+I+R6 75657.028    437 152188.056   152927.076   154313.082
WARNING: Normalizing state frequencies so that sum of them equals to 1
185  Q.bird+R6     77915.722    417 156665.443   157313.421   158693.213
WARNING: Normalizing state frequencies so that sum of them equals to 1
186  Q.bird+R7     77892.739    419 156623.477   157280.119   158660.973
WARNING: Normalizing state frequencies so that sum of them equals to 1
187  Q.bird+R8     77883.378    421 156608.756   157274.157   158655.977
WARNING: Normalizing state frequencies so that sum of them equals to 1
194  Q.bird+I+I+R6 77920.631    418 156677.262   157329.560   158709.895
WARNING: Normalizing state frequencies so that sum of them equals to 1
207  Q.bird+F+R6   77785.130    436 156442.259   157176.486   158562.421
WARNING: Normalizing state frequencies so that sum of them equals to 1
208  Q.bird+F+R7   77763.832    438 156403.664   157147.502   158533.552
WARNING: Normalizing state frequencies so that sum of them equals to 1
209  Q.bird+F+R8   77754.492    440 156388.985   157142.538   158528.598
WARNING: Normalizing state frequencies so that sum of them equals to 1
216  Q.bird+F+I+I+R6 77789.759    437 156453.519   157192.538   158578.544
WARNING: Normalizing state frequencies so that sum of them equals to 1
229  Q.mammal+R6   77393.606    417 155621.211   156269.189   157648.982
WARNING: Normalizing state frequencies so that sum of them equals to 1
230  Q.mammal+R7   77375.854    419 155589.707   156246.349   157627.203
WARNING: Normalizing state frequencies so that sum of them equals to 1
231  Q.mammal+R8   77369.918    421 155581.836   156247.237   157629.057
WARNING: Normalizing state frequencies so that sum of them equals to 1
238  Q.mammal+I+I+R6 77393.594    418 155623.188   156275.486   157655.821
WARNING: Normalizing state frequencies so that sum of them equals to 1
251  Q.mammal+F+R6 77220.700    436 155313.401   156047.628   157433.563
WARNING: Normalizing state frequencies so that sum of them equals to 1
252  Q.mammal+F+R7 77206.407    438 155288.814   156032.651   157418.702
WARNING: Normalizing state frequencies so that sum of them equals to 1
253  Q.mammal+F+R8 77201.001    440 155282.003   156035.556   157421.616
WARNING: Normalizing state frequencies so that sum of them equals to 1
260  Q.mammal+F+I+I+R6 77221.073    437 155316.146   156055.165   157441.171
273  Q.insect+R6   76240.969    417 153315.937   153963.915   155343.707
274  Q.insect+R7   76229.058    419 153296.117   153952.759   155333.613
275  Q.insect+R8   76224.170    421 153290.340   153955.740   155337.561
282  Q.insect+I+I+R6 76241.086    418 153318.171   153970.469   155350.804
295  Q.insect+F+R6 76091.161    436 153054.323   153788.550   155174.485
296  Q.insect+F+R7 76077.638    438 153031.277   153775.114   155161.165
297  Q.insect+F+R8 76074.675    440 153029.350   153782.903   155168.963
304  Q.insect+F+I+I+R6 76090.731    437 153055.462   153794.481   155180.487
WARNING: Normalizing state frequencies so that sum of them equals to 1
317  Q.plant+R6    76719.851    417 154273.703   154921.680   156301.473
WARNING: Normalizing state frequencies so that sum of them equals to 1
318  Q.plant+R7    76702.553    419 154243.105   154899.747   156280.601
WARNING: Normalizing state frequencies so that sum of them equals to 1
319  Q.plant+R8    76698.631    421 154239.262   154904.662   156286.483
WARNING: Normalizing state frequencies so that sum of them equals to 1
326  Q.plant+I+I+R6 76718.423    418 154272.847   154925.145   156305.480
WARNING: Normalizing state frequencies so that sum of them equals to 1
339  Q.plant+F+R6  76593.695    436 154059.389   154793.616   156179.552
WARNING: Normalizing state frequencies so that sum of them equals to 1
340  Q.plant+F+R7  76580.619    438 154037.238   154781.075   156167.126
WARNING: Normalizing state frequencies so that sum of them equals to 1
341  Q.plant+F+R8  76574.966    440 154029.932   154783.485   156169.545
WARNING: Normalizing state frequencies so that sum of them equals to 1
348  Q.plant+F+I+I+R6 76592.660    437 154059.321   154798.340   156184.346
WARNING: Normalizing state frequencies so that sum of them equals to 1
361  Q.yeast+R6    76224.763    417 153283.526   153931.504   155311.296
WARNING: Normalizing state frequencies so that sum of them equals to 1
362  Q.yeast+R7    76206.536    419 153251.071   153907.713   155288.567
WARNING: Normalizing state frequencies so that sum of them equals to 1
363  Q.yeast+R8    76203.507    421 153249.015   153914.415   155296.236
WARNING: Normalizing state frequencies so that sum of them equals to 1
370  Q.yeast+I+I+R6 76225.323    418 153286.645   153938.943   155319.278
WARNING: Normalizing state frequencies so that sum of them equals to 1
383  Q.yeast+F+R6  75908.634    436 152689.268   153423.496   154809.431
WARNING: Normalizing state frequencies so that sum of them equals to 1
384  Q.yeast+F+R7  75892.038    438 152660.076   153403.914   154789.964
WARNING: Normalizing state frequencies so that sum of them equals to 1
385  Q.yeast+F+R8  75890.181    440 152660.363   153413.916   154799.976
WARNING: Normalizing state frequencies so that sum of them equals to 1
392  Q.yeast+F+I+I+R6 75908.834    437 152691.668   153430.687   154816.693
405  JTTDCMut+R6   76394.302    417 153622.604   154270.582   155650.374
406  JTTDCMut+R7   76384.029    419 153606.058   154262.700   155643.554
407  JTTDCMut+R8   76379.769    421 153601.538   154266.939   155648.759
414  JTTDCMut+I+I+R6 76393.482    418 153622.964   154275.262   155655.597
427  JTTDCMut+F+R6 76339.356    436 153550.711   154284.939   155670.874
428  JTTDCMut+F+R7 76329.417    438 153534.833   154278.671   155664.721
429  JTTDCMut+F+R8 76325.053    440 153530.106   154283.660   155669.720
436  JTTDCMut+F+I+I+R6 76337.881    437 153549.762   154288.781   155674.787
449  DCMut+R6      77078.054    417 154990.107   155638.085   157017.878
450  DCMut+R7      77060.666    419 154959.332   155615.974   156996.828
451  DCMut+R8      77057.983    421 154957.965   155623.366   157005.186
458  DCMut+I+I+R6  77084.383    418 155004.765   155657.063   157037.398
471  DCMut+F+R6    76936.879    436 154745.758   155479.986   156865.921
472  DCMut+F+R7    76922.612    438 154721.224   155465.062   156851.112
473  DCMut+F+R8    76920.393    440 154720.785   155474.339   156860.399
480  DCMut+F+I+I+R6 76936.274    437 154746.549   155485.568   156871.574
493  VT+R6         75974.434    417 152782.867   153430.845   154810.637
494  VT+R7         75964.860    419 152767.720   153424.362   154805.216
495  VT+R8         75961.989    421 152765.979   153431.380   154813.200
502  VT+I+I+R6     76000.316    418 152836.632   153488.929   154869.264
515  VT+F+R6       75984.721    436 152841.442   153575.669   154961.604
516  VT+F+R7       75975.458    438 152826.915   153570.753   154956.803
517  VT+F+R8       75972.739    440 152825.478   153579.032   154965.092
524  VT+F+I+I+R6   76013.981    437 152901.962   153640.981   155026.987
537  PMB+R6        76461.709    417 153757.418   154405.395   155785.188
538  PMB+R7        76457.019    419 153752.038   154408.679   155789.533
546  PMB+I+I+R6    76460.263    418 153756.526   154408.824   155789.159
559  PMB+F+R6      76466.788    436 153805.577   154539.804   155925.739
560  PMB+F+R7      76461.481    438 153798.963   154542.801   155928.851
568  PMB+F+I+I+R6  76465.053    437 153804.105   154543.124   155929.130
581  Blosum62+R6   76407.370    417 153648.740   154296.718   155676.510
582  Blosum62+R7   76399.836    419 153637.672   154294.314   155675.168
583  Blosum62+R8   76399.373    421 153640.745   154306.146   155687.966
590  Blosum62+I+I+R6 76406.068    418 153648.136   154300.434   155680.768
603  Blosum62+F+R6 76419.308    436 153710.616   154444.844   155830.779
604  Blosum62+F+R7 76410.901    438 153697.801   154441.639   155827.689
605  Blosum62+F+R8 76408.370    440 153696.740   154450.293   155836.353
612  Blosum62+F+I+I+R6 76417.499    437 153708.997   154448.016   155834.022
625  Dayhoff+R6    77078.749    417 154991.498   155639.476   157019.268
626  Dayhoff+R7    77061.449    419 154960.898   155617.540   156998.394
627  Dayhoff+R8    77058.778    421 154959.556   155624.957   157006.777
634  Dayhoff+I+I+R6 77085.331    418 155006.662   155658.960   157039.295
647  Dayhoff+F+R6  76938.003    436 154748.006   155482.234   156868.169
648  Dayhoff+F+R7  76923.687    438 154723.374   155467.211   156853.262
649  Dayhoff+F+R8  76921.454    440 154722.909   155476.462   156862.522
656  Dayhoff+F+I+I+R6 76937.223    437 154748.446   155487.465   156873.471
669  mtREV+R6      80268.323    417 161370.645   162018.623   163398.416
670  mtREV+R7      80241.874    419 161321.748   161978.390   163359.244
671  mtREV+R8      80239.441    421 161320.883   161986.283   163368.104
678  mtREV+I+I+R6  80266.455    418 161368.911   162021.209   163401.543
691  mtREV+F+R6    77475.048    436 155822.097   156556.324   157942.259
692  mtREV+F+R7    77456.550    438 155789.100   156532.937   157918.988
693  mtREV+F+R8    77450.380    440 155780.759   156534.313   157920.373
700  mtREV+F+I+I+R6 77471.185    437 155816.370   156555.390   157941.395
713  mtART+R6      81616.351    417 164066.702   164714.680   166094.472
714  mtART+R7      81589.592    419 164017.183   164673.825   166054.679
715  mtART+R8      81564.409    421 163970.817   164636.218   166018.038
722  mtART+I+I+R6  81611.652    418 164059.305   164711.603   166091.937
735  mtART+F+R6    78456.224    436 157784.449   158518.676   159904.611
736  mtART+F+R7    78431.837    438 157739.674   158483.511   159869.562
737  mtART+F+R8    78428.022    440 157736.043   158489.597   159875.657
744  mtART+F+I+I+R6 78454.829    437 157783.657   158522.677   159908.682
757  mtZOA+R6      79424.787    417 159683.573   160331.551   161711.343
758  mtZOA+R7      79385.657    419 159609.314   160265.956   161646.810
759  mtZOA+R8      79379.518    421 159601.035   160266.436   161648.256
766  mtZOA+I+I+R6  79430.095    418 159696.189   160348.487   161728.822
779  mtZOA+F+R6    77346.934    436 155565.868   156300.095   157686.030
780  mtZOA+F+R7    77323.573    438 155523.146   156266.983   157653.034
781  mtZOA+F+R8    77318.825    440 155517.650   156271.203   157657.263
788  mtZOA+F+I+I+R6 77352.811    437 155579.622   156318.641   157704.647
801  mtMet+R6      80523.355    417 161880.711   162528.689   163908.481
802  mtMet+R7      80494.956    419 161827.911   162484.553   163865.407
803  mtMet+R8      80493.430    421 161828.861   162494.262   163876.082
810  mtMet+I+I+R6  80524.185    418 161884.370   162536.668   163917.003
823  mtMet+F+R6    77386.647    436 155645.294   156379.522   157765.457
824  mtMet+F+R7    77363.832    438 155603.664   156347.502   157733.552
825  mtMet+F+R8    77355.256    440 155590.512   156344.065   157730.125
832  mtMet+F+I+I+R6 77395.034    437 155664.068   156403.087   157789.093
845  mtVer+R6      80981.743    417 162797.485   163445.463   164825.255
846  mtVer+R7      80947.667    419 162733.334   163389.976   164770.830
847  mtVer+R8      80937.990    421 162717.980   163383.380   164765.201
854  mtVer+I+I+R6  80990.901    418 162817.803   163470.101   164850.435
867  mtVer+F+R6    78405.787    436 157683.574   158417.801   159803.736
868  mtVer+F+R7    78381.351    438 157638.702   158382.539   159768.590
869  mtVer+F+R8    78373.408    440 157626.816   158380.369   159766.430
876  mtVer+F+I+I+R6 78418.413    437 157710.826   158449.845   159835.851
889  mtInv+R6      80972.158    417 162778.316   163426.294   164806.086
890  mtInv+R7      80968.418    419 162774.836   163431.478   164812.332
898  mtInv+I+I+R6  80973.917    418 162783.834   163436.132   164816.467
911  mtInv+F+R6    76872.159    436 154616.319   155350.546   156736.481
912  mtInv+F+R7    76854.042    438 154584.084   155327.922   156713.972
913  mtInv+F+R8    76848.568    440 154577.136   155330.690   156716.750
920  mtInv+F+I+I+R6 76871.815    437 154617.630   155356.649   156742.655
933  mtMAM+R6      82167.686    417 165169.372   165817.350   167197.142
934  mtMAM+R7      82117.854    419 165073.708   165730.350   167111.204
935  mtMAM+R8      82116.481    421 165074.962   165740.363   167122.183
942  mtMAM+I+I+R6  82147.028    418 165130.055   165782.353   167162.688
955  mtMAM+F+R6    79238.834    436 159349.668   160083.895   161469.830
956  mtMAM+F+R7    79209.587    438 159295.174   160039.012   161425.062
957  mtMAM+F+R8    79205.745    440 159291.490   160045.043   161431.103
964  mtMAM+F+I+I+R6 79235.121    437 159344.242   160083.262   161469.268
WARNING: Normalizing state frequencies so that sum of them equals to 1
977  FLAVI+R6      80086.359    417 161006.717   161654.695   163034.487
WARNING: Normalizing state frequencies so that sum of them equals to 1
978  FLAVI+R7      80066.504    419 160971.009   161627.651   163008.504
WARNING: Normalizing state frequencies so that sum of them equals to 1
979  FLAVI+R8      80055.038    421 160952.077   161617.477   162999.298
WARNING: Normalizing state frequencies so that sum of them equals to 1
986  FLAVI+I+I+R6  80083.890    418 161003.780   161656.078   163036.413
WARNING: Normalizing state frequencies so that sum of them equals to 1
999  FLAVI+F+R6    79612.678    436 160097.356   160831.584   162217.519
WARNING: Normalizing state frequencies so that sum of them equals to 1
1000  FLAVI+F+R7    79594.122    438 160064.244   160808.081   162194.132
WARNING: Normalizing state frequencies so that sum of them equals to 1
1001  FLAVI+F+R8    79583.859    440 160047.718   160801.272   162187.332
WARNING: Normalizing state frequencies so that sum of them equals to 1
1008  FLAVI+F+I+I+R6 79608.478    437 160090.956   160829.976   162215.982
1021  HIVb+R6       78334.091    417 157502.183   158150.161   159529.953
1022  HIVb+R7       78316.211    419 157470.423   158127.065   159507.919
1023  HIVb+R8       78307.186    421 157456.372   158121.773   159503.593
1030  HIVb+I+I+R6   78325.461    418 157486.921   158139.219   159519.554
1043  HIVb+F+R6     77944.702    436 156761.403   157495.631   158881.566
1044  HIVb+F+R7     77924.825    438 156725.649   157469.487   158855.537
1045  HIVb+F+R8     77916.197    440 156712.394   157465.948   158852.008
1052  HIVb+F+I+I+R6 77940.323    437 156754.646   157493.666   158879.672
1065  HIVw+R6       81808.854    417 164451.708   165099.685   166479.478
1066  HIVw+R7       81786.558    419 164411.115   165067.757   166448.611
1067  HIVw+R8       81778.903    421 164399.805   165065.206   166447.026
1074  HIVw+I+I+R6   81801.574    418 164439.148   165091.446   166471.781
1087  HIVw+F+R6     80370.044    436 161612.089   162346.316   163732.251
1088  HIVw+F+R7     80359.058    438 161594.117   162337.954   163724.005
1089  HIVw+F+R8     80345.585    440 161571.171   162324.724   163710.784
1096  HIVw+F+I+I+R6 80365.477    437 161604.954   162343.973   163729.979
1109  FLU+R6        78239.735    417 157313.470   157961.448   159341.240
1110  FLU+R7        78222.042    419 157282.084   157938.726   159319.580
1111  FLU+R8        78213.834    421 157269.667   157935.068   159316.888
1118  FLU+I+I+R6    78234.096    418 157304.192   157956.490   159336.825
1131  FLU+F+R6      77667.122    436 156206.244   156940.472   158326.407
1132  FLU+F+R7      77654.530    438 156185.060   156928.897   158314.948
1133  FLU+F+R8      77643.883    440 156167.767   156921.320   158307.380
1140  FLU+F+I+I+R6  77662.468    437 156198.937   156937.956   158323.962
1153  rtREV+R6      76464.439    417 153762.879   154410.856   155790.649
1154  rtREV+R7      76452.200    419 153742.400   154399.042   155779.896
1155  rtREV+R8      76445.873    421 153733.747   154399.147   155780.968
1162  rtREV+I+I+R6  76461.751    418 153759.502   154411.800   155792.135
1175  rtREV+F+R6    76117.023    436 153106.045   153840.273   155226.208
1176  rtREV+F+R7    76102.974    438 153081.949   153825.787   155211.837
1177  rtREV+F+R8    76097.180    440 153074.361   153827.914   155213.974
1184  rtREV+F+I+I+R6 76115.281    437 153104.563   153843.582   155229.588
1197  cpREV+R6      76636.681    417 154107.362   154755.340   156135.132
1198  cpREV+R7      76627.674    419 154093.347   154749.989   156130.843
1199  cpREV+R8      76627.220    421 154096.441   154761.841   156143.662
1206  cpREV+I+I+R6  76628.034    418 154092.068   154744.365   156124.700
1219  cpREV+F+R6    76557.554    436 153987.108   154721.335   156107.270
1220  cpREV+F+R7    76550.093    438 153976.186   154720.024   156106.074
1221  cpREV+F+R8    76549.664    440 153979.327   154732.881   156118.941
1228  cpREV+F+I+I+R6 76551.183    437 153976.365   154715.384   156101.390
Akaike Information Criterion:           Q.pfam+F+R8
Corrected Akaike Information Criterion: Q.pfam+R7
Bayesian Information Criterion:         Q.pfam+R7
Best-fit model: Q.pfam+R7 chosen according to BIC

All model information printed to tree/All_AKRs.model.gz
CPU time for ModelFinder: 20154.247 seconds (5h:35m:54s)
Wall-clock time for ModelFinder: 20172.940 seconds (5h:36m:12s)
WARNING: Normalizing state frequencies so that sum of them equals to 1

NOTE: 178 MB RAM (0 GB) is required!
Estimate model parameters (epsilon = 0.100)
1. Initial log-likelihood: -75669.683
Optimal log-likelihood: -75669.536
Site proportion and rates:  (0.030,0.060) (0.053,0.196) (0.158,0.357) (0.095,0.520) (0.290,0.866) (0.263,1.362) (0.111,2.463)
Parameters optimization took 1 rounds (6.193 sec)
Wrote distance file to... 
Computing ML distances based on estimated model parameters...
Calculating distance matrix: done in 4.7891 secs using 99.99% CPU
Computing ML distances took 4.789430 sec (of wall-clock time) 4.788925 sec (of CPU time)
Setting up auxiliary I and S matrices: done in 0.000629257 secs using 99.96% CPU
Constructing RapidNJ tree: done in 0.00152915 secs using 99.99% CPU
Computing RapidNJ tree took 0.002194 sec (of wall-clock time) 0.002194 sec (of CPU time)
Log-likelihood of RapidNJ tree: -75887.571
--------------------------------------------------------------------
|             INITIALIZING CANDIDATE TREE SET                      |
--------------------------------------------------------------------
Generating 98 parsimony trees... 5.639 second
Computing log-likelihood of 98 initial trees ... 46.778 seconds
Current best score: -75669.536

Do NNI search on 20 best initial trees
Optimizing NNI: done in 3.62662 secs using 99.77% CPU
Estimate model parameters (epsilon = 0.100)
BETTER TREE FOUND at iteration 1: -75661.724
Optimizing NNI: done in 7.45316 secs using 99.94% CPU
Estimate model parameters (epsilon = 0.100)
BETTER TREE FOUND at iteration 2: -75646.335
Optimizing NNI: done in 11.0789 secs using 99.92% CPU
Estimate model parameters (epsilon = 0.100)
BETTER TREE FOUND at iteration 3: -75606.782
Optimizing NNI: done in 9.99672 secs using 99.95% CPU
Optimizing NNI: done in 9.80541 secs using 99.95% CPU
Optimizing NNI: done in 11.0974 secs using 99.85% CPU
Optimizing NNI: done in 11.4222 secs using 99.92% CPU
Optimizing NNI: done in 9.82503 secs using 99.95% CPU
Optimizing NNI: done in 10.5453 secs using 99.99% CPU
Optimizing NNI: done in 10.6137 secs using 99.95% CPU
Iteration 10 / LogL: -75609.914 / Time: 0h:3m:43s
Optimizing NNI: done in 10.4972 secs using 99.92% CPU
Optimizing NNI: done in 10.8427 secs using 99.95% CPU
Optimizing NNI: done in 9.66418 secs using 99.95% CPU
Optimizing NNI: done in 10.7368 secs using 99.99% CPU
Optimizing NNI: done in 10.8595 secs using 99.99% CPU
Estimate model parameters (epsilon = 0.100)
BETTER TREE FOUND at iteration 15: -75597.397
Optimizing NNI: done in 9.9486 secs using 99.99% CPU
Optimizing NNI: done in 9.72956 secs using 99.91% CPU
Optimizing NNI: done in 10.245 secs using 99.91% CPU
Optimizing NNI: done in 10.3767 secs using 99.88% CPU
Optimizing NNI: done in 10.9532 secs using 99.95% CPU
Iteration 20 / LogL: -75611.270 / Time: 0h:5m:39s
Finish initializing candidate tree set (20)
Current best tree score: -75597.397 / CPU time: 323.924
Number of iterations: 20
--------------------------------------------------------------------
|               OPTIMIZING CANDIDATE TREE SET                      |
--------------------------------------------------------------------
Optimizing NNI: done in 11.3186 secs using 99.95% CPU
Optimizing NNI: done in 11.4627 secs using 99.96% CPU
Optimizing NNI: done in 9.74549 secs using 99.91% CPU
Optimizing NNI: done in 10.3696 secs using 99.95% CPU
Optimizing NNI: done in 11.7125 secs using 99.96% CPU
Optimizing NNI: done in 13.718 secs using 99.93% CPU
Optimizing NNI: done in 10.5182 secs using 99.91% CPU
Optimizing NNI: done in 12.8867 secs using 99.99% CPU
Optimizing NNI: done in 12.4285 secs using 99.9% CPU
Optimizing NNI: done in 11.0997 secs using 99.96% CPU
Estimate model parameters (epsilon = 0.100)
BETTER TREE FOUND at iteration 30: -75585.299
Iteration 30 / LogL: -75585.299 / Time: 0h:7m:48s (0h:26m:54s left)
Optimizing NNI: done in 10.6596 secs using 99.91% CPU
Optimizing NNI: done in 10.222 secs using 99.99% CPU
Optimizing NNI: done in 9.9554 secs using 99.99% CPU
Optimizing NNI: done in 11.3633 secs using 99.99% CPU
Optimizing NNI: done in 10.7946 secs using 99.88% CPU
Optimizing NNI: done in 11.8792 secs using 99.92% CPU
Optimizing NNI: done in 11.0663 secs using 99.95% CPU
Optimizing NNI: done in 10.3577 secs using 99.95% CPU
Optimizing NNI: done in 11.7728 secs using 99.89% CPU
Optimizing NNI: done in 9.92297 secs using 99.95% CPU
Iteration 40 / LogL: -75597.878 / Time: 0h:9m:37s (0h:22m:11s left)
Optimizing NNI: done in 10.945 secs using 99.96% CPU
Optimizing NNI: done in 11.031 secs using 99.99% CPU
Optimizing NNI: done in 11.5278 secs using 99.96% CPU
Optimizing NNI: done in 14.1595 secs using 99.93% CPU
Optimizing NNI: done in 11.8753 secs using 99.89% CPU
Optimizing NNI: done in 10.3764 secs using 99.95% CPU
Optimizing NNI: done in 10.8769 secs using 99.92% CPU
Optimizing NNI: done in 9.0679 secs using 99.9% CPU
Optimizing NNI: done in 12.4656 secs using 99.96% CPU
Optimizing NNI: done in 9.78105 secs using 99.91% CPU
Iteration 50 / LogL: -75589.489 / Time: 0h:11m:30s (0h:18m:46s left)
Optimizing NNI: done in 10.6675 secs using 99.99% CPU
Optimizing NNI: done in 10.92 secs using 99.92% CPU
Estimate model parameters (epsilon = 0.100)
BETTER TREE FOUND at iteration 52: -75579.215
Optimizing NNI: done in 8.89885 secs using 99.95% CPU
Optimizing NNI: done in 10.0121 secs using 99.99% CPU
Optimizing NNI: done in 11.4191 secs using 99.88% CPU
Optimizing NNI: done in 11.2806 secs using 99.99% CPU
Optimizing NNI: done in 12.429 secs using 99.96% CPU
Optimizing NNI: done in 9.91157 secs using 99.99% CPU
Optimizing NNI: done in 11.1304 secs using 99.88% CPU
Optimizing NNI: done in 11.1247 secs using 99.96% CPU
Iteration 60 / LogL: -75600.311 / Time: 0h:13m:36s (0h:21m:13s left)
Optimizing NNI: done in 10.5242 secs using 99.91% CPU
Estimate model parameters (epsilon = 0.100)
BETTER TREE FOUND at iteration 61: -75578.608
Optimizing NNI: done in 8.59681 secs using 99.99% CPU
Optimizing NNI: done in 11.1556 secs using 99.96% CPU
Optimizing NNI: done in 10.6805 secs using 99.99% CPU
Optimizing NNI: done in 11.9855 secs using 99.96% CPU
Optimizing NNI: done in 10.9619 secs using 99.81% CPU
Optimizing NNI: done in 9.94109 secs using 99.99% CPU
Optimizing NNI: done in 10.9818 secs using 99.92% CPU
Optimizing NNI: done in 12.3823 secs using 99.93% CPU
Optimizing NNI: done in 11.5906 secs using 99.96% CPU
Iteration 70 / LogL: -75586.381 / Time: 0h:15m:38s (0h:20m:37s left)
Optimizing NNI: done in 11.7094 secs using 99.89% CPU
Optimizing NNI: done in 10.026 secs using 99.95% CPU
Optimizing NNI: done in 9.49508 secs using 99.99% CPU
Optimizing NNI: done in 10.9315 secs using 99.88% CPU
Estimate model parameters (epsilon = 0.100)
BETTER TREE FOUND at iteration 74: -75576.657
Optimizing NNI: done in 10.0492 secs using 99.99% CPU
Optimizing NNI: done in 10.3405 secs using 99.92% CPU
Optimizing NNI: done in 11.9606 secs using 99.96% CPU
Optimizing NNI: done in 10.219 secs using 99.95% CPU
Optimizing NNI: done in 10.2147 secs using 99.95% CPU
Optimizing NNI: done in 11.6216 secs using 99.99% CPU
Iteration 80 / LogL: -75589.935 / Time: 0h:17m:37s (0h:20m:58s left)
Optimizing NNI: done in 10.3493 secs using 99.99% CPU
Optimizing NNI: done in 11.2239 secs using 99.82% CPU
Estimate model parameters (epsilon = 0.100)
BETTER TREE FOUND at iteration 82: -75572.982
Optimizing NNI: done in 11.1857 secs using 99.89% CPU
Optimizing NNI: done in 9.18957 secs using 99.99% CPU
Optimizing NNI: done in 11.0021 secs using 99.99% CPU
Optimizing NNI: done in 11.7993 secs using 99.93% CPU
Optimizing NNI: done in 11.0555 secs using 99.96% CPU
Optimizing NNI: done in 10.9606 secs using 99.99% CPU
Optimizing NNI: done in 11.6684 secs using 99.96% CPU
Optimizing NNI: done in 10.0747 secs using 99.96% CPU
Iteration 90 / LogL: -75572.983 / Time: 0h:19m:38s (0h:20m:18s left)
Optimizing NNI: done in 10.2676 secs using 99.92% CPU
Optimizing NNI: done in 12.8498 secs using 99.93% CPU
Optimizing NNI: done in 10.5853 secs using 99.99% CPU
Optimizing NNI: done in 10.841 secs using 99.99% CPU
Estimate model parameters (epsilon = 0.100)
BETTER TREE FOUND at iteration 94: -75570.038
Optimizing NNI: done in 10.1731 secs using 99.96% CPU
Optimizing NNI: done in 12.205 secs using 99.96% CPU
Optimizing NNI: done in 11.463 secs using 99.96% CPU
Optimizing NNI: done in 10.4538 secs using 99.96% CPU
Optimizing NNI: done in 10.758 secs using 99.88% CPU
Optimizing NNI: done in 12.1656 secs using 99.86% CPU
Iteration 100 / LogL: -75573.484 / Time: 0h:21m:43s (0h:20m:37s left)
Optimizing NNI: done in 10.6403 secs using 99.92% CPU
Optimizing NNI: done in 9.27351 secs using 99.99% CPU
Optimizing NNI: done in 11.3482 secs using 99.92% CPU
Optimizing NNI: done in 11.7708 secs using 99.93% CPU
Optimizing NNI: done in 10.8112 secs using 99.96% CPU
Optimizing NNI: done in 10.0417 secs using 99.95% CPU
Optimizing NNI: done in 12.7669 secs using 99.96% CPU
Optimizing NNI: done in 11.2215 secs using 99.96% CPU
Optimizing NNI: done in 12.8906 secs using 99.96% CPU
Optimizing NNI: done in 10.5436 secs using 99.88% CPU
Iteration 110 / LogL: -75593.719 / Time: 0h:23m:35s (0h:18m:11s left)
Optimizing NNI: done in 10.8014 secs using 99.99% CPU
Optimizing NNI: done in 10.0637 secs using 99.95% CPU
Optimizing NNI: done in 9.94936 secs using 99.99% CPU
Optimizing NNI: done in 9.61669 secs using 99.87% CPU
Optimizing NNI: done in 11.1442 secs using 99.92% CPU
Optimizing NNI: done in 11.7205 secs using 99.89% CPU
Optimizing NNI: done in 10.0333 secs using 99.95% CPU
Optimizing NNI: done in 11.9379 secs using 99.96% CPU
Optimizing NNI: done in 10.0691 secs using 99.95% CPU
Optimizing NNI: done in 10.9209 secs using 99.92% CPU
Iteration 120 / LogL: -75573.580 / Time: 0h:25m:22s (0h:15m:47s left)
Optimizing NNI: done in 11.2794 secs using 99.89% CPU
Optimizing NNI: done in 9.77229 secs using 99.99% CPU
Optimizing NNI: done in 10.7586 secs using 99.99% CPU
Optimizing NNI: done in 11.2239 secs using 99.82% CPU
Optimizing NNI: done in 10.5112 secs using 99.99% CPU
Estimate model parameters (epsilon = 0.100)
BETTER TREE FOUND at iteration 125: -75569.504
Optimizing NNI: done in 10.433 secs using 99.99% CPU
Optimizing NNI: done in 11.1109 secs using 99.92% CPU
Optimizing NNI: done in 11.3682 secs using 99.92% CPU
Optimizing NNI: done in 11.0818 secs using 99.96% CPU
Optimizing NNI: done in 9.89493 secs using 99.95% CPU
Iteration 130 / LogL: -75571.194 / Time: 0h:27m:17s (0h:20m:5s left)
Optimizing NNI: done in 10.6627 secs using 99.96% CPU
Optimizing NNI: done in 10.001 secs using 99.95% CPU
Optimizing NNI: done in 11.5955 secs using 99.99% CPU
Optimizing NNI: done in 9.27838 secs using 99.91% CPU
Optimizing NNI: done in 13.958 secs using 99.97% CPU
Optimizing NNI: done in 10.3323 secs using 99.96% CPU
Optimizing NNI: done in 10.6351 secs using 99.99% CPU
Optimizing NNI: done in 11.2085 secs using 99.99% CPU
Estimate model parameters (epsilon = 0.100)
BETTER TREE FOUND at iteration 138: -75569.321
Optimizing NNI: done in 10.4601 secs using 99.96% CPU
Optimizing NNI: done in 12.0486 secs using 99.99% CPU
Iteration 140 / LogL: -75569.855 / Time: 0h:29m:14s (0h:20m:37s left)
Optimizing NNI: done in 10.1329 secs using 99.96% CPU
Optimizing NNI: done in 10.4065 secs using 99.92% CPU
Optimizing NNI: done in 11.3077 secs using 99.92% CPU
Optimizing NNI: done in 11.8696 secs using 99.96% CPU
Optimizing NNI: done in 10.513 secs using 99.92% CPU
Optimizing NNI: done in 11.0525 secs using 99.99% CPU
Optimizing NNI: done in 8.86549 secs using 99.9% CPU
Optimizing NNI: done in 9.9818 secs using 99.87% CPU
Optimizing NNI: done in 10.509 secs using 99.88% CPU
Optimizing NNI: done in 10.9685 secs using 99.99% CPU
Iteration 150 / LogL: -75573.260 / Time: 0h:31m:1s (0h:18m:19s left)
Optimizing NNI: done in 12.2256 secs using 99.99% CPU
Optimizing NNI: done in 10.413 secs using 99.92% CPU
Optimizing NNI: done in 10.0382 secs using 99.99% CPU
Optimizing NNI: done in 10.5685 secs using 99.96% CPU
Optimizing NNI: done in 9.9295 secs using 99.95% CPU
Optimizing NNI: done in 11.2211 secs using 99.99% CPU
Optimizing NNI: done in 10.0131 secs using 99.99% CPU
Optimizing NNI: done in 10.8736 secs using 99.99% CPU
Optimizing NNI: done in 10.6779 secs using 99.99% CPU
Optimizing NNI: done in 10.6148 secs using 99.99% CPU
Iteration 160 / LogL: -75569.574 / Time: 0h:32m:48s (0h:16m:5s left)
Optimizing NNI: done in 13.0677 secs using 99.93% CPU
Optimizing NNI: done in 12.3781 secs using 99.93% CPU
Optimizing NNI: done in 10.8372 secs using 99.99% CPU
Optimizing NNI: done in 10.6008 secs using 99.99% CPU
Optimizing NNI: done in 9.6526 secs using 99.95% CPU
Optimizing NNI: done in 11.6409 secs using 99.99% CPU
Optimizing NNI: done in 9.72683 secs using 99.95% CPU
Optimizing NNI: done in 10.8642 secs using 99.96% CPU
Optimizing NNI: done in 10.1143 secs using 99.87% CPU
Optimizing NNI: done in 9.61464 secs using 99.91% CPU
Iteration 170 / LogL: -75572.049 / Time: 0h:34m:38s (0h:13m:56s left)
Optimizing NNI: done in 11.221 secs using 99.99% CPU
Optimizing NNI: done in 11.5924 secs using 99.96% CPU
Optimizing NNI: done in 10.0496 secs using 99.91% CPU
Optimizing NNI: done in 9.92328 secs using 99.91% CPU
Optimizing NNI: done in 10.065 secs using 99.91% CPU
Optimizing NNI: done in 10.0812 secs using 99.99% CPU
Optimizing NNI: done in 9.97479 secs using 99.99% CPU
Optimizing NNI: done in 10.6829 secs using 99.96% CPU
Optimizing NNI: done in 11.5531 secs using 99.96% CPU
Optimizing NNI: done in 10.4958 secs using 99.92% CPU
Iteration 180 / LogL: -75576.288 / Time: 0h:36m:25s (0h:11m:48s left)
Optimizing NNI: done in 11.0156 secs using 99.89% CPU
Optimizing NNI: done in 10.3248 secs using 99.96% CPU
Optimizing NNI: done in 9.71232 secs using 99.87% CPU
Optimizing NNI: done in 10.4547 secs using 99.96% CPU
Optimizing NNI: done in 11.1765 secs using 99.92% CPU
Optimizing NNI: done in 11.5196 secs using 99.96% CPU
Optimizing NNI: done in 11.8458 secs using 99.99% CPU
Optimizing NNI: done in 11.2702 secs using 99.96% CPU
Optimizing NNI: done in 10.3938 secs using 99.88% CPU
Optimizing NNI: done in 11.1561 secs using 99.92% CPU
Iteration 190 / LogL: -75707.328 / Time: 0h:38m:14s (0h:9m:42s left)
Optimizing NNI: done in 10.7003 secs using 99.99% CPU
Optimizing NNI: done in 10.8839 secs using 99.99% CPU
Optimizing NNI: done in 10.059 secs using 99.95% CPU
Optimizing NNI: done in 11.4458 secs using 99.96% CPU
Optimizing NNI: done in 9.82169 secs using 99.95% CPU
Optimizing NNI: done in 8.85749 secs using 99.99% CPU
Optimizing NNI: done in 11.449 secs using 99.92% CPU
Optimizing NNI: done in 9.2942 secs using 99.95% CPU
Optimizing NNI: done in 11.1669 secs using 99.92% CPU
Optimizing NNI: done in 11.6634 secs using 99.96% CPU
Iteration 200 / LogL: -75569.837 / Time: 0h:40m:1s (0h:7m:38s left)
Optimizing NNI: done in 10.3108 secs using 99.99% CPU
Optimizing NNI: done in 10.7805 secs using 99.99% CPU
Optimizing NNI: done in 10.6516 secs using 99.84% CPU
Optimizing NNI: done in 11.055 secs using 99.96% CPU
Optimizing NNI: done in 10.3406 secs using 99.95% CPU
Optimizing NNI: done in 11.098 secs using 99.96% CPU
Optimizing NNI: done in 10.7363 secs using 99.92% CPU
Optimizing NNI: done in 11.2229 secs using 99.89% CPU
Optimizing NNI: done in 10.5005 secs using 99.99% CPU
Optimizing NNI: done in 11.3692 secs using 99.92% CPU
Iteration 210 / LogL: -75577.733 / Time: 0h:41m:50s (0h:5m:36s left)
Optimizing NNI: done in 11.968 secs using 99.89% CPU
Optimizing NNI: done in 10.6059 secs using 99.92% CPU
Optimizing NNI: done in 12.2415 secs using 99.9% CPU
Optimizing NNI: done in 11.0825 secs using 99.99% CPU
Optimizing NNI: done in 9.29982 secs using 99.99% CPU
Optimizing NNI: done in 10.6113 secs using 99.96% CPU
Optimizing NNI: done in 12.0664 secs using 99.89% CPU
Optimizing NNI: done in 10.9105 secs using 99.92% CPU
Optimizing NNI: done in 8.95332 secs using 99.99% CPU
Optimizing NNI: done in 9.97592 secs using 99.91% CPU
Iteration 220 / LogL: -75576.933 / Time: 0h:43m:39s (0h:3m:35s left)
Optimizing NNI: done in 11.0997 secs using 99.96% CPU
Optimizing NNI: done in 9.07467 secs using 99.99% CPU
Optimizing NNI: done in 11.5457 secs using 99.96% CPU
Optimizing NNI: done in 12.3665 secs using 99.87% CPU
Optimizing NNI: done in 8.66148 secs using 99.95% CPU
Optimizing NNI: done in 11.3376 secs using 99.99% CPU
Optimizing NNI: done in 11.4651 secs using 99.96% CPU
Optimizing NNI: done in 10.9417 secs using 99.99% CPU
Optimizing NNI: done in 11.1129 secs using 99.99% CPU
Optimizing NNI: done in 10.8851 secs using 99.85% CPU
Iteration 230 / LogL: -75589.737 / Time: 0h:45m:28s (0h:1m:35s left)
Optimizing NNI: done in 11.7423 secs using 99.89% CPU
Optimizing NNI: done in 12.1072 secs using 99.96% CPU
Optimizing NNI: done in 11.5778 secs using 99.99% CPU
Optimizing NNI: done in 10.8076 secs using 99.96% CPU
Optimizing NNI: done in 11.0236 secs using 99.81% CPU
Optimizing NNI: done in 10.2406 secs using 99.99% CPU
Optimizing NNI: done in 11.5672 secs using 99.99% CPU
Optimizing NNI: done in 10.9925 secs using 99.96% CPU
Optimizing NNI: done in 10.8093 secs using 99.96% CPU
TREE SEARCH COMPLETED AFTER 239 ITERATIONS / Time: 0h:47m:10s

--------------------------------------------------------------------
|                    FINALIZING TREE SEARCH                        |
--------------------------------------------------------------------
Performs final model parameters optimization
Estimate model parameters (epsilon = 0.010)
1. Initial log-likelihood: -75569.321
2. Current log-likelihood: -75569.273
3. Current log-likelihood: -75569.221
4. Current log-likelihood: -75569.170
5. Current log-likelihood: -75569.121
6. Current log-likelihood: -75569.075
7. Current log-likelihood: -75569.030
8. Current log-likelihood: -75568.988
9. Current log-likelihood: -75568.945
10. Current log-likelihood: -75568.903
11. Current log-likelihood: -75568.861
12. Current log-likelihood: -75568.822
13. Current log-likelihood: -75568.783
14. Current log-likelihood: -75568.744
15. Current log-likelihood: -75568.707
16. Current log-likelihood: -75568.670
17. Current log-likelihood: -75568.633
18. Current log-likelihood: -75568.598
19. Current log-likelihood: -75568.563
20. Current log-likelihood: -75568.528
21. Current log-likelihood: -75568.495
22. Current log-likelihood: -75568.461
23. Current log-likelihood: -75568.427
24. Current log-likelihood: -75568.394
25. Current log-likelihood: -75568.361
26. Current log-likelihood: -75568.344
27. Current log-likelihood: -75568.326
28. Current log-likelihood: -75568.309
29. Current log-likelihood: -75568.292
30. Current log-likelihood: -75568.276
31. Current log-likelihood: -75568.259
32. Current log-likelihood: -75568.243
33. Current log-likelihood: -75568.227
34. Current log-likelihood: -75568.212
35. Current log-likelihood: -75568.196
36. Current log-likelihood: -75568.180
37. Current log-likelihood: -75568.165
38. Current log-likelihood: -75568.150
39. Current log-likelihood: -75568.135
40. Current log-likelihood: -75568.120
41. Current log-likelihood: -75568.105
42. Current log-likelihood: -75568.090
43. Current log-likelihood: -75568.075
44. Current log-likelihood: -75568.061
45. Current log-likelihood: -75568.046
46. Current log-likelihood: -75568.032
47. Current log-likelihood: -75568.018
48. Current log-likelihood: -75568.004
49. Current log-likelihood: -75567.990
50. Current log-likelihood: -75567.976
51. Current log-likelihood: -75567.962
52. Current log-likelihood: -75567.949
53. Current log-likelihood: -75567.935
54. Current log-likelihood: -75567.922
55. Current log-likelihood: -75567.909
56. Current log-likelihood: -75567.896
57. Current log-likelihood: -75567.883
58. Current log-likelihood: -75567.870
59. Current log-likelihood: -75567.857
60. Current log-likelihood: -75567.844
61. Current log-likelihood: -75567.831
62. Current log-likelihood: -75567.819
63. Current log-likelihood: -75567.807
64. Current log-likelihood: -75567.795
65. Current log-likelihood: -75567.783
66. Current log-likelihood: -75567.770
67. Current log-likelihood: -75567.759
68. Current log-likelihood: -75567.747
69. Current log-likelihood: -75567.735
70. Current log-likelihood: -75567.723
71. Current log-likelihood: -75567.712
72. Current log-likelihood: -75567.700
73. Current log-likelihood: -75567.689
74. Current log-likelihood: -75567.677
75. Current log-likelihood: -75567.666
76. Current log-likelihood: -75567.655
77. Current log-likelihood: -75567.644
78. Current log-likelihood: -75567.633
79. Current log-likelihood: -75567.622
80. Current log-likelihood: -75567.611
81. Current log-likelihood: -75567.600
82. Current log-likelihood: -75567.590
83. Current log-likelihood: -75567.579
84. Current log-likelihood: -75567.569
85. Current log-likelihood: -75567.558
86. Current log-likelihood: -75567.548
87. Current log-likelihood: -75567.537
88. Current log-likelihood: -75567.527
89. Current log-likelihood: -75567.517
90. Current log-likelihood: -75567.507
Optimal log-likelihood: -75567.492
Site proportion and rates:  (0.026,0.047) (0.048,0.178) (0.160,0.346) (0.106,0.525) (0.278,0.864) (0.272,1.357) (0.110,2.467)
Parameters optimization took 90 rounds (303.308 sec)
BEST SCORE FOUND : -75567.492
Total tree length: 109.609

Total number of iterations: 239
CPU time used for tree search: 2812.958 sec (0h:46m:52s)
Wall-clock time used for tree search: 2814.417 sec (0h:46m:54s)
Total CPU time used: 3132.257 sec (0h:52m:12s)
Total wall-clock time used: 3133.779 sec (0h:52m:13s)

Analysis results written to: 
  IQ-TREE report:                tree/All_AKRs.iqtree
  Maximum-likelihood tree:       tree/All_AKRs.treefile
  Likelihood distances:          tree/All_AKRs.mldist
  Screen log file:               tree/All_AKRs.log

ALISIM COMMAND
--------------
--alisim simulated_MSA -t tree/All_AKRs.treefile -m "Q.pfam+R7{0.0264885,0.0474609,0.0481852,0.177609,0.160093,0.346231,0.106083,0.52522,0.277784,0.863809,0.271828,1.35713,0.10954,2.46651}" --length 956

Date and Time: Mon Oct 30 03:02:28 2023
