IQ-TREE multicore version 2.2.5 COVID-edition for Linux 64-bit built Sep 15 2023
Developed by Bui Quang Minh, James Barbetti, Nguyen Lam Tung,
Olga Chernomor, Heiko Schmidt, Dominik Schrempf, Michael Woodhams, Ly Trong Nhan.

Host:    ceb-khas-002 (AVX2, FMA3, 15 GB RAM)
Command: iqtree -s msa/Animalia_AKRs.aln --prefix tree/Animalia_AKRs
Seed:    652437 (Using SPRNG - Scalable Parallel Random Number Generator)
Time:    Wed Nov  1 00:44:03 2023
Kernel:  AVX+FMA - 1 threads (16 CPU cores detected)

HINT: Use -nt option to specify number of threads because your CPU has 16 cores!
HINT: -nt AUTO will automatically determine the best number of threads to use.

Reading alignment file msa/Animalia_AKRs.aln ... Fasta format detected
Reading fasta file: done in 0.00167959 secs using 99.96% CPU
Alignment most likely contains protein sequences
Constructing alignment: done in 0.0010964 secs using 99.96% CPU
Alignment has 93 sequences with 832 columns, 668 distinct patterns
413 parsimony-informative, 130 singleton sites, 289 constant sites
                                                                    Gap/Ambiguity  Composition  p-value
Analyzing sequences: done in 0.000538698 secs using 99.87% CPU
   1  AKR1A1|NP_006057.1|Homo                                              60.94%    passed     92.64%
   2  AKR1A2|P50578.3|Sus                                                  60.94%    passed     87.04%
   3  AKR1A3|P51635.2|Rattus                                               60.94%    passed     92.99%
   4  AKR1A4|NP_067448.1|Mus                                               60.94%    passed     90.20%
   5  AKR1B1|NP_001619.1|Homo                                              62.02%    passed     99.98%
   6  AKR1B2|P15122.3|Oryctolagus|cuniculus|Animalia|Mammalia|Lagomorpha   62.02%    passed     99.73%
   7  AKR1B3|P45376.3|Mus                                                  62.02%    passed     98.31%
   8  AKR1B4|NP_036630.1|Rattus                                            62.02%    passed     98.98%
   9  AKR1B5|P16116.2|Bos                                                  62.14%    passed     85.54%
  10  AKR1B6|P80276.2|Sus                                                  62.02%    passed     98.57%
  11  AKR1B7|P21300.4|Mus                                                  62.02%    passed     92.79%
  12  AKR1B8|NP_032038.1|Mus                                               62.02%    passed     93.12%
  13  AKR1B9|AAC53199.1|Cricetulus                                         62.02%    passed     95.08%
  14  AKR1B10|NP_064695.3|Homo                                             62.02%    passed     85.92%
  15  AKR1B12|CAC40811.1|Gallus                                            61.90%    passed     63.92%
  16  AKR1B13|CAC80649.1|Rattus                                            62.02%    passed     90.53%
  17  AKR1B14|NP_446233.2|Rattus                                           62.02%    passed     87.31%
  18  AKR1B15|EAL24068.1|Homo                                              56.49%    passed     28.18%
  19  AKR1B18|NP_001013102.1|Rattus                                        62.02%    passed     88.32%
  20  AKR1B19|NP_001254517.1|Oryctolagus                                   62.02%    passed     76.24%
  21  AKR1C1|NP_001344.2|Homo                                              61.18%    passed     96.45%
  22  AKR1C2|NP_001345.1|Homo                                              61.18%    passed     95.54%
  23  AKR1C3|NP_003730.4|Homo                                              61.18%    passed     97.57%
  24  AKR1C4|P17516.3|Homo                                                 61.18%    passed     88.73%
  25  AKR1C5|P80508.1|Oryctolagus                                          61.18%    passed     97.70%
  26  AKR1C6|NP_085114.1|Mus                                               61.18%    passed     95.29%
  27  AKR1C7|P05980.3|Bos                                                  61.18%    passed     82.04%
  28  AKR1C8|P51652.1|Rattus                                               61.18%    passed     62.01%
  29  AKR1C9|P23457.1|Rattus                                               61.30%    passed     75.30%
  30  AKR1C10a|P02532.3|Rana                                               61.06%    passed     91.34%
  31  AKR1C10b|P17264.2|Rana                                               61.06%    passed     86.58%
  32  AKR1C11|BAA13690.1|Bos                                               61.18%    passed     96.22%
  33  AKR1C12|NP_038805.2|Mus                                              61.18%    passed     58.22%
  34  AKR1C13|NP_038806.2|Mus                                              61.18%    passed     64.99%
  35  AKR1C14|NP_598833.1|Mus                                              61.18%    passed     89.33%
  36  AKR1C15|2008147B|Rattus                                              61.18%    passed     97.38%
  37  AKR1C16|2008147A|Rattus                                              61.78%    passed     81.28%
  38  AKR1C17|2008147C|Rattus                                              61.42%    passed     81.11%
  39  AKR1C18|NP_001333464.1|Mus                                           64.30%    passed     64.90%
  40  AKR1C19|NP_001013807.2|Mus                                           61.18%    passed     96.63%
  41  AKR1C20|NP_473421.1|Mus                                              68.51%    passed     90.28%
  42  AKR1C21|NP_084177.2|Mus                                              61.18%    passed     99.69%
  43  AKR1C22|BAD02825.1|Mus                                               61.18%    passed     57.79%
  44  AKR1C23|AAY16444.1|Equus                                             61.30%    passed     99.96%
  45  AKR1C24|BAE75957.1|Rattus                                            61.18%    passed     69.46%
  46  AKR1C25|BAB63209.2|Macaca                                            61.18%    passed     71.33%
  47  AKR1C26|BAM37087.1|Oryctolagus                                       61.18%    passed     99.03%
  48  AKR1C27|BAM37088.1|Oryctolagus                                       61.18%    passed     95.21%
  49  AKR1C28|BAM37089.1|Oryctolagus                                       61.18%    passed     94.57%
  50  AKR1C29|BAN20006.1|Oryctolagus                                       61.18%    passed     99.32%
  51  AKR1C30|BAN84250.1|Oryctolagus                                       61.18%    passed     99.81%
  52  AKR1C31|BAN84251.1|Oryctolagus                                       61.18%    passed     99.61%
  53  AKR1C32|BAN84252.1|Oryctolagus                                       61.18%    passed     98.80%
  54  AKR1C33|BAN84253.1|Oryctolagus                                       61.30%    passed     97.59%
  55  AKR1C34|BAP76082.1|Mesocricetus                                      61.18%    passed     94.94%
  56  AKR1C35|BAP76083.1|Mesocricetus                                      61.18%    passed     83.75%
  57  AKR1D1|NP_005980.1|Homo                                              60.82%    passed     99.49%
  58  AKR1D2|NP_620239.2|Rattus                                            60.94%    passed     93.02%
  59  AKR1D3|BAA82867.1|Oryctolagus                                        60.82%    passed     85.22%
  60  AKR1D4|NP_663397.1|Mus                                               39.30%    failed      0.20%
  61  AKR1E1|AAB37274.1|Mus                                                63.82%    passed     70.35%
  62  AKR1E2|Q96JD6.2|Homo                                                 61.54%    passed     69.29%
  63  AKR1G1|NP_509242.1|Caenorhabditis                                    61.90%    passed     65.78%
  64  AKR1H1|AFV36370.1|Reticulitermes                                     59.74%    passed     40.69%
  65  AKR1I1|5KET_A|Coptotermes                                            59.13%    passed     93.77%
  66  AKR2E1|CAB41997.1|Spodoptera                                         58.53%    passed     35.15%
  67  AKR2E2|AAL73387.1|Trichoplusia                                       62.98%    passed     45.69%
  68  AKR2E3|AAD38635.1|Drosophila                                         62.02%    passed     27.51%
  69  AKR2E4|BAL70378.1|Bombyx                                             62.98%    failed      0.98%
  70  AKR2E5|BAR91212.1|Bombyx                                             57.57%    passed     33.08%
  71  AKR2E6|BBD35022.1|Bombyx                                             59.13%    passed     53.55%
  72  AKR2E8|BCN86447.1|Bombyx                                             60.22%    passed     56.82%
  73  AKR6A1|Q27955.1|Bos                                                  55.89%    failed      4.84%
  74  AKR6A2|CAA54142.1|Rattus                                             55.89%    passed      8.60%
  75  AKR6A3||S66503|Homo                                                  51.80%    passed      7.64%
  76  AKR6A4|AAA75174.1|Mus                                                55.89%    passed     12.74%
  77  AKR6A5|AAB99859.1|Homo                                               57.57%    passed      9.84%
  78  AKR6A6|AAF65463.2|Oryctolagus                                        57.57%    passed      7.18%
  79  AKR6A7|AAD37853.1|Oryctolagus                                        51.80%    passed      8.23%
  80  AKR6A8|NP_034727.3|Mus                                               51.80%    passed      8.23%
  81  AKR6A9|NP_004723.2|Homo                                              51.44%    failed      0.02%
  82  AKR6A10a|AAC48462.1|Mustela                                          50.96%    passed     14.66%
  83  AKR6A10b|AAD37854.1|Oryctolagus                                      50.96%    passed     11.86%
  84  AKR6A11|AAD56313.1|Xenopus                                           51.80%    passed     12.21%
  85  AKR6A12|Q63494.1|Rattus                                              51.44%    failed      0.03%
  86  AKR6A13|P63144.1|Rattus                                              51.80%    passed      7.64%
  87  AKR6A14|NP_034729.3|Mus                                              51.44%    failed      0.04%
  88  AKR6B1|AAC46631.1|Drosophila                                         34.38%    failed      0.00%
  89  AKR7A1|P38918.2|Rattus                                               60.70%    passed     41.64%
  90  AKR7A2|NP_003680.2|Homo                                              56.85%    failed      0.23%
  91  AKR7A3|NP_036199.2|Homo                                              60.22%    failed      4.15%
  92  AKR7A4|BAA90396.1|Rattus                                             59.38%    failed      4.46%
  93  AKR7A5|BAB23073.1|Mus                                                56.01%    failed      0.11%
WARNING: 91 sequences contain more than 50% gaps/ambiguity
****  TOTAL                                                                59.37%  11 sequences failed composition chi2 test (p-value<5%; df=19)
NOTE: AKR6A13|P63144.1|Rattus is identical to AKR6A3||S66503|Homo but kept for subsequent analysis
NOTE: AKR6A8|NP_034727.3|Mus is identical to AKR6A7|AAD37853.1|Oryctolagus but kept for subsequent analysis
Checking for duplicate sequences: done in 0.000499899 secs using 100% CPU


Create initial parsimony tree by phylogenetic likelihood library (PLL)... 0.035 seconds
Perform fast likelihood tree search using LG+I+G model...
Estimate model parameters (epsilon = 5.000)
Perform nearest neighbor interchange...
Optimizing NNI: done in 1.33772 secs using 99.88% CPU
Estimate model parameters (epsilon = 1.000)
1. Initial log-likelihood: -26675.287
Optimal log-likelihood: -26674.610
Proportion of invariable sites: 0.016
Gamma shape alpha: 1.230
Parameters optimization took 1 rounds (0.477 sec)
Time for fast ML tree search: 4.555 seconds

NOTE: ModelFinder requires 98 MB RAM!
ModelFinder will test up to 1232 protein models (sample size: 832) ...
 No. Model         -LnL         df  AIC          AICc         BIC
  1  LG            27508.247    183 55382.494    55486.420    56246.955
  2  LG+I          27440.071    184 55248.141    55353.365    56117.327
  3  LG+G4         26683.365    184 53734.730    53839.954    54603.915
  4  LG+I+G4       26674.369    185 53718.739    53825.271    54592.648
  5  LG+R2         26848.848    185 54067.696    54174.228    54941.605
  6  LG+R3         26717.105    187 53808.210    53917.390    54691.566
  7  LG+R4         26658.900    189 53695.800    53807.670    54588.605
  8  LG+R5         26647.022    191 53676.044    53790.644    54578.296
  9  LG+R6         26638.630    193 53663.260    53780.633    54574.960
 10  LG+R7         26637.622    195 53665.243    53785.432    54586.391
 14  LG+I+R2       26815.399    186 54002.799    54110.650    54881.432
 15  LG+I+R3       26701.678    188 53779.356    53889.876    54667.437
 16  LG+I+R4       26649.616    190 53679.232    53792.461    54576.760
 17  LG+I+R5       26641.960    192 53667.919    53783.900    54574.895
 18  LG+I+R6       26634.808    194 53657.615    53776.391    54574.039
 19  LG+I+R7       26634.294    196 53660.587    53782.200    54586.458
 30  LG+F+R5       26620.623    210 53661.245    53803.951    54653.250
 31  LG+F+R6       26612.382    212 53648.764    53794.663    54650.216
 38  LG+F+I+R4     26623.525    209 53665.049    53806.174    54652.330
 39  LG+F+I+R5     26616.154    211 53654.308    53798.605    54651.037
 40  LG+F+I+R6     26608.905    213 53643.810    53791.325    54649.987
 52  WAG+R5        26678.669    191 53739.339    53853.939    54641.591
 53  WAG+R6        26673.614    193 53733.229    53850.602    54644.929
 60  WAG+I+R4      26678.051    190 53736.103    53849.332    54633.631
 61  WAG+I+R5      26674.518    192 53733.036    53849.018    54640.012
 74  WAG+F+R5      26699.096    210 53818.193    53960.898    54810.197
 75  WAG+F+R6      26692.479    212 53808.958    53954.858    54810.411
 82  WAG+F+I+R4    26696.981    209 53811.961    53953.087    54799.242
 83  WAG+F+I+R5    26692.446    211 53806.892    53951.189    54803.621
 96  JTT+R5        26671.806    191 53725.613    53840.213    54627.865
 97  JTT+R6        26666.142    193 53718.285    53835.658    54629.984
104  JTT+I+R4      26673.376    190 53726.752    53839.981    54624.280
105  JTT+I+R5      26667.604    192 53719.209    53835.190    54626.185
118  JTT+F+R5      26656.034    210 53732.068    53874.773    54724.073
119  JTT+F+R6      26651.329    212 53726.657    53872.557    54728.110
126  JTT+F+I+R4    26657.004    209 53732.008    53873.134    54719.289
127  JTT+F+I+R5    26651.084    211 53724.167    53868.464    54720.896
WARNING: Normalizing state frequencies so that sum of them equals to 1
140  Q.pfam+R5     26635.841    191 53653.682    53768.282    54555.934
WARNING: Normalizing state frequencies so that sum of them equals to 1
141  Q.pfam+R6     26628.924    193 53643.847    53761.220    54555.547
WARNING: Normalizing state frequencies so that sum of them equals to 1
148  Q.pfam+I+R4   26640.586    190 53661.172    53774.401    54558.700
WARNING: Normalizing state frequencies so that sum of them equals to 1
149  Q.pfam+I+R5   26630.977    192 53645.955    53761.936    54552.931
WARNING: Normalizing state frequencies so that sum of them equals to 1
150  Q.pfam+I+R6   26625.393    194 53638.786    53757.562    54555.210
WARNING: Normalizing state frequencies so that sum of them equals to 1
162  Q.pfam+F+R5   26606.352    210 53632.703    53775.408    54624.708
WARNING: Normalizing state frequencies so that sum of them equals to 1
163  Q.pfam+F+R6   26599.444    212 53622.887    53768.787    54624.339
WARNING: Normalizing state frequencies so that sum of them equals to 1
170  Q.pfam+F+I+R4 26611.189    209 53640.377    53781.503    54627.658
WARNING: Normalizing state frequencies so that sum of them equals to 1
171  Q.pfam+F+I+R5 26601.279    211 53624.558    53768.855    54621.287
WARNING: Normalizing state frequencies so that sum of them equals to 1
172  Q.pfam+F+I+R6 26595.837    213 53617.673    53765.188    54623.849
WARNING: Normalizing state frequencies so that sum of them equals to 1
184  Q.bird+R5     26997.277    191 54376.555    54491.155    55278.807
WARNING: Normalizing state frequencies so that sum of them equals to 1
185  Q.bird+R6     26990.109    193 54366.219    54483.592    55277.918
WARNING: Normalizing state frequencies so that sum of them equals to 1
192  Q.bird+I+R4   27009.713    190 54399.425    54512.655    55296.953
WARNING: Normalizing state frequencies so that sum of them equals to 1
193  Q.bird+I+R5   26993.407    192 54370.814    54486.795    55277.790
WARNING: Normalizing state frequencies so that sum of them equals to 1
194  Q.bird+I+R6   26989.162    194 54366.324    54485.099    55282.747
WARNING: Normalizing state frequencies so that sum of them equals to 1
206  Q.bird+F+R5   26967.996    210 54355.992    54498.697    55347.996
WARNING: Normalizing state frequencies so that sum of them equals to 1
207  Q.bird+F+R6   26961.633    212 54347.267    54493.167    55348.719
WARNING: Normalizing state frequencies so that sum of them equals to 1
214  Q.bird+F+I+R4 26980.335    209 54378.671    54519.796    55365.952
WARNING: Normalizing state frequencies so that sum of them equals to 1
215  Q.bird+F+I+R5 26963.710    211 54349.419    54493.716    55346.148
WARNING: Normalizing state frequencies so that sum of them equals to 1
216  Q.bird+F+I+R6 26959.937    213 54345.874    54493.389    55352.051
WARNING: Normalizing state frequencies so that sum of them equals to 1
228  Q.mammal+R5   26872.742    191 54127.483    54242.083    55029.735
WARNING: Normalizing state frequencies so that sum of them equals to 1
229  Q.mammal+R6   26866.960    193 54119.920    54237.293    55031.620
WARNING: Normalizing state frequencies so that sum of them equals to 1
236  Q.mammal+I+R4 26885.644    190 54151.287    54264.516    55048.815
WARNING: Normalizing state frequencies so that sum of them equals to 1
237  Q.mammal+I+R5 26869.504    192 54123.009    54238.990    55029.985
WARNING: Normalizing state frequencies so that sum of them equals to 1
238  Q.mammal+I+R6 26866.053    194 54120.106    54238.881    55036.529
WARNING: Normalizing state frequencies so that sum of them equals to 1
250  Q.mammal+F+R5 26830.709    210 54081.419    54224.124    55073.424
WARNING: Normalizing state frequencies so that sum of them equals to 1
251  Q.mammal+F+R6 26825.686    212 54075.373    54221.273    55076.825
WARNING: Normalizing state frequencies so that sum of them equals to 1
258  Q.mammal+F+I+R4 26843.142    209 54104.284    54245.410    55091.565
WARNING: Normalizing state frequencies so that sum of them equals to 1
259  Q.mammal+F+I+R5 26826.704    211 54075.407    54219.704    55072.136
WARNING: Normalizing state frequencies so that sum of them equals to 1
260  Q.mammal+F+I+R6 26823.854    213 54073.708    54221.223    55079.884
272  Q.insect+R5   26700.350    191 53782.699    53897.299    54684.951
273  Q.insect+R6   26695.214    193 53776.427    53893.800    54688.127
280  Q.insect+I+R4 26708.793    190 53797.587    53910.816    54695.115
281  Q.insect+I+R5 26696.719    192 53777.439    53893.420    54684.414
282  Q.insect+I+R6 26693.164    194 53774.328    53893.104    54690.752
294  Q.insect+F+R5 26650.814    210 53721.628    53864.334    54713.633
295  Q.insect+F+R6 26645.896    212 53715.793    53861.693    54717.245
302  Q.insect+F+I+R4 26659.589    209 53737.177    53878.303    54724.458
303  Q.insect+F+I+R5 26646.540    211 53715.079    53859.376    54711.808
304  Q.insect+F+I+R6 26643.919    213 53713.837    53861.352    54720.013
WARNING: Normalizing state frequencies so that sum of them equals to 1
316  Q.plant+R5    26690.757    191 53763.514    53878.114    54665.766
WARNING: Normalizing state frequencies so that sum of them equals to 1
317  Q.plant+R6    26684.903    193 53755.805    53873.178    54667.505
WARNING: Normalizing state frequencies so that sum of them equals to 1
324  Q.plant+I+R4  26702.617    190 53785.234    53898.463    54682.762
WARNING: Normalizing state frequencies so that sum of them equals to 1
325  Q.plant+I+R5  26685.723    192 53755.446    53871.427    54662.422
WARNING: Normalizing state frequencies so that sum of them equals to 1
326  Q.plant+I+R6  26682.335    194 53752.670    53871.445    54669.093
WARNING: Normalizing state frequencies so that sum of them equals to 1
338  Q.plant+F+R5  26654.694    210 53729.389    53872.094    54721.394
WARNING: Normalizing state frequencies so that sum of them equals to 1
339  Q.plant+F+R6  26649.023    212 53722.045    53867.945    54723.498
WARNING: Normalizing state frequencies so that sum of them equals to 1
346  Q.plant+F+I+R4 26666.998    209 53751.996    53893.121    54739.277
WARNING: Normalizing state frequencies so that sum of them equals to 1
347  Q.plant+F+I+R5 26649.819    211 53721.638    53865.935    54718.366
WARNING: Normalizing state frequencies so that sum of them equals to 1
348  Q.plant+F+I+R6 26646.272    213 53718.543    53866.058    54724.720
WARNING: Normalizing state frequencies so that sum of them equals to 1
360  Q.yeast+R5    26747.761    191 53877.522    53992.122    54779.774
WARNING: Normalizing state frequencies so that sum of them equals to 1
361  Q.yeast+R6    26742.611    193 53871.223    53988.596    54782.923
WARNING: Normalizing state frequencies so that sum of them equals to 1
368  Q.yeast+I+R4  26760.532    190 53901.064    54014.294    54798.593
WARNING: Normalizing state frequencies so that sum of them equals to 1
369  Q.yeast+I+R5  26744.883    192 53873.766    53989.747    54780.742
WARNING: Normalizing state frequencies so that sum of them equals to 1
370  Q.yeast+I+R6  26741.286    194 53870.572    53989.347    54786.995
WARNING: Normalizing state frequencies so that sum of them equals to 1
382  Q.yeast+F+R5  26641.306    210 53702.611    53845.317    54694.616
WARNING: Normalizing state frequencies so that sum of them equals to 1
383  Q.yeast+F+R6  26635.682    212 53695.364    53841.264    54696.816
WARNING: Normalizing state frequencies so that sum of them equals to 1
390  Q.yeast+F+I+R4 26651.551    209 53721.103    53862.228    54708.384
WARNING: Normalizing state frequencies so that sum of them equals to 1
391  Q.yeast+F+I+R5 26637.358    211 53696.716    53841.013    54693.445
WARNING: Normalizing state frequencies so that sum of them equals to 1
392  Q.yeast+F+I+R6 26633.907    213 53693.814    53841.329    54699.991
404  JTTDCMut+R5   26673.113    191 53728.226    53842.826    54630.478
405  JTTDCMut+R6   26667.424    193 53720.847    53838.220    54632.547
412  JTTDCMut+I+R4 26674.492    190 53728.985    53842.214    54626.513
413  JTTDCMut+I+R5 26668.809    192 53721.619    53837.600    54628.595
426  JTTDCMut+F+R5 26659.841    210 53739.682    53882.387    54731.687
427  JTTDCMut+F+R6 26655.047    212 53734.094    53879.994    54735.547
434  JTTDCMut+F+I+R4 26660.698    209 53739.397    53880.522    54726.678
435  JTTDCMut+F+I+R5 26654.777    211 53731.555    53875.852    54728.283
448  DCMut+R5      26967.165    191 54316.330    54430.930    55218.582
449  DCMut+R6      26964.934    193 54315.869    54433.242    55227.569
456  DCMut+I+R4    26969.057    190 54318.113    54431.343    55215.641
457  DCMut+I+R5    26964.450    192 54312.900    54428.881    55219.876
470  DCMut+F+R5    26929.675    210 54279.350    54422.055    55271.355
471  DCMut+F+R6    26927.166    212 54278.332    54424.232    55279.784
478  DCMut+F+I+R4  26934.146    209 54286.293    54427.418    55273.574
479  DCMut+F+I+R5  26926.882    211 54275.765    54420.061    55272.493
480  DCMut+F+I+R6  26925.089    213 54276.179    54423.693    55282.355
492  VT+R5         26733.860    191 53849.721    53964.321    54751.973
493  VT+R6         26729.905    193 53845.810    53963.183    54757.510
500  VT+I+R4       26733.456    190 53846.912    53960.141    54744.440
501  VT+I+R5       26729.138    192 53842.276    53958.257    54749.252
514  VT+F+R5       26743.331    210 53906.662    54049.367    54898.667
515  VT+F+R6       26739.690    212 53903.380    54049.280    54904.833
522  VT+F+I+R4     26742.480    209 53902.960    54044.085    54890.241
523  VT+F+I+R5     26738.316    211 53898.632    54042.929    54895.361
536  PMB+R5        26982.417    191 54346.834    54461.434    55249.086
537  PMB+R6        26979.652    193 54345.304    54462.677    55257.004
544  PMB+I+R4      26982.514    190 54345.028    54458.257    55242.556
545  PMB+I+R5      26977.344    192 54338.687    54454.669    55245.663
558  PMB+F+R5      27007.399    210 54434.799    54577.504    55426.803
559  PMB+F+R6      27004.296    212 54432.592    54578.492    55434.045
566  PMB+F+I+R4    27007.130    209 54432.259    54573.385    55419.540
567  PMB+F+I+R5    27001.838    211 54425.676    54569.972    55422.404
580  Blosum62+R5   26979.547    191 54341.094    54455.694    55243.346
581  Blosum62+R6   26975.464    193 54336.928    54454.301    55248.628
588  Blosum62+I+R4 26980.065    190 54340.131    54453.360    55237.659
589  Blosum62+I+R5 26974.902    192 54333.804    54449.785    55240.779
602  Blosum62+F+R5 27007.693    210 54435.386    54578.091    55427.391
603  Blosum62+F+R6 27003.477    212 54430.955    54576.855    55432.407
610  Blosum62+F+I+R4 27007.815    209 54433.630    54574.756    55420.911
611  Blosum62+F+I+R5 27002.733    211 54427.465    54571.762    55424.194
624  Dayhoff+R5    26966.369    191 54314.739    54429.339    55216.991
625  Dayhoff+R6    26964.232    193 54314.463    54431.836    55226.163
632  Dayhoff+I+R4  26968.469    190 54316.939    54430.168    55214.467
633  Dayhoff+I+R5  26963.784    192 54311.568    54427.549    55218.543
646  Dayhoff+F+R5  26928.989    210 54277.977    54420.683    55269.982
647  Dayhoff+F+R6  26926.532    212 54277.065    54422.965    55278.517
654  Dayhoff+F+I+R4 26933.645    209 54285.291    54426.416    55272.572
655  Dayhoff+F+I+R5 26926.281    211 54274.562    54418.859    55271.291
656  Dayhoff+F+I+R6 26924.454    213 54274.909    54422.423    55281.085
668  mtREV+R5      27894.836    191 56171.673    56286.273    57073.925
669  mtREV+R6      27886.512    193 56159.025    56276.398    57070.725
676  mtREV+I+R4    27899.528    190 56179.056    56292.285    57076.584
677  mtREV+I+R5    27892.515    192 56169.031    56285.012    57076.007
678  mtREV+I+R6    27884.013    194 56156.027    56274.802    57072.450
690  mtREV+F+R5    26997.804    210 54415.608    54558.314    55407.613
691  mtREV+F+R6    26988.410    212 54400.819    54546.719    55402.272
698  mtREV+F+I+R4  26996.870    209 54411.739    54552.865    55399.020
699  mtREV+F+I+R5  26988.075    211 54398.151    54542.448    55394.879
700  mtREV+F+I+R6  26984.878    213 54395.756    54543.271    55401.933
712  mtART+R5      28336.042    191 57054.084    57168.684    57956.336
713  mtART+R6      28333.500    193 57053.000    57170.373    57964.700
720  mtART+I+R4    28353.661    190 57087.321    57200.551    57984.850
721  mtART+I+R5    28333.453    192 57050.906    57166.887    57957.882
722  mtART+I+R6    28330.483    194 57048.965    57167.741    57965.389
734  mtART+F+R5    27375.730    210 55171.461    55314.166    56163.466
735  mtART+F+R6    27367.228    212 55158.455    55304.355    56159.908
742  mtART+F+I+R4  27384.481    209 55186.962    55328.087    56174.243
743  mtART+F+I+R5  27370.762    211 55163.525    55307.822    56160.254
744  mtART+F+I+R6  27364.635    213 55155.270    55302.784    56161.446
756  mtZOA+R5      27681.225    191 55744.449    55859.049    56646.701
757  mtZOA+R6      27674.388    193 55734.777    55852.150    56646.477
764  mtZOA+I+R4    27697.958    190 55775.916    55889.146    56673.444
765  mtZOA+I+R5    27679.334    192 55742.668    55858.650    56649.644
766  mtZOA+I+R6    27674.095    194 55736.191    55854.966    56652.614
778  mtZOA+F+R5    27007.106    210 54434.212    54576.918    55426.217
779  mtZOA+F+R6    26999.453    212 54422.906    54568.805    55424.358
786  mtZOA+F+I+R4  27014.913    209 54447.826    54588.951    55435.107
787  mtZOA+F+I+R5  27001.201    211 54424.401    54568.698    55421.130
788  mtZOA+F+I+R6  26997.488    213 54420.976    54568.490    55427.152
800  mtMet+R5      27876.214    191 56134.428    56249.028    57036.680
801  mtMet+R6      27869.952    193 56125.903    56243.277    57037.603
808  mtMet+I+R4    27888.341    190 56156.683    56269.912    57054.211
809  mtMet+I+R5    27873.373    192 56130.745    56246.727    57037.721
810  mtMet+I+R6    27868.005    194 56124.010    56242.785    57040.433
822  mtMet+F+R5    26910.853    210 54241.707    54384.412    55233.712
823  mtMet+F+R6    26903.879    212 54231.758    54377.658    55233.210
830  mtMet+F+I+R4  26921.991    209 54261.982    54403.107    55249.263
831  mtMet+F+I+R5  26906.428    211 54234.855    54379.152    55231.584
832  mtMet+F+I+R6  26901.889    213 54229.778    54377.293    55235.954
844  mtVer+R5      28050.457    191 56482.915    56597.515    57385.167
845  mtVer+R6      28036.130    193 56458.260    56575.633    57369.959
852  mtVer+I+R4    28055.206    190 56490.412    56603.641    57387.940
853  mtVer+I+R5    28039.224    192 56462.447    56578.429    57369.423
854  mtVer+I+R6    28034.282    194 56456.565    56575.340    57372.988
866  mtVer+F+R5    27185.940    210 54791.879    54934.585    55783.884
867  mtVer+F+R6    27176.655    212 54777.311    54923.211    55778.763
874  mtVer+F+I+R4  27197.380    209 54812.761    54953.886    55800.042
875  mtVer+F+I+R5  27180.540    211 54783.080    54927.376    55779.808
876  mtVer+F+I+R6  27174.943    213 54775.887    54923.401    55782.063
888  mtInv+R5      28084.246    191 56550.492    56665.092    57452.744
889  mtInv+R6      28080.536    193 56547.072    56664.445    57458.771
896  mtInv+I+R4    28093.004    190 56566.008    56679.237    57463.536
897  mtInv+I+R5    28081.497    192 56546.993    56662.975    57453.969
898  mtInv+I+R6    28078.346    194 56544.692    56663.467    57461.115
910  mtInv+F+R5    26831.973    210 54083.946    54226.651    55075.951
911  mtInv+F+R6    26825.578    212 54075.157    54221.057    55076.609
918  mtInv+F+I+R4  26839.017    209 54096.035    54237.160    55083.316
919  mtInv+F+I+R5  26826.107    211 54074.214    54218.511    55070.943
920  mtInv+F+I+R6  26823.088    213 54072.176    54219.691    55078.353
932  mtMAM+R5      28408.382    191 57198.765    57313.365    58101.017
933  mtMAM+R6      28401.673    193 57189.346    57306.719    58101.045
940  mtMAM+I+R4    28435.750    190 57251.500    57364.730    58149.029
941  mtMAM+I+R5    28409.965    192 57203.930    57319.911    58110.906
942  mtMAM+I+R6    28403.684    194 57195.368    57314.143    58111.791
954  mtMAM+F+R5    27469.398    210 55358.795    55501.501    56350.800
955  mtMAM+F+R6    27458.376    212 55340.752    55486.652    56342.205
962  mtMAM+F+I+R4  27480.414    209 55378.827    55519.953    56366.108
963  mtMAM+F+I+R5  27466.361    211 55354.723    55499.019    56351.451
964  mtMAM+F+I+R6  27458.262    213 55342.525    55490.040    56348.701
WARNING: Normalizing state frequencies so that sum of them equals to 1
976  FLAVI+R5      27725.412    191 55832.823    55947.423    56735.075
WARNING: Normalizing state frequencies so that sum of them equals to 1
977  FLAVI+R6      27715.818    193 55817.637    55935.010    56729.336
WARNING: Normalizing state frequencies so that sum of them equals to 1
984  FLAVI+I+R4    27725.036    190 55830.071    55943.301    56727.600
WARNING: Normalizing state frequencies so that sum of them equals to 1
985  FLAVI+I+R5    27711.413    192 55806.827    55922.808    56713.803
WARNING: Normalizing state frequencies so that sum of them equals to 1
986  FLAVI+I+R6    27707.772    194 55803.543    55922.319    56719.967
WARNING: Normalizing state frequencies so that sum of them equals to 1
998  FLAVI+F+R5    27557.057    210 55534.115    55676.820    56526.120
WARNING: Normalizing state frequencies so that sum of them equals to 1
999  FLAVI+F+R6    27541.707    212 55507.413    55653.313    56508.866
WARNING: Normalizing state frequencies so that sum of them equals to 1
1006  FLAVI+F+I+R4  27555.976    209 55529.952    55671.077    56517.233
WARNING: Normalizing state frequencies so that sum of them equals to 1
1007  FLAVI+F+I+R5  27538.182    211 55498.363    55642.660    56495.092
WARNING: Normalizing state frequencies so that sum of them equals to 1
1008  FLAVI+F+I+R6  27534.797    213 55495.594    55643.108    56501.770
1020  HIVb+R5       27193.470    191 54768.940    54883.540    55671.192
1021  HIVb+R6       27188.049    193 54762.098    54879.471    55673.798
1028  HIVb+I+R4     27203.852    190 54787.705    54900.934    55685.233
1029  HIVb+I+R5     27184.352    192 54752.704    54868.686    55659.680
1030  HIVb+I+R6     27182.433    194 54752.867    54871.642    55669.290
1042  HIVb+F+R5     27038.923    210 54497.847    54640.552    55489.852
1043  HIVb+F+R6     27033.239    212 54490.479    54636.379    55491.931
1050  HIVb+F+I+R4   27047.259    209 54512.518    54653.643    55499.799
1051  HIVb+F+I+R5   27030.713    211 54483.426    54627.723    55480.154
1052  HIVb+F+I+R6   27028.601    213 54483.201    54630.716    55489.377
1064  HIVw+R5       28249.509    191 56881.017    56995.617    57783.269
1065  HIVw+R6       28241.963    193 56869.926    56987.299    57781.626
1072  HIVw+I+R4     28256.214    190 56892.429    57005.658    57789.957
1073  HIVw+I+R5     28240.366    192 56864.733    56980.714    57771.709
1074  HIVw+I+R6     28235.734    194 56859.468    56978.243    57775.891
1086  HIVw+F+R5     27813.001    210 56046.003    56188.708    57038.008
1087  HIVw+F+R6     27802.583    212 56029.165    56175.065    57030.618
1094  HIVw+F+I+R4   27812.534    209 56043.067    56184.193    57030.348
1095  HIVw+F+I+R5   27802.175    211 56026.350    56170.646    57023.078
1096  HIVw+F+I+R6   27796.998    213 56019.997    56167.512    57026.173
1108  FLU+R5        27271.870    191 54925.739    55040.339    55827.991
1109  FLU+R6        27262.070    193 54910.141    55027.514    55821.840
1116  FLU+I+R4      27275.118    190 54930.236    55043.465    55827.764
1117  FLU+I+R5      27263.671    192 54911.343    55027.324    55818.318
1118  FLU+I+R6      27256.355    194 54900.709    55019.485    55817.133
1130  FLU+F+R5      27120.672    210 54661.345    54804.050    55653.350
1131  FLU+F+R6      27115.083    212 54654.167    54800.067    55655.619
1138  FLU+F+I+R4    27127.887    209 54673.773    54814.899    55661.054
1139  FLU+F+I+R5    27111.294    211 54644.587    54788.884    55641.316
1140  FLU+F+I+R6    27107.488    213 54640.977    54788.491    55647.153
1152  rtREV+R5      26948.088    191 54278.177    54392.777    55180.429
1153  rtREV+R6      26938.498    193 54262.996    54380.369    55174.696
1160  rtREV+I+R4    26951.684    190 54283.368    54396.597    55180.896
1161  rtREV+I+R5    26944.058    192 54272.115    54388.097    55179.091
1162  rtREV+I+R6    26935.619    194 54259.238    54378.014    55175.662
1174  rtREV+F+R5    26815.795    210 54051.589    54194.295    55043.594
1175  rtREV+F+R6    26806.908    212 54037.816    54183.716    55039.268
1182  rtREV+F+I+R4  26819.608    209 54057.215    54198.340    55044.496
1183  rtREV+F+I+R5  26810.981    211 54043.962    54188.259    55040.691
1184  rtREV+F+I+R6  26803.306    213 54032.612    54180.127    55038.788
1196  cpREV+R5      26900.044    191 54182.088    54296.688    55084.340
1197  cpREV+R6      26893.008    193 54172.015    54289.389    55083.715
1204  cpREV+I+R4    26897.812    190 54175.623    54288.852    55073.151
1205  cpREV+I+R5    26891.995    192 54167.991    54283.972    55074.967
1218  cpREV+F+R5    26888.484    210 54196.968    54339.673    55188.973
1219  cpREV+F+R6    26881.985    212 54187.971    54333.871    55189.423
1226  cpREV+F+I+R4  26885.105    209 54188.209    54329.335    55175.490
1227  cpREV+F+I+R5  26879.410    211 54180.820    54325.117    55177.549
Akaike Information Criterion:           Q.pfam+F+I+R6
Corrected Akaike Information Criterion: Q.pfam+I+R6
Bayesian Information Criterion:         Q.pfam+I+R5
Best-fit model: Q.pfam+I+R5 chosen according to BIC

All model information printed to tree/Animalia_AKRs.model.gz
CPU time for ModelFinder: 3270.563 seconds (0h:54m:30s)
Wall-clock time for ModelFinder: 3272.477 seconds (0h:54m:32s)
WARNING: Normalizing state frequencies so that sum of them equals to 1

NOTE: 49 MB RAM (0 GB) is required!
Estimate model parameters (epsilon = 0.100)
1. Initial log-likelihood: -26630.977
Optimal log-likelihood: -26630.919
Proportion of invariable sites: 0.013
Site proportion and rates:  (0.138,0.159) (0.289,0.389) (0.265,0.763) (0.208,1.519) (0.088,3.970)
Parameters optimization took 1 rounds (1.820 sec)
Wrote distance file to... 
Computing ML distances based on estimated model parameters...
Calculating distance matrix: done in 0.965477 secs using 99.96% CPU
Computing ML distances took 0.965689 sec (of wall-clock time) 0.965280 sec (of CPU time)
Setting up auxiliary I and S matrices: done in 0.000148699 secs using 99.53% CPU
Constructing RapidNJ tree: done in 0.000643397 secs using 99.94% CPU
Computing RapidNJ tree took 0.000870 sec (of wall-clock time) 0.000871 sec (of CPU time)
Log-likelihood of RapidNJ tree: -26777.770
--------------------------------------------------------------------
|             INITIALIZING CANDIDATE TREE SET                      |
--------------------------------------------------------------------
Generating 98 parsimony trees... 2.328 second
Computing log-likelihood of 98 initial trees ... 17.472 seconds
Current best score: -26630.919

Do NNI search on 20 best initial trees
Optimizing NNI: done in 0.769449 secs using 100% CPU
Estimate model parameters (epsilon = 0.100)
BETTER TREE FOUND at iteration 1: -26630.873
Optimizing NNI: done in 2.74365 secs using 99.27% CPU
Optimizing NNI: done in 3.96455 secs using 100% CPU
Estimate model parameters (epsilon = 0.100)
BETTER TREE FOUND at iteration 3: -26620.375
Optimizing NNI: done in 4.19692 secs using 100% CPU
Estimate model parameters (epsilon = 0.100)
UPDATE BEST LOG-LIKELIHOOD: -26620.194
Optimizing NNI: done in 4.2578 secs using 99.77% CPU
UPDATE BEST LOG-LIKELIHOOD: -26620.188
Optimizing NNI: done in 4.19026 secs using 100% CPU
UPDATE BEST LOG-LIKELIHOOD: -26620.187
Optimizing NNI: done in 4.12122 secs using 100% CPU
Optimizing NNI: done in 4.33556 secs using 100% CPU
Optimizing NNI: done in 4.22791 secs using 99.76% CPU
Optimizing NNI: done in 4.08726 secs using 100% CPU
Estimate model parameters (epsilon = 0.100)
BETTER TREE FOUND at iteration 10: -26616.901
Iteration 10 / LogL: -26616.901 / Time: 0h:1m:14s
Optimizing NNI: done in 4.20371 secs using 100% CPU
Optimizing NNI: done in 4.1225 secs using 100% CPU
Estimate model parameters (epsilon = 0.100)
BETTER TREE FOUND at iteration 12: -26616.783
Optimizing NNI: done in 4.33691 secs using 99.54% CPU
Optimizing NNI: done in 4.05459 secs using 100% CPU
Optimizing NNI: done in 4.06699 secs using 100% CPU
Optimizing NNI: done in 4.21538 secs using 100% CPU
Optimizing NNI: done in 4.65846 secs using 100% CPU
Optimizing NNI: done in 4.11745 secs using 100% CPU
Optimizing NNI: done in 4.09486 secs using 100% CPU
Optimizing NNI: done in 4.029 secs using 99.75% CPU
Iteration 20 / LogL: -26620.805 / Time: 0h:1m:58s
Finish initializing candidate tree set (9)
Current best tree score: -26616.783 / CPU time: 113.251
Number of iterations: 20
--------------------------------------------------------------------
|               OPTIMIZING CANDIDATE TREE SET                      |
--------------------------------------------------------------------
Optimizing NNI: done in 3.454 secs using 100% CPU
Optimizing NNI: done in 3.48368 secs using 100% CPU
Optimizing NNI: done in 4.74633 secs using 100% CPU
Optimizing NNI: done in 7.02919 secs using 100% CPU
Optimizing NNI: done in 4.26331 secs using 100% CPU
Optimizing NNI: done in 4.31227 secs using 100% CPU
Estimate model parameters (epsilon = 0.100)
BETTER TREE FOUND at iteration 26: -26614.810
Optimizing NNI: done in 3.21707 secs using 100% CPU
Optimizing NNI: done in 3.23906 secs using 100% CPU
Optimizing NNI: done in 3.62069 secs using 100% CPU
Optimizing NNI: done in 3.70494 secs using 100% CPU
Estimate model parameters (epsilon = 0.100)
BETTER TREE FOUND at iteration 30: -26613.126
Iteration 30 / LogL: -26613.126 / Time: 0h:2m:43s (0h:9m:23s left)
Optimizing NNI: done in 3.41736 secs using 100% CPU
Optimizing NNI: done in 4.25879 secs using 99.77% CPU
Optimizing NNI: done in 3.12122 secs using 100% CPU
Optimizing NNI: done in 3.93157 secs using 100% CPU
Optimizing NNI: done in 3.07929 secs using 100% CPU
Optimizing NNI: done in 5.36972 secs using 100% CPU
Optimizing NNI: done in 3.46837 secs using 99.71% CPU
Optimizing NNI: done in 3.84307 secs using 100% CPU
Optimizing NNI: done in 6.30555 secs using 99.84% CPU
Optimizing NNI: done in 4.05824 secs using 100% CPU
Iteration 40 / LogL: -26616.412 / Time: 0h:3m:24s (0h:7m:52s left)
Optimizing NNI: done in 4.23741 secs using 100% CPU
Optimizing NNI: done in 4.16281 secs using 100% CPU
Optimizing NNI: done in 4.53738 secs using 100% CPU
Optimizing NNI: done in 3.12703 secs using 100% CPU
Optimizing NNI: done in 8.18435 secs using 99.88% CPU
Optimizing NNI: done in 4.66314 secs using 100% CPU
Optimizing NNI: done in 3.54078 secs using 100% CPU
Optimizing NNI: done in 4.21073 secs using 100% CPU
Optimizing NNI: done in 4.50706 secs using 100% CPU
Optimizing NNI: done in 4.06954 secs using 100% CPU
Iteration 50 / LogL: -26613.822 / Time: 0h:4m:10s (0h:6m:48s left)
Optimizing NNI: done in 4.36685 secs using 99.77% CPU
Optimizing NNI: done in 3.50669 secs using 100% CPU
Optimizing NNI: done in 5.06307 secs using 99.61% CPU
Optimizing NNI: done in 4.27724 secs using 99.77% CPU
Optimizing NNI: done in 3.69791 secs using 100% CPU
Optimizing NNI: done in 3.73339 secs using 100% CPU
Optimizing NNI: done in 3.59038 secs using 100% CPU
Optimizing NNI: done in 4.0034 secs using 100% CPU
Optimizing NNI: done in 3.11791 secs using 99.68% CPU
Optimizing NNI: done in 3.85331 secs using 100% CPU
Iteration 60 / LogL: -26615.119 / Time: 0h:4m:49s (0h:5m:43s left)
Optimizing NNI: done in 3.78329 secs using 99.74% CPU
Optimizing NNI: done in 4.09318 secs using 99.76% CPU
Optimizing NNI: done in 3.69802 secs using 99.73% CPU
Optimizing NNI: done in 4.40154 secs using 100% CPU
Optimizing NNI: done in 4.39519 secs using 100% CPU
Optimizing NNI: done in 3.83508 secs using 100% CPU
Optimizing NNI: done in 4.56235 secs using 99.78% CPU
Optimizing NNI: done in 4.24308 secs using 100% CPU
Optimizing NNI: done in 4.32214 secs using 100% CPU
Optimizing NNI: done in 4.10057 secs using 99.51% CPU
Iteration 70 / LogL: -26613.299 / Time: 0h:5m:31s (0h:4m:48s left)
Optimizing NNI: done in 5.889 secs using 100% CPU
Optimizing NNI: done in 4.60881 secs using 100% CPU
Optimizing NNI: done in 3.85728 secs using 99.74% CPU
Optimizing NNI: done in 3.59065 secs using 100% CPU
Optimizing NNI: done in 4.85199 secs using 100% CPU
Optimizing NNI: done in 3.60032 secs using 99.72% CPU
Optimizing NNI: done in 4.31576 secs using 100% CPU
Optimizing NNI: done in 4.09827 secs using 100% CPU
Estimate model parameters (epsilon = 0.100)
UPDATE BEST LOG-LIKELIHOOD: -26613.071
Optimizing NNI: done in 4.1158 secs using 100% CPU
Optimizing NNI: done in 3.98196 secs using 100% CPU
Iteration 80 / LogL: -26616.211 / Time: 0h:6m:16s (0h:3m:58s left)
Optimizing NNI: done in 5.43865 secs using 99.82% CPU
Optimizing NNI: done in 4.73088 secs using 100% CPU
Optimizing NNI: done in 4.61118 secs using 100% CPU
Optimizing NNI: done in 3.24519 secs using 100% CPU
Optimizing NNI: done in 5.29527 secs using 100% CPU
Optimizing NNI: done in 3.88664 secs using 99.74% CPU
Optimizing NNI: done in 3.44767 secs using 99.42% CPU
Optimizing NNI: done in 7.22995 secs using 100% CPU
Optimizing NNI: done in 5.25069 secs using 100% CPU
Optimizing NNI: done in 3.91835 secs using 99.75% CPU
Iteration 90 / LogL: -26613.740 / Time: 0h:7m:4s (0h:3m:10s left)
Optimizing NNI: done in 4.34926 secs using 100% CPU
Optimizing NNI: done in 5.08023 secs using 100% CPU
Optimizing NNI: done in 4.57012 secs using 100% CPU
Optimizing NNI: done in 4.19236 secs using 100% CPU
Optimizing NNI: done in 4.6543 secs using 99.79% CPU
Optimizing NNI: done in 3.86181 secs using 100% CPU
Optimizing NNI: done in 4.51651 secs using 99.78% CPU
Optimizing NNI: done in 4.21642 secs using 100% CPU
Optimizing NNI: done in 4.07928 secs using 100% CPU
Optimizing NNI: done in 4.19805 secs using 99.76% CPU
Iteration 100 / LogL: -26614.902 / Time: 0h:7m:48s (0h:2m:21s left)
Optimizing NNI: done in 2.74392 secs using 100% CPU
Optimizing NNI: done in 4.4944 secs using 100% CPU
Optimizing NNI: done in 4.16615 secs using 100% CPU
Optimizing NNI: done in 5.39475 secs using 100% CPU
Optimizing NNI: done in 4.62893 secs using 99.57% CPU
Optimizing NNI: done in 4.26559 secs using 100% CPU
Optimizing NNI: done in 3.81311 secs using 100% CPU
Optimizing NNI: done in 5.61283 secs using 100% CPU
Optimizing NNI: done in 3.92103 secs using 99.75% CPU
Optimizing NNI: done in 3.51926 secs using 99.72% CPU
Iteration 110 / LogL: -26613.172 / Time: 0h:8m:31s (0h:1m:33s left)
Optimizing NNI: done in 3.43157 secs using 99.71% CPU
Optimizing NNI: done in 6.27515 secs using 99.68% CPU
Optimizing NNI: done in 4.73413 secs using 100% CPU
Optimizing NNI: done in 3.87186 secs using 100% CPU
Optimizing NNI: done in 4.51793 secs using 100% CPU
Optimizing NNI: done in 3.85134 secs using 100% CPU
Optimizing NNI: done in 4.80693 secs using 100% CPU
Optimizing NNI: done in 2.82335 secs using 100% CPU
Optimizing NNI: done in 3.16957 secs using 100% CPU
Optimizing NNI: done in 3.25198 secs using 99.69% CPU
Iteration 120 / LogL: -26614.860 / Time: 0h:9m:12s (0h:0m:46s left)
Optimizing NNI: done in 3.30788 secs using 100% CPU
Optimizing NNI: done in 3.81893 secs using 99.74% CPU
Optimizing NNI: done in 5.28123 secs using 99.81% CPU
Optimizing NNI: done in 4.22399 secs using 100% CPU
Optimizing NNI: done in 3.86038 secs using 100% CPU
Optimizing NNI: done in 4.88598 secs using 100% CPU
Optimizing NNI: done in 4.04879 secs using 100% CPU
Optimizing NNI: done in 4.2831 secs using 100% CPU
Optimizing NNI: done in 3.9578 secs using 100% CPU
Optimizing NNI: done in 3.40843 secs using 100% CPU
Iteration 130 / LogL: -26613.304 / Time: 0h:9m:53s (0h:0m:0s left)
Optimizing NNI: done in 4.51748 secs using 100% CPU
TREE SEARCH COMPLETED AFTER 131 ITERATIONS / Time: 0h:9m:58s

--------------------------------------------------------------------
|                    FINALIZING TREE SEARCH                        |
--------------------------------------------------------------------
Performs final model parameters optimization
Estimate model parameters (epsilon = 0.010)
1. Initial log-likelihood: -26613.071
2. Current log-likelihood: -26613.055
3. Current log-likelihood: -26613.043
4. Current log-likelihood: -26613.031
5. Current log-likelihood: -26613.021
Optimal log-likelihood: -26613.007
Proportion of invariable sites: 0.012
Site proportion and rates:  (0.110,0.144) (0.256,0.355) (0.281,0.691) (0.237,1.407) (0.104,3.505)
Parameters optimization took 5 rounds (8.329 sec)
BEST SCORE FOUND : -26613.007
Total tree length: 35.190

Total number of iterations: 131
CPU time used for tree search: 592.929 sec (0h:9m:52s)
Wall-clock time used for tree search: 593.377 sec (0h:9m:53s)
Total CPU time used: 606.230 sec (0h:10m:6s)
Total wall-clock time used: 606.695 sec (0h:10m:6s)

Analysis results written to: 
  IQ-TREE report:                tree/Animalia_AKRs.iqtree
  Maximum-likelihood tree:       tree/Animalia_AKRs.treefile
  Likelihood distances:          tree/Animalia_AKRs.mldist
  Screen log file:               tree/Animalia_AKRs.log

Date and Time: Wed Nov  1 01:48:42 2023
