IQ-TREE multicore version 2.2.0.3 COVID-edition for Linux 64-bit built May 11 2022
Developed by Bui Quang Minh, James Barbetti, Nguyen Lam Tung,
Olga Chernomor, Heiko Schmidt, Dominik Schrempf, Michael Woodhams, Ly Trong Nhan.

Host:    H1 (AVX2, FMA3, 31 GB RAM)
Command: iqtree -s msa/Insecta_AKRs.aln --prefix tree/Insecta_AKRs
Seed:    100501 (Using SPRNG - Scalable Parallel Random Number Generator)
Time:    Mon Oct 30 03:55:30 2023
Kernel:  AVX+FMA - 1 threads (16 CPU cores detected)

HINT: Use -nt option to specify number of threads because your CPU has 16 cores!
HINT: -nt AUTO will automatically determine the best number of threads to use.

Reading alignment file msa/Insecta_AKRs.aln ... Fasta format detected
Reading fasta file: done in 7.6988e-05 secs using 98.72% CPU
Alignment most likely contains protein sequences
Constructing alignment: done in 0.000194131 secs using 99.42% CPU
Alignment has 10 sequences with 626 columns, 420 distinct patterns
204 parsimony-informative, 149 singleton sites, 273 constant sites
                                  Gap/Ambiguity  Composition  p-value
Analyzing sequences: done in 5.848e-06 secs using 85.5% CPU
   1  AKR1H1|AFV36370.1|Reticulitermes   46.49%    passed     75.35%
   2  AKR1I1|5KET_A|Coptotermes          45.69%    passed     91.77%
   3  AKR2E1|CAB41997.1|Spodoptera       44.89%    passed     44.15%
   4  AKR2E2|AAL73387.1|Trichoplusia     50.80%    passed     94.39%
   5  AKR2E3|AAD38635.1|Drosophila       49.52%    passed     21.33%
   6  AKR2E4|BAL70378.1|Bombyx           50.80%    passed     61.98%
   7  AKR2E5|BAR91212.1|Bombyx           43.61%    passed     89.67%
   8  AKR2E6|BBD35022.1|Bombyx           45.69%    passed     95.13%
   9  AKR2E7|BCN86447.1|Bombyx           47.12%    passed     94.47%
  10  AKR6B1|AAC46631.1|Drosophila       12.78%    failed      0.00%
WARNING: 2 sequences contain more than 50% gaps/ambiguity
****  TOTAL                              43.74%  1 sequences failed composition chi2 test (p-value<5%; df=19)
Checking for duplicate sequences: done in 1.2858e-05 secs using 101.1% CPU


Create initial parsimony tree by phylogenetic likelihood library (PLL)... 0.000 seconds
Perform fast likelihood tree search using LG+I+G model...
Estimate model parameters (epsilon = 5.000)
Perform nearest neighbor interchange...
Optimizing NNI: done in 0.0762275 secs using 99.82% CPU
Estimate model parameters (epsilon = 1.000)
1. Initial log-likelihood: -7232.308
2. Current log-likelihood: -7230.989
Optimal log-likelihood: -7230.348
Proportion of invariable sites: 0.048
Gamma shape alpha: 1.673
Parameters optimization took 2 rounds (0.030 sec)
Time for fast ML tree search: 0.187 seconds

NOTE: ModelFinder requires 6 MB RAM!
ModelFinder will test up to 1232 protein models (sample size: 626) ...
 No. Model         -LnL         df  AIC          AICc         BIC
  1  LG            7361.588     17  14757.176    14758.182    14832.645
  2  LG+I          7318.082     18  14672.165    14673.292    14752.073
  3  LG+G4         7230.828     18  14497.656    14498.783    14577.564
  4  LG+I+G4       7229.659     19  14497.317    14498.571    14581.665
  5  LG+R2         7235.237     19  14508.475    14509.729    14592.822
  6  LG+R3         7229.422     21  14500.843    14502.373    14594.070
 14  LG+I+I+R2     7232.708     20  14505.416    14506.805    14594.203
 15  LG+I+I+R3     7228.603     22  14501.206    14502.884    14598.871
 25  LG+F+G4       7218.944     37  14511.887    14516.670    14676.143
 26  LG+F+I+G4     7217.761     38  14511.523    14516.572    14680.218
 47  WAG+G4        7248.619     18  14533.238    14534.365    14613.146
 48  WAG+I+G4      7245.884     19  14529.767    14531.021    14614.115
 69  WAG+F+G4      7239.384     37  14552.768    14557.550    14717.024
 70  WAG+F+I+G4    7236.450     38  14548.899    14553.949    14717.594
 91  JTT+G4        7305.059     18  14646.118    14647.245    14726.026
 92  JTT+I+G4      7303.393     19  14644.787    14646.041    14729.134
113  JTT+F+G4      7294.460     37  14662.919    14667.702    14827.175
114  JTT+F+I+G4    7292.708     38  14661.417    14666.466    14830.112
WARNING: Normalizing state frequencies so that sum of them equals to 1
135  Q.pfam+G4     7234.530     18  14505.060    14506.187    14584.969
WARNING: Normalizing state frequencies so that sum of them equals to 1
136  Q.pfam+I+G4   7233.027     19  14504.054    14505.308    14588.402
WARNING: Normalizing state frequencies so that sum of them equals to 1
157  Q.pfam+F+G4   7221.706     37  14517.412    14522.194    14681.668
WARNING: Normalizing state frequencies so that sum of them equals to 1
158  Q.pfam+F+I+G4 7220.220     38  14516.440    14521.490    14685.136
WARNING: Normalizing state frequencies so that sum of them equals to 1
179  Q.bird+G4     7412.575     18  14861.150    14862.277    14941.058
WARNING: Normalizing state frequencies so that sum of them equals to 1
180  Q.bird+I+G4   7410.689     19  14859.377    14860.631    14943.725
WARNING: Normalizing state frequencies so that sum of them equals to 1
201  Q.bird+F+G4   7384.289     37  14842.577    14847.359    15006.833
WARNING: Normalizing state frequencies so that sum of them equals to 1
202  Q.bird+F+I+G4 7382.626     38  14841.251    14846.301    15009.947
WARNING: Normalizing state frequencies so that sum of them equals to 1
223  Q.mammal+G4   7388.376     18  14812.751    14813.878    14892.659
WARNING: Normalizing state frequencies so that sum of them equals to 1
224  Q.mammal+I+G4 7386.904     19  14811.808    14813.062    14896.155
WARNING: Normalizing state frequencies so that sum of them equals to 1
245  Q.mammal+F+G4 7351.484     37  14776.967    14781.750    14941.223
WARNING: Normalizing state frequencies so that sum of them equals to 1
246  Q.mammal+F+I+G4 7350.166     38  14776.332    14781.381    14945.027
267  Q.insect+G4   7294.788     18  14625.576    14626.703    14705.484
268  Q.insect+I+G4 7293.580     19  14625.159    14626.413    14709.507
289  Q.insect+F+G4 7265.343     37  14604.686    14609.468    14768.942
290  Q.insect+F+I+G4 7264.152     38  14604.304    14609.353    14772.999
WARNING: Normalizing state frequencies so that sum of them equals to 1
311  Q.plant+G4    7314.691     18  14665.383    14666.509    14745.291
WARNING: Normalizing state frequencies so that sum of them equals to 1
312  Q.plant+I+G4  7313.641     19  14665.283    14666.537    14749.630
WARNING: Normalizing state frequencies so that sum of them equals to 1
333  Q.plant+F+G4  7291.571     37  14657.141    14661.924    14821.397
WARNING: Normalizing state frequencies so that sum of them equals to 1
334  Q.plant+F+I+G4 7290.292     38  14656.584    14661.633    14825.279
WARNING: Normalizing state frequencies so that sum of them equals to 1
355  Q.yeast+G4    7274.330     18  14584.660    14585.787    14664.569
WARNING: Normalizing state frequencies so that sum of them equals to 1
356  Q.yeast+I+G4  7272.843     19  14583.687    14584.941    14668.034
WARNING: Normalizing state frequencies so that sum of them equals to 1
377  Q.yeast+F+G4  7239.096     37  14552.192    14556.975    14716.448
WARNING: Normalizing state frequencies so that sum of them equals to 1
378  Q.yeast+F+I+G4 7237.736     38  14551.471    14556.521    14720.167
399  JTTDCMut+G4   7302.404     18  14640.808    14641.934    14720.716
400  JTTDCMut+I+G4 7300.780     19  14639.561    14640.815    14723.909
421  JTTDCMut+F+G4 7292.313     37  14658.626    14663.408    14822.882
422  JTTDCMut+F+I+G4 7290.648     38  14657.296    14662.345    14825.991
443  DCMut+G4      7348.438     18  14732.875    14734.002    14812.784
444  DCMut+I+G4    7346.121     19  14730.242    14731.496    14814.590
465  DCMut+F+G4    7314.433     37  14702.866    14707.649    14867.122
466  DCMut+F+I+G4  7311.714     38  14699.427    14704.477    14868.122
487  VT+G4         7263.841     18  14563.683    14564.810    14643.591
488  VT+I+G4       7260.897     19  14559.794    14561.049    14644.142
509  VT+F+G4       7261.893     37  14597.787    14602.569    14762.043
510  VT+F+I+G4     7258.896     38  14593.792    14598.841    14762.487
531  PMB+G4        7304.700     18  14645.399    14646.526    14725.307
532  PMB+I+G4      7302.122     19  14642.244    14643.498    14726.591
553  PMB+F+G4      7282.066     37  14638.133    14642.915    14802.389
554  PMB+F+I+G4    7279.179     38  14634.358    14639.407    14803.053
575  Blosum62+G4   7288.356     18  14612.712    14613.839    14692.621
576  Blosum62+I+G4 7285.715     19  14609.429    14610.684    14693.777
597  Blosum62+F+G4 7270.919     37  14615.838    14620.620    14780.094
598  Blosum62+F+I+G4 7267.990     38  14611.979    14617.029    14780.675
619  Dayhoff+G4    7348.470     18  14732.941    14734.068    14812.849
620  Dayhoff+I+G4  7346.174     19  14730.348    14731.602    14814.696
641  Dayhoff+F+G4  7314.473     37  14702.947    14707.729    14867.203
642  Dayhoff+F+I+G4 7311.766     38  14699.532    14704.581    14868.227
663  mtREV+G4      7635.722     18  15307.444    15308.571    15387.353
664  mtREV+I+G4    7635.203     19  15308.406    15309.660    15392.754
685  mtREV+F+G4    7333.905     37  14741.810    14746.593    14906.066
686  mtREV+F+I+G4  7333.104     38  14742.208    14747.257    14910.903
707  mtART+G4      7680.783     18  15397.565    15398.692    15477.474
708  mtART+I+G4    7680.302     19  15398.604    15399.858    15482.951
729  mtART+F+G4    7345.030     37  14764.059    14768.841    14928.315
730  mtART+F+I+G4  7345.058     38  14766.116    14771.166    14934.811
751  mtZOA+G4      7567.591     18  15171.181    15172.308    15251.090
752  mtZOA+I+G4    7567.539     19  15173.079    15174.333    15257.427
773  mtZOA+F+G4    7303.068     37  14680.137    14684.919    14844.393
774  mtZOA+F+I+G4  7303.268     38  14682.536    14687.585    14851.231
795  mtMet+G4      7669.912     18  15375.824    15376.951    15455.732
796  mtMet+I+G4    7669.918     19  15377.837    15379.091    15462.184
817  mtMet+F+G4    7336.524     37  14747.049    14751.831    14911.305
818  mtMet+F+I+G4  7336.318     38  14748.635    14753.685    14917.330
839  mtVer+G4      7689.167     18  15414.334    15415.461    15494.242
840  mtVer+I+G4    7689.306     19  15416.612    15417.867    15500.960
861  mtVer+F+G4    7386.928     37  14847.856    14852.639    15012.112
862  mtVer+F+I+G4  7386.819     38  14849.637    14854.686    15018.332
883  mtInv+G4      7745.944     18  15527.889    15529.015    15607.797
884  mtInv+I+G4    7745.685     19  15529.371    15530.625    15613.719
905  mtInv+F+G4    7308.775     37  14691.550    14696.332    14855.806
906  mtInv+F+I+G4  7308.292     38  14692.584    14697.633    14861.279
927  mtMAM+G4      7736.483     18  15508.965    15510.092    15588.873
928  mtMAM+I+G4    7736.261     19  15510.523    15511.777    15594.870
949  mtMAM+F+G4    7423.942     37  14921.885    14926.667    15086.141
950  mtMAM+F+I+G4  7423.699     38  14923.397    14928.447    15092.093
WARNING: Normalizing state frequencies so that sum of them equals to 1
971  FLAVI+G4      7545.239     18  15126.477    15127.604    15206.385
WARNING: Normalizing state frequencies so that sum of them equals to 1
972  FLAVI+I+G4    7544.856     19  15127.713    15128.967    15212.060
WARNING: Normalizing state frequencies so that sum of them equals to 1
993  FLAVI+F+G4    7472.440     37  15018.880    15023.662    15183.136
WARNING: Normalizing state frequencies so that sum of them equals to 1
994  FLAVI+F+I+G4  7471.609     38  15019.218    15024.268    15187.913
1015  HIVb+G4       7400.344     18  14836.687    14837.814    14916.595
1016  HIVb+I+G4     7398.432     19  14834.864    14836.118    14919.212
1037  HIVb+F+G4     7363.076     37  14800.152    14804.934    14964.407
1038  HIVb+F+I+G4   7361.556     38  14799.112    14804.161    14967.807
1059  HIVw+G4       7656.456     18  15348.912    15350.039    15428.820
1060  HIVw+I+G4     7652.674     19  15343.347    15344.601    15427.695
1081  HIVw+F+G4     7521.911     37  15117.822    15122.604    15282.078
1082  HIVw+F+I+G4   7518.020     38  15112.040    15117.090    15280.735
1103  FLU+G4        7393.213     18  14822.426    14823.553    14902.334
1104  FLU+I+G4      7391.499     19  14820.998    14822.252    14905.346
1125  FLU+F+G4      7346.575     37  14767.151    14771.933    14931.407
1126  FLU+F+I+G4    7344.794     38  14765.587    14770.636    14934.282
1147  rtREV+G4      7283.070     18  14602.141    14603.268    14682.049
1148  rtREV+I+G4    7281.650     19  14601.300    14602.554    14685.647
1169  rtREV+F+G4    7247.516     37  14569.032    14573.814    14733.288
1170  rtREV+F+I+G4  7246.184     38  14568.367    14573.417    14737.063
1191  cpREV+G4      7295.857     18  14627.713    14628.840    14707.622
1192  cpREV+I+G4    7294.567     19  14627.134    14628.388    14711.481
1213  cpREV+F+G4    7270.386     37  14614.773    14619.555    14779.029
1214  cpREV+F+I+G4  7268.797     38  14613.594    14618.644    14782.290
Akaike Information Criterion:           LG+I+G4
Corrected Akaike Information Criterion: LG+I+G4
Bayesian Information Criterion:         LG+G4
Best-fit model: LG+G4 chosen according to BIC

All model information printed to tree/Insecta_AKRs.model.gz
CPU time for ModelFinder: 9.255 seconds (0h:0m:9s)
Wall-clock time for ModelFinder: 9.276 seconds (0h:0m:9s)

NOTE: 2 MB RAM (0 GB) is required!
Estimate model parameters (epsilon = 0.100)
1. Initial log-likelihood: -7230.828
Optimal log-likelihood: -7230.828
Gamma shape alpha: 1.317
Parameters optimization took 1 rounds (0.015 sec)
Wrote distance file to... 
Computing ML distances based on estimated model parameters...
Calculating distance matrix: done in 0.00593244 secs using 99.99% CPU
Computing ML distances took 0.005959 sec (of wall-clock time) 0.005960 sec (of CPU time)
Setting up auxiliary I and S matrices: done in 2.2265e-05 secs using 98.81% CPU
Constructing RapidNJ tree: done in 2.2807e-05 secs using 96.46% CPU
Computing RapidNJ tree took 0.000067 sec (of wall-clock time) 0.000067 sec (of CPU time)
Log-likelihood of RapidNJ tree: -7245.654
--------------------------------------------------------------------
|             INITIALIZING CANDIDATE TREE SET                      |
--------------------------------------------------------------------
Generating 98 parsimony trees... 0.045 second
Computing log-likelihood of 92 initial trees ... 0.443 seconds
Current best score: -7230.828

Do NNI search on 20 best initial trees
Optimizing NNI: done in 0.0359782 secs using 99.99% CPU
Estimate model parameters (epsilon = 0.100)
BETTER TREE FOUND at iteration 1: -7230.806
Optimizing NNI: done in 0.0621718 secs using 99.99% CPU
Optimizing NNI: done in 0.0708684 secs using 100% CPU
Optimizing NNI: done in 0.0808258 secs using 99.83% CPU
Optimizing NNI: done in 0.0566374 secs using 100% CPU
Optimizing NNI: done in 0.0591528 secs using 100% CPU
Optimizing NNI: done in 0.0587323 secs using 100% CPU
Optimizing NNI: done in 0.0795513 secs using 94.98% CPU
Optimizing NNI: done in 0.115115 secs using 99.99% CPU
Optimizing NNI: done in 0.0570485 secs using 100% CPU
Iteration 10 / LogL: -7230.854 / Time: 0h:0m:1s
Optimizing NNI: done in 0.0575479 secs using 99.99% CPU
Optimizing NNI: done in 0.0807461 secs using 100% CPU
Optimizing NNI: done in 0.0789778 secs using 100% CPU
Optimizing NNI: done in 0.0998203 secs using 100% CPU
Optimizing NNI: done in 0.104129 secs using 100% CPU
Optimizing NNI: done in 0.101253 secs using 96.04% CPU
Optimizing NNI: done in 0.100217 secs using 99.97% CPU
Optimizing NNI: done in 0.0769047 secs using 100% CPU
Optimizing NNI: done in 0.0787522 secs using 100% CPU
Optimizing NNI: done in 0.0742685 secs using 100% CPU
Iteration 20 / LogL: -7230.821 / Time: 0h:0m:2s
Finish initializing candidate tree set (5)
Current best tree score: -7230.806 / CPU time: 2.057
Number of iterations: 20
--------------------------------------------------------------------
|               OPTIMIZING CANDIDATE TREE SET                      |
--------------------------------------------------------------------
Optimizing NNI: done in 0.0396616 secs using 99.99% CPU
Optimizing NNI: done in 0.0583677 secs using 100% CPU
Optimizing NNI: done in 0.0995198 secs using 99.99% CPU
Optimizing NNI: done in 0.157621 secs using 99.99% CPU
Optimizing NNI: done in 0.0392989 secs using 100% CPU
Optimizing NNI: done in 0.056507 secs using 99.98% CPU
Optimizing NNI: done in 0.0802914 secs using 100% CPU
Optimizing NNI: done in 0.0609837 secs using 100% CPU
Optimizing NNI: done in 0.0626816 secs using 100% CPU
Optimizing NNI: done in 0.0765475 secs using 99.81% CPU
Iteration 30 / LogL: -7230.846 / Time: 0h:0m:2s (0h:0m:6s left)
Optimizing NNI: done in 0.0387654 secs using 99.98% CPU
Optimizing NNI: done in 0.0333278 secs using 99.96% CPU
Optimizing NNI: done in 0.0370826 secs using 99.98% CPU
Optimizing NNI: done in 0.124625 secs using 99.99% CPU
Optimizing NNI: done in 0.0682317 secs using 99.98% CPU
Optimizing NNI: done in 0.0722562 secs using 100% CPU
Optimizing NNI: done in 0.0523901 secs using 100% CPU
Optimizing NNI: done in 0.0793016 secs using 100% CPU
Optimizing NNI: done in 0.0350128 secs using 99.99% CPU
Optimizing NNI: done in 0.0395223 secs using 100% CPU
Iteration 40 / LogL: -7231.253 / Time: 0h:0m:3s (0h:0m:5s left)
Optimizing NNI: done in 0.0399486 secs using 100% CPU
Optimizing NNI: done in 0.0619825 secs using 100% CPU
Optimizing NNI: done in 0.0391072 secs using 99.99% CPU
Optimizing NNI: done in 0.0182883 secs using 99.99% CPU
Optimizing NNI: done in 0.0746537 secs using 99.99% CPU
Optimizing NNI: done in 0.0736891 secs using 99.99% CPU
Optimizing NNI: done in 0.0606357 secs using 99.97% CPU
Optimizing NNI: done in 0.0950721 secs using 100% CPU
Optimizing NNI: done in 0.0521391 secs using 100% CPU
Optimizing NNI: done in 0.0590825 secs using 100% CPU
Iteration 50 / LogL: -7230.841 / Time: 0h:0m:4s (0h:0m:4s left)
Optimizing NNI: done in 0.0550126 secs using 100% CPU
Optimizing NNI: done in 0.079484 secs using 100% CPU
Optimizing NNI: done in 0.0570847 secs using 100% CPU
Optimizing NNI: done in 0.0800375 secs using 99.99% CPU
Optimizing NNI: done in 0.0402021 secs using 99.97% CPU
Optimizing NNI: done in 0.0589334 secs using 100% CPU
Optimizing NNI: done in 0.0812246 secs using 100% CPU
Optimizing NNI: done in 0.0805285 secs using 100% CPU
Optimizing NNI: done in 0.054475 secs using 100% CPU
Optimizing NNI: done in 0.0829657 secs using 99.99% CPU
Iteration 60 / LogL: -7230.812 / Time: 0h:0m:4s (0h:0m:3s left)
Optimizing NNI: done in 0.0631591 secs using 100% CPU
Optimizing NNI: done in 0.117931 secs using 99.88% CPU
Optimizing NNI: done in 0.0602678 secs using 100% CPU
Optimizing NNI: done in 0.0813105 secs using 100% CPU
Optimizing NNI: done in 0.0401711 secs using 99.99% CPU
Optimizing NNI: done in 0.0372561 secs using 99.98% CPU
Optimizing NNI: done in 0.0780962 secs using 100% CPU
Optimizing NNI: done in 0.0720347 secs using 100% CPU
Optimizing NNI: done in 0.0360618 secs using 100% CPU
UPDATE BEST LOG-LIKELIHOOD: -7230.806
Optimizing NNI: done in 0.0579621 secs using 100% CPU
Iteration 70 / LogL: -7230.846 / Time: 0h:0m:5s (0h:0m:2s left)
Optimizing NNI: done in 0.0608241 secs using 100% CPU
Optimizing NNI: done in 0.0396687 secs using 100% CPU
Optimizing NNI: done in 0.0747716 secs using 100% CPU
Optimizing NNI: done in 0.0357483 secs using 99.99% CPU
UPDATE BEST LOG-LIKELIHOOD: -7230.806
Optimizing NNI: done in 0.04132 secs using 99.99% CPU
Optimizing NNI: done in 0.1244 secs using 99.99% CPU
Optimizing NNI: done in 0.0380261 secs using 100% CPU
Optimizing NNI: done in 0.0572963 secs using 99.97% CPU
Optimizing NNI: done in 0.0489361 secs using 99.98% CPU
Optimizing NNI: done in 0.0826783 secs using 100% CPU
Iteration 80 / LogL: -7230.817 / Time: 0h:0m:5s (0h:0m:1s left)
Optimizing NNI: done in 0.0569218 secs using 100% CPU
Optimizing NNI: done in 0.0411715 secs using 100% CPU
Optimizing NNI: done in 0.0802385 secs using 100% CPU
Optimizing NNI: done in 0.0397598 secs using 100% CPU
Optimizing NNI: done in 0.0570049 secs using 100% CPU
Optimizing NNI: done in 0.0995512 secs using 99.99% CPU
Optimizing NNI: done in 0.0610759 secs using 100% CPU
Optimizing NNI: done in 0.0777864 secs using 100% CPU
Optimizing NNI: done in 0.0470624 secs using 99.99% CPU
Optimizing NNI: done in 0.074742 secs using 100% CPU
Iteration 90 / LogL: -7230.817 / Time: 0h:0m:6s (0h:0m:0s left)
Optimizing NNI: done in 0.0400957 secs using 100% CPU
Optimizing NNI: done in 0.0371193 secs using 100% CPU
Optimizing NNI: done in 0.0386281 secs using 99.99% CPU
Optimizing NNI: done in 0.068722 secs using 99.8% CPU
Optimizing NNI: done in 0.0558815 secs using 99.98% CPU
Optimizing NNI: done in 0.0369114 secs using 99.97% CPU
Optimizing NNI: done in 0.0387304 secs using 99.97% CPU
Optimizing NNI: done in 0.0590082 secs using 99.99% CPU
Optimizing NNI: done in 0.0363008 secs using 100% CPU
Optimizing NNI: done in 0.0540267 secs using 99.99% CPU
Iteration 100 / LogL: -7230.891 / Time: 0h:0m:7s (0h:0m:0s left)
Optimizing NNI: done in 0.0575948 secs using 99.99% CPU
Optimizing NNI: done in 0.0517349 secs using 100% CPU
TREE SEARCH COMPLETED AFTER 102 ITERATIONS / Time: 0h:0m:7s

--------------------------------------------------------------------
|                    FINALIZING TREE SEARCH                        |
--------------------------------------------------------------------
Performs final model parameters optimization
Estimate model parameters (epsilon = 0.010)
1. Initial log-likelihood: -7230.806
Optimal log-likelihood: -7230.806
Gamma shape alpha: 1.319
Parameters optimization took 1 rounds (0.013 sec)
BEST SCORE FOUND : -7230.806
Total tree length: 9.310

Total number of iterations: 102
CPU time used for tree search: 7.169 sec (0h:0m:7s)
Wall-clock time used for tree search: 7.178 sec (0h:0m:7s)
Total CPU time used: 7.237 sec (0h:0m:7s)
Total wall-clock time used: 7.235 sec (0h:0m:7s)

Analysis results written to: 
  IQ-TREE report:                tree/Insecta_AKRs.iqtree
  Maximum-likelihood tree:       tree/Insecta_AKRs.treefile
  Likelihood distances:          tree/Insecta_AKRs.mldist
  Screen log file:               tree/Insecta_AKRs.log

ALISIM COMMAND
--------------
--alisim simulated_MSA -t tree/Insecta_AKRs.treefile -m "LG+G4{1.31945}" --length 626

Date and Time: Mon Oct 30 03:55:46 2023
