IQ-TREE multicore version 2.2.5 COVID-edition for Linux 64-bit built Sep 15 2023
Developed by Bui Quang Minh, James Barbetti, Nguyen Lam Tung,
Olga Chernomor, Heiko Schmidt, Dominik Schrempf, Michael Woodhams, Ly Trong Nhan.

Host:    ceb-khas-002 (AVX2, FMA3, 15 GB RAM)
Command: iqtree -s msa/Mammalia_AKRs.aln --prefix tree/Mammalia_AKRs
Seed:    13730 (Using SPRNG - Scalable Parallel Random Number Generator)
Time:    Tue Dec 19 13:52:22 2023
Kernel:  AVX+FMA - 1 threads (16 CPU cores detected)

HINT: Use -nt option to specify number of threads because your CPU has 16 cores!
HINT: -nt AUTO will automatically determine the best number of threads to use.

Reading alignment file msa/Mammalia_AKRs.aln ... Fasta format detected
Reading fasta file: done in 0.0011373 secs using 99.89% CPU
Alignment most likely contains protein sequences
Constructing alignment: done in 0.0008852 secs using 99.86% CPU
Alignment has 78 sequences with 693 columns, 546 distinct patterns
391 parsimony-informative, 65 singleton sites, 237 constant sites
                                                                    Gap/Ambiguity  Composition  p-value
Analyzing sequences: done in 0.0001653 secs using 99.82% CPU
   1  AKR1A1|NP_006057.1|Homo                                              53.10%    passed     92.72%
   2  AKR1A2|P50578.3|Sus                                                  53.10%    passed     86.06%
   3  AKR1A3|P51635.2|Rattus                                               53.10%    passed     92.77%
   4  AKR1A4|NP_067448.1|Mus                                               53.10%    passed     89.73%
   5  AKR1B1|NP_001619.1|Homo                                              54.40%    passed     99.96%
   6  AKR1B2|P15122.3|Oryctolagus|cuniculus|Animalia|Mammalia|Lagomorpha   54.40%    passed     99.63%
   7  AKR1B3|P45376.3|Mus                                                  54.40%    passed     97.25%
   8  AKR1B4|NP_036630.1|Rattus                                            54.40%    passed     98.44%
   9  AKR1B5|P16116.2|Bos                                                  54.55%    passed     82.76%
  10  AKR1B6|P80276.2|Sus                                                  54.40%    passed     98.41%
  11  AKR1B7|P21300.4|Mus                                                  54.40%    passed     93.33%
  12  AKR1B8|NP_032038.1|Mus                                               54.40%    passed     93.54%
  13  AKR1B9|AAC53199.1|Cricetulus                                         54.40%    passed     94.84%
  14  AKR1B10|NP_064695.3|Homo                                             54.40%    passed     86.87%
  15  AKR1B13|CAC80649.1|Rattus                                            54.40%    passed     90.51%
  16  AKR1B14|NP_446233.2|Rattus                                           54.40%    passed     90.16%
  17  AKR1B15|EAL24068.1|Homo                                              47.76%    passed     27.43%
  18  AKR1B18|NP_001013102.1|Rattus                                        54.40%    passed     89.50%
  19  AKR1B19|NP_001254517.1|Oryctolagus                                   54.40%    passed     77.54%
  20  AKR1C1|NP_001344.2|Homo                                              53.39%    passed     97.57%
  21  AKR1C2|NP_001345.1|Homo                                              53.39%    passed     96.74%
  22  AKR1C3|NP_003730.4|Homo                                              53.39%    passed     97.98%
  23  AKR1C4|P17516.3|Homo                                                 53.39%    passed     89.89%
  24  AKR1C5|P80508.1|Oryctolagus                                          53.39%    passed     97.57%
  25  AKR1C6|NP_085114.1|Mus                                               53.39%    passed     95.75%
  26  AKR1C7|P05980.3|Bos                                                  53.39%    passed     85.98%
  27  AKR1C8|P51652.1|Rattus                                               53.39%    passed     57.96%
  28  AKR1C9|P23457.1|Rattus                                               53.54%    passed     73.16%
  29  AKR1C11|BAA13690.1|Bos                                               53.39%    passed     96.67%
  30  AKR1C12|NP_038805.2|Mus                                              53.39%    passed     68.19%
  31  AKR1C13|NP_038806.2|Mus                                              53.39%    passed     74.32%
  32  AKR1C14|NP_598833.1|Mus                                              53.39%    passed     88.13%
  33  AKR1C15|2008147B|Rattus                                              53.39%    passed     97.47%
  34  AKR1C16|2008147A|Rattus                                              54.11%    passed     87.82%
  35  AKR1C17|2008147C|Rattus                                              53.68%    passed     86.37%
  36  AKR1C18|NP_001333464.1|Mus                                           57.14%    passed     65.57%
  37  AKR1C19|NP_001013807.2|Mus                                           53.39%    passed     97.92%
  38  AKR1C20|NP_473421.1|Mus                                              62.19%    passed     91.65%
  39  AKR1C21|NP_084177.2|Mus                                              53.39%    passed     99.74%
  40  AKR1C22|BAD02825.1|Mus                                               53.39%    passed     67.74%
  41  AKR1C23|AAY16444.1|Equus                                             53.54%    passed     99.98%
  42  AKR1C24|BAE75957.1|Rattus                                            53.39%    passed     78.38%
  43  AKR1C25|BAB63209.2|Macaca                                            53.39%    passed     72.89%
  44  AKR1C26|BAM37087.1|Oryctolagus                                       53.39%    passed     99.42%
  45  AKR1C27|BAM37088.1|Oryctolagus                                       53.39%    passed     96.77%
  46  AKR1C28|BAM37089.1|Oryctolagus                                       53.39%    passed     95.81%
  47  AKR1C29|BAN20006.1|Oryctolagus                                       53.39%    passed     99.38%
  48  AKR1C30|BAN84250.1|Oryctolagus                                       53.39%    passed     99.88%
  49  AKR1C31|BAN84251.1|Oryctolagus                                       53.39%    passed     99.76%
  50  AKR1C32|BAN84252.1|Oryctolagus                                       53.39%    passed     98.89%
  51  AKR1C33|BAN84253.1|Oryctolagus                                       53.54%    passed     97.38%
  52  AKR1C34|BAP76082.1|Mesocricetus                                      53.39%    passed     96.87%
  53  AKR1C35|BAP76083.1|Mesocricetus                                      53.39%    passed     88.47%
  54  AKR1D1|NP_005980.1|Homo                                              52.96%    passed     99.01%
  55  AKR1D2|NP_620239.2|Rattus                                            53.10%    passed     90.29%
  56  AKR1D3|BAA82867.1|Oryctolagus                                        52.96%    passed     80.45%
  57  AKR1D4|NP_663397.1|Mus                                               27.13%    failed      0.13%
  58  AKR1E1|AAB37274.1|Mus                                                56.57%    passed     64.32%
  59  AKR1E2|Q96JD6.2|Homo                                                 53.82%    passed     64.49%
  60  AKR6A1|Q27955.1|Bos                                                  47.04%    failed      4.08%
  61  AKR6A2|CAA54142.1|Rattus                                             47.04%    passed      7.49%
  62  AKR6A3||S66503|Homo                                                  42.14%    passed      6.56%
  63  AKR6A4|AAA75174.1|Mus                                                47.04%    passed     11.15%
  64  AKR6A5|AAB99859.1|Homo                                               49.06%    passed      8.14%
  65  AKR6A6|AAF65463.2|Oryctolagus                                        49.06%    passed      6.01%
  66  AKR6A7|AAD37853.1|Oryctolagus                                        42.14%    passed      7.12%
  67  AKR6A8|NP_034727.3|Mus                                               42.14%    passed      7.12%
  68  AKR6A9|NP_004723.2|Homo                                              41.70%    failed      0.02%
  69  AKR6A10a|AAC48462.1|Mustela                                          41.13%    passed     15.80%
  70  AKR6A10b|AAD37854.1|Oryctolagus                                      41.13%    passed     12.70%
  71  AKR6A12|Q63494.1|Rattus                                              41.70%    failed      0.04%
  72  AKR6A13|P63144.1|Rattus                                              42.14%    passed      6.56%
  73  AKR6A14|NP_034729.3|Mus                                              41.70%    failed      0.04%
  74  AKR7A1|P38918.2|Rattus                                               52.81%    passed     40.94%
  75  AKR7A2|NP_003680.2|Homo                                              48.20%    failed      0.27%
  76  AKR7A3|NP_036199.2|Homo                                              52.24%    failed      4.27%
  77  AKR7A4|BAA90396.1|Rattus                                             51.23%    failed      4.19%
  78  AKR7A5|BAB23073.1|Mus                                                47.19%    failed      0.11%
WARNING: 60 sequences contain more than 50% gaps/ambiguity
****  TOTAL                                                                51.47%  9 sequences failed composition chi2 test (p-value<5%; df=19)
NOTE: AKR6A13|P63144.1|Rattus is identical to AKR6A3||S66503|Homo but kept for subsequent analysis
NOTE: AKR6A8|NP_034727.3|Mus is identical to AKR6A7|AAD37853.1|Oryctolagus but kept for subsequent analysis
Checking for duplicate sequences: done in 0.0003197 secs using 100.1% CPU


Create initial parsimony tree by phylogenetic likelihood library (PLL)... 0.016 seconds
Perform fast likelihood tree search using LG+I+G model...
Estimate model parameters (epsilon = 5.000)
Perform nearest neighbor interchange...
Optimizing NNI: done in 1.35308 secs using 100% CPU
Estimate model parameters (epsilon = 1.000)
1. Initial log-likelihood: -18471.930
2. Current log-likelihood: -18470.917
Optimal log-likelihood: -18470.575
Proportion of invariable sites: 0.017
Gamma shape alpha: 1.402
Parameters optimization took 2 rounds (0.567 sec)
Time for fast ML tree search: 3.262 seconds

NOTE: ModelFinder requires 68 MB RAM!
ModelFinder will test up to 1232 protein models (sample size: 693) ...
 No. Model         -LnL         df  AIC          AICc         BIC
  1  LG            18988.632    153 38283.264    38370.692    38978.041
  2  LG+I          18938.471    154 38184.943    38273.679    38884.261
  3  LG+G4         18477.466    154 37262.932    37351.668    37962.251
  4  LG+I+G4       18470.455    155 37250.910    37340.966    37954.770
  5  LG+R2         18553.881    155 37417.762    37507.818    38121.621
  6  LG+R3         18471.728    157 37257.457    37350.189    37970.398
  7  LG+R4         18452.448    159 37222.895    37318.355    37944.919
  8  LG+R5         18446.113    161 37214.227    37312.464    37945.332
 14  LG+I+R2       18532.868    156 37377.736    37469.124    38086.137
 15  LG+I+R3       18457.902    158 37231.804    37325.894    37949.287
 16  LG+I+R4       18440.232    160 37200.465    37297.307    37927.030
 17  LG+I+R5       18439.246    162 37202.492    37302.138    37938.139
 38  LG+F+I+R4     18424.661    179 37207.323    37332.937    38020.167
 60  WAG+I+R4      18460.429    160 37240.858    37337.700    37967.422
 82  WAG+F+I+R4    18468.634    179 37295.268    37420.882    38108.112
104  JTT+I+R4      18386.836    160 37093.672    37190.514    37820.237
126  JTT+F+I+R4    18376.815    179 37111.630    37237.244    37924.474
WARNING: Normalizing state frequencies so that sum of them equals to 1
148  Q.pfam+I+R4   18437.619    160 37195.237    37292.079    37921.802
WARNING: Normalizing state frequencies so that sum of them equals to 1
170  Q.pfam+F+I+R4 18417.221    179 37192.441    37318.055    38005.286
WARNING: Normalizing state frequencies so that sum of them equals to 1
192  Q.bird+I+R4   18539.588    160 37399.177    37496.019    38125.742
WARNING: Normalizing state frequencies so that sum of them equals to 1
214  Q.bird+F+I+R4 18523.450    179 37404.901    37530.515    38217.745
WARNING: Normalizing state frequencies so that sum of them equals to 1
236  Q.mammal+I+R4 18470.604    160 37261.207    37358.049    37987.772
WARNING: Normalizing state frequencies so that sum of them equals to 1
258  Q.mammal+F+I+R4 18446.899    179 37251.799    37377.413    38064.643
280  Q.insect+I+R4 18465.178    160 37250.357    37347.199    37976.921
302  Q.insect+F+I+R4 18432.610    179 37223.219    37348.833    38036.064
WARNING: Normalizing state frequencies so that sum of them equals to 1
324  Q.plant+I+R4  18377.748    160 37075.496    37172.339    37802.061
WARNING: Normalizing state frequencies so that sum of them equals to 1
346  Q.plant+F+I+R4 18358.286    179 37074.573    37200.187    37887.417
WARNING: Normalizing state frequencies so that sum of them equals to 1
368  Q.yeast+I+R4  18533.492    160 37386.984    37483.827    38113.549
WARNING: Normalizing state frequencies so that sum of them equals to 1
390  Q.yeast+F+I+R4 18450.744    179 37259.488    37385.102    38072.332
412  JTTDCMut+I+R4 18390.453    160 37100.905    37197.747    37827.470
434  JTTDCMut+F+I+R4 18381.871    179 37121.742    37247.356    37934.586
456  DCMut+I+R4    18651.410    160 37622.819    37719.661    38349.384
478  DCMut+F+I+R4  18624.024    179 37606.047    37731.661    38418.891
500  VT+I+R4       18507.068    160 37334.136    37430.978    38060.701
522  VT+F+I+R4     18511.683    179 37381.366    37506.980    38194.211
544  PMB+I+R4      18692.662    160 37705.323    37802.165    38431.888
566  PMB+F+I+R4    18724.982    179 37807.965    37933.579    38620.809
588  Blosum62+I+R4 18702.541    160 37725.082    37821.924    38451.647
610  Blosum62+F+I+R4 18733.842    179 37825.684    37951.298    38638.528
632  Dayhoff+I+R4  18650.042    160 37620.084    37716.926    38346.648
654  Dayhoff+F+I+R4 18622.783    179 37603.566    37729.180    38416.410
676  mtREV+I+R4    19256.011    160 38832.021    38928.863    39558.586
698  mtREV+F+I+R4  18629.486    179 37616.972    37742.586    38429.816
720  mtART+I+R4    19617.834    160 39555.668    39652.510    40282.233
742  mtART+F+I+R4  18951.019    179 38260.038    38385.652    39072.882
764  mtZOA+I+R4    19138.177    160 38596.354    38693.196    39322.918
786  mtZOA+F+I+R4  18665.376    179 37688.752    37814.366    38501.596
808  mtMet+I+R4    19202.974    160 38725.948    38822.790    39452.512
830  mtMet+F+I+R4  18537.355    179 37432.711    37558.325    38245.555
852  mtVer+I+R4    19323.679    160 38967.357    39064.200    39693.922
874  mtVer+F+I+R4  18707.144    179 37772.288    37897.902    38585.132
896  mtInv+I+R4    19358.349    160 39036.698    39133.540    39763.263
918  mtInv+F+I+R4  18515.481    179 37388.962    37514.576    38201.807
940  mtMAM+I+R4    19605.917    160 39531.834    39628.677    40258.399
962  mtMAM+F+I+R4  18926.313    179 38210.625    38336.239    39023.470
WARNING: Normalizing state frequencies so that sum of them equals to 1
984  FLAVI+I+R4    19013.471    160 38346.943    38443.785    39073.507
WARNING: Normalizing state frequencies so that sum of them equals to 1
1006  FLAVI+F+I+R4  18921.628    179 38201.256    38326.871    39014.101
1028  HIVb+I+R4     18692.286    160 37704.572    37801.414    38431.137
1050  HIVb+F+I+R4   18594.454    179 37546.908    37672.522    38359.752
1072  HIVw+I+R4     19393.947    160 39107.895    39204.737    39834.460
1094  HIVw+F+I+R4   19103.766    179 38565.532    38691.146    39378.376
1116  FLU+I+R4      18776.467    160 37872.934    37969.777    38599.499
1138  FLU+F+I+R4    18671.562    179 37701.124    37826.738    38513.968
1160  rtREV+I+R4    18691.120    160 37702.240    37799.082    38428.804
1182  rtREV+F+I+R4  18590.744    179 37539.487    37665.101    38352.332
1204  cpREV+I+R4    18585.816    160 37491.632    37588.474    38218.197
1226  cpREV+F+I+R4  18591.417    179 37540.833    37666.448    38353.678
Akaike Information Criterion:           Q.plant+F+I+R4
Corrected Akaike Information Criterion: Q.plant+I+R4
Bayesian Information Criterion:         Q.plant+I+R4
Best-fit model: Q.plant+I+R4 chosen according to BIC

All model information printed to tree/Mammalia_AKRs.model.gz
CPU time for ModelFinder: 246.130 seconds (0h:4m:6s)
Wall-clock time for ModelFinder: 246.199 seconds (0h:4m:6s)
WARNING: Normalizing state frequencies so that sum of them equals to 1

NOTE: 27 MB RAM (0 GB) is required!
Estimate model parameters (epsilon = 0.100)
1. Initial log-likelihood: -18377.748
Optimal log-likelihood: -18377.643
Proportion of invariable sites: 0.016
Site proportion and rates:  (0.383,0.265) (0.325,0.739) (0.202,1.645) (0.074,4.383)
Parameters optimization took 1 rounds (0.828 sec)
Wrote distance file to... 
Computing ML distances based on estimated model parameters...
Calculating distance matrix: done in 0.629064 secs using 100% CPU
Computing ML distances took 0.629218 sec (of wall-clock time) 0.629215 sec (of CPU time)
Setting up auxiliary I and S matrices: done in 0.0001058 secs using 99.24% CPU
Constructing RapidNJ tree: done in 0.000297099 secs using 99.97% CPU
Computing RapidNJ tree took 0.000458 sec (of wall-clock time) 0.000458 sec (of CPU time)
Log-likelihood of RapidNJ tree: -18455.868
--------------------------------------------------------------------
|             INITIALIZING CANDIDATE TREE SET                      |
--------------------------------------------------------------------
Generating 98 parsimony trees... 1.686 second
Computing log-likelihood of 98 initial trees ... 9.374 seconds
Current best score: -18377.643

Do NNI search on 20 best initial trees
Optimizing NNI: done in 0.945009 secs using 100% CPU
Estimate model parameters (epsilon = 0.100)
BETTER TREE FOUND at iteration 1: -18374.808
Optimizing NNI: done in 1.36613 secs using 100% CPU
Estimate model parameters (epsilon = 0.100)
BETTER TREE FOUND at iteration 2: -18370.105
Optimizing NNI: done in 1.76518 secs using 100% CPU
Estimate model parameters (epsilon = 0.100)
BETTER TREE FOUND at iteration 3: -18365.737
Optimizing NNI: done in 1.76074 secs using 100% CPU
Optimizing NNI: done in 1.8044 secs using 99.45% CPU
Optimizing NNI: done in 1.8661 secs using 99.46% CPU
Estimate model parameters (epsilon = 0.100)
BETTER TREE FOUND at iteration 6: -18364.753
Optimizing NNI: done in 1.77762 secs using 100% CPU
Optimizing NNI: done in 1.82978 secs using 99.45% CPU
Optimizing NNI: done in 1.86248 secs using 100% CPU
Optimizing NNI: done in 1.85402 secs using 100% CPU
Iteration 10 / LogL: -18369.009 / Time: 0h:0m:35s
Optimizing NNI: done in 1.71737 secs using 100% CPU
Optimizing NNI: done in 1.78308 secs using 100% CPU
Optimizing NNI: done in 1.69409 secs using 100% CPU
Optimizing NNI: done in 1.72667 secs using 100% CPU
Optimizing NNI: done in 1.7014 secs using 100% CPU
Optimizing NNI: done in 1.72572 secs using 100% CPU
Optimizing NNI: done in 1.63993 secs using 100% CPU
Optimizing NNI: done in 1.56772 secs using 100% CPU
Optimizing NNI: done in 1.68959 secs using 100% CPU
Optimizing NNI: done in 2.06892 secs using 100% CPU
Iteration 20 / LogL: -18368.622 / Time: 0h:0m:53s
Finish initializing candidate tree set (13)
Current best tree score: -18364.753 / CPU time: 50.515
Number of iterations: 20
--------------------------------------------------------------------
|               OPTIMIZING CANDIDATE TREE SET                      |
--------------------------------------------------------------------
Optimizing NNI: done in 2.09823 secs using 100% CPU
Optimizing NNI: done in 2.80389 secs using 100% CPU
Estimate model parameters (epsilon = 0.100)
BETTER TREE FOUND at iteration 22: -18364.061
Optimizing NNI: done in 2.05819 secs using 100% CPU
Optimizing NNI: done in 1.77884 secs using 100% CPU
Optimizing NNI: done in 2.14147 secs using 100% CPU
Optimizing NNI: done in 2.53996 secs using 100% CPU
Optimizing NNI: done in 2.13549 secs using 99.53% CPU
Optimizing NNI: done in 2.29932 secs using 99.56% CPU
Optimizing NNI: done in 2.07642 secs using 99.52% CPU
Optimizing NNI: done in 1.96968 secs using 99.49% CPU
Iteration 30 / LogL: -19054.066 / Time: 0h:1m:16s (0h:4m:2s left)
Optimizing NNI: done in 1.80121 secs using 100% CPU
Optimizing NNI: done in 2.00112 secs using 100% CPU
Optimizing NNI: done in 1.77902 secs using 100% CPU
Optimizing NNI: done in 2.43581 secs using 100% CPU
Optimizing NNI: done in 2.47907 secs using 100% CPU
Optimizing NNI: done in 2.20666 secs using 100% CPU
Estimate model parameters (epsilon = 0.100)
BETTER TREE FOUND at iteration 36: -18363.676
Optimizing NNI: done in 1.97547 secs using 100% CPU
Optimizing NNI: done in 2.02358 secs using 100% CPU
Optimizing NNI: done in 3.00306 secs using 99.67% CPU
Optimizing NNI: done in 2.6896 secs using 100% CPU
Iteration 40 / LogL: -18364.257 / Time: 0h:1m:40s (0h:4m:7s left)
Optimizing NNI: done in 2.63328 secs using 100% CPU
Optimizing NNI: done in 1.85421 secs using 100% CPU
Optimizing NNI: done in 1.88233 secs using 100% CPU
Optimizing NNI: done in 1.85194 secs using 100% CPU
Optimizing NNI: done in 1.98109 secs using 100% CPU
Estimate model parameters (epsilon = 0.100)
BETTER TREE FOUND at iteration 45: -18363.560
Optimizing NNI: done in 2.09618 secs using 100% CPU
Optimizing NNI: done in 1.99787 secs using 100% CPU
Estimate model parameters (epsilon = 0.100)
BETTER TREE FOUND at iteration 47: -18363.398
Optimizing NNI: done in 2.0587 secs using 100% CPU
Optimizing NNI: done in 1.75739 secs using 100% CPU
Optimizing NNI: done in 2.37112 secs using 100% CPU
Iteration 50 / LogL: -18364.679 / Time: 0h:2m:2s (0h:4m:2s left)
Optimizing NNI: done in 1.89026 secs using 100% CPU
Optimizing NNI: done in 2.44324 secs using 99.59% CPU
Optimizing NNI: done in 2.46031 secs using 100% CPU
Optimizing NNI: done in 2.40072 secs using 100% CPU
Optimizing NNI: done in 1.9395 secs using 100% CPU
Optimizing NNI: done in 2.38423 secs using 100% CPU
Optimizing NNI: done in 2.27322 secs using 100% CPU
Optimizing NNI: done in 2.07329 secs using 99.52% CPU
Optimizing NNI: done in 2.31916 secs using 99.57% CPU
Optimizing NNI: done in 2.69845 secs using 100% CPU
Iteration 60 / LogL: -18365.106 / Time: 0h:2m:25s (0h:3m:34s left)
Optimizing NNI: done in 1.69877 secs using 100% CPU
Optimizing NNI: done in 1.67979 secs using 100% CPU
Optimizing NNI: done in 1.82265 secs using 100% CPU
Optimizing NNI: done in 2.76233 secs using 100% CPU
Optimizing NNI: done in 2.07049 secs using 100% CPU
Optimizing NNI: done in 1.89063 secs using 99.47% CPU
Optimizing NNI: done in 2.34461 secs using 100% CPU
Optimizing NNI: done in 1.82875 secs using 100% CPU
Optimizing NNI: done in 1.75485 secs using 99.43% CPU
Optimizing NNI: done in 1.81107 secs using 100% CPU
Iteration 70 / LogL: -18367.052 / Time: 0h:2m:45s (0h:3m:4s left)
Optimizing NNI: done in 2.82341 secs using 99.65% CPU
Optimizing NNI: done in 2.40552 secs using 100% CPU
Optimizing NNI: done in 1.78541 secs using 99.44% CPU
Optimizing NNI: done in 2.02563 secs using 99.51% CPU
Optimizing NNI: done in 1.75948 secs using 100% CPU
Optimizing NNI: done in 2.1399 secs using 100% CPU
Optimizing NNI: done in 2.26915 secs using 99.56% CPU
Optimizing NNI: done in 2.68532 secs using 99.63% CPU
Optimizing NNI: done in 1.69262 secs using 100% CPU
Optimizing NNI: done in 2.17265 secs using 100% CPU
Iteration 80 / LogL: -18364.407 / Time: 0h:3m:7s (0h:2m:39s left)
Optimizing NNI: done in 1.73564 secs using 99.42% CPU
Optimizing NNI: done in 1.89999 secs using 99.47% CPU
Optimizing NNI: done in 2.01372 secs using 99.5% CPU
Optimizing NNI: done in 2.28615 secs using 100% CPU
Optimizing NNI: done in 1.9132 secs using 100% CPU
Optimizing NNI: done in 2.28774 secs using 100% CPU
Optimizing NNI: done in 2.30129 secs using 99.57% CPU
Optimizing NNI: done in 1.76483 secs using 99.43% CPU
Optimizing NNI: done in 2.05957 secs using 100% CPU
Optimizing NNI: done in 2.26656 secs using 100% CPU
Iteration 90 / LogL: -18382.492 / Time: 0h:3m:28s (0h:2m:13s left)
Optimizing NNI: done in 1.81478 secs using 100% CPU
Optimizing NNI: done in 2.24996 secs using 100% CPU
Optimizing NNI: done in 2.14844 secs using 100% CPU
Optimizing NNI: done in 2.54262 secs using 100% CPU
Optimizing NNI: done in 1.88104 secs using 100% CPU
Optimizing NNI: done in 2.06358 secs using 100% CPU
Optimizing NNI: done in 2.60546 secs using 99.62% CPU
Optimizing NNI: done in 2.23295 secs using 100% CPU
Optimizing NNI: done in 2.12892 secs using 100% CPU
Optimizing NNI: done in 2.09483 secs using 100% CPU
Iteration 100 / LogL: -18367.053 / Time: 0h:3m:50s (0h:1m:49s left)
Optimizing NNI: done in 2.01906 secs using 100% CPU
Optimizing NNI: done in 1.93272 secs using 99.48% CPU
Optimizing NNI: done in 2.03475 secs using 100% CPU
Optimizing NNI: done in 2.58862 secs using 100% CPU
Optimizing NNI: done in 2.79977 secs using 100% CPU
Optimizing NNI: done in 2.14204 secs using 100% CPU
Optimizing NNI: done in 2.11505 secs using 100% CPU
Optimizing NNI: done in 2.2457 secs using 99.55% CPU
Optimizing NNI: done in 2.07365 secs using 100% CPU
Optimizing NNI: done in 1.78425 secs using 100% CPU
Iteration 110 / LogL: -18366.239 / Time: 0h:4m:12s (0h:1m:25s left)
Optimizing NNI: done in 1.98419 secs using 100% CPU
Optimizing NNI: done in 2.36903 secs using 99.16% CPU
Optimizing NNI: done in 1.89717 secs using 98.95% CPU
Optimizing NNI: done in 1.89544 secs using 100% CPU
Optimizing NNI: done in 2.29872 secs using 99.57% CPU
Optimizing NNI: done in 2.04624 secs using 100% CPU
Optimizing NNI: done in 2.59807 secs using 100% CPU
Optimizing NNI: done in 1.96712 secs using 100% CPU
Optimizing NNI: done in 1.56476 secs using 100% CPU
Optimizing NNI: done in 2.77658 secs using 99.64% CPU
Iteration 120 / LogL: -18363.444 / Time: 0h:4m:33s (0h:1m:2s left)
Optimizing NNI: done in 2.15443 secs using 100% CPU
Optimizing NNI: done in 2.39218 secs using 100% CPU
Optimizing NNI: done in 2.29321 secs using 100% CPU
Optimizing NNI: done in 2.01035 secs using 100% CPU
Optimizing NNI: done in 2.13992 secs using 100% CPU
Optimizing NNI: done in 2.12232 secs using 100% CPU
Optimizing NNI: done in 2.8986 secs using 100% CPU
Optimizing NNI: done in 1.81987 secs using 100% CPU
Optimizing NNI: done in 2.25923 secs using 99.56% CPU
Optimizing NNI: done in 2.33392 secs using 100% CPU
Iteration 130 / LogL: -18365.105 / Time: 0h:4m:56s (0h:0m:39s left)
Optimizing NNI: done in 1.9987 secs using 100% CPU
Optimizing NNI: done in 1.90155 secs using 100% CPU
Optimizing NNI: done in 2.39983 secs using 100% CPU
Optimizing NNI: done in 2.00187 secs using 99.5% CPU
Optimizing NNI: done in 2.19127 secs using 100% CPU
Optimizing NNI: done in 2.00791 secs using 99.5% CPU
Optimizing NNI: done in 1.74103 secs using 100% CPU
Optimizing NNI: done in 1.96149 secs using 98.98% CPU
Optimizing NNI: done in 2.24637 secs using 99.55% CPU
Optimizing NNI: done in 1.9475 secs using 100% CPU
Iteration 140 / LogL: -18363.607 / Time: 0h:5m:17s (0h:0m:15s left)
Optimizing NNI: done in 1.91397 secs using 100% CPU
Optimizing NNI: done in 1.74258 secs using 100% CPU
Optimizing NNI: done in 1.88432 secs using 100% CPU
Optimizing NNI: done in 2.09656 secs using 100% CPU
Optimizing NNI: done in 2.02189 secs using 100% CPU
Optimizing NNI: done in 2.34128 secs using 99.57% CPU
Optimizing NNI: done in 1.66805 secs using 99.4% CPU
Optimizing NNI: done in 1.85193 secs using 100% CPU
TREE SEARCH COMPLETED AFTER 148 ITERATIONS / Time: 0h:5m:32s

--------------------------------------------------------------------
|                    FINALIZING TREE SEARCH                        |
--------------------------------------------------------------------
Performs final model parameters optimization
Estimate model parameters (epsilon = 0.010)
1. Initial log-likelihood: -18363.398
Optimal log-likelihood: -18363.388
Proportion of invariable sites: 0.016
Site proportion and rates:  (0.366,0.260) (0.314,0.689) (0.225,1.545) (0.079,4.293)
Parameters optimization took 1 rounds (0.788 sec)
BEST SCORE FOUND : -18363.388
Total tree length: 25.373

Total number of iterations: 148
CPU time used for tree search: 329.474 sec (0h:5m:29s)
Wall-clock time used for tree search: 329.886 sec (0h:5m:29s)
Total CPU time used: 333.145 sec (0h:5m:33s)
Total wall-clock time used: 333.565 sec (0h:5m:33s)

Analysis results written to: 
  IQ-TREE report:                tree/Mammalia_AKRs.iqtree
  Maximum-likelihood tree:       tree/Mammalia_AKRs.treefile
  Likelihood distances:          tree/Mammalia_AKRs.mldist
  Screen log file:               tree/Mammalia_AKRs.log

Date and Time: Tue Dec 19 14:02:02 2023
